[0;32mRunning fast tests...[0m 
env PYTEST_DISABLE_PLUGIN_AUTOLOAD=1 BGBR_DISABLE_YASA=1 .venv/bin/pytest -p pytest_timeout tests -v -m "not integration and not slow and not external and not gpu" --ignore=tests/benchmarks --ignore=tests/archive
============================= test session starts ==============================
platform linux -- Python 3.12.11, pytest-8.4.1, pluggy-1.6.0 -- /mnt/c/Users/JJ/Desktop/Clarity-Digital-Twin/brain-go-brrr/.venv/bin/python3
rootdir: /mnt/c/Users/JJ/Desktop/Clarity-Digital-Twin/brain-go-brrr
configfile: pytest.ini
collecting ... collected 1317 items / 388 deselected / 929 selected

tests/quality/test_code_quality.py::TestCodeQuality::test_no_fast_test_in_production PASSED [  0%]
tests/quality/test_code_quality.py::TestCodeQuality::test_no_global_test_mode_in_classes PASSED [  0%]
tests/quality/test_code_quality.py::TestCodeQuality::test_autoreject_not_globally_disabled PASSED [  0%]
tests/quality/test_code_quality.py::TestCodeQuality::test_no_print_statements_in_src PASSED [  0%]
tests/quality/test_code_quality.py::TestCodeQuality::test_proper_type_hints_in_key_modules PASSED [  0%]
tests/smoke/test_api_contract.py::test_api_health_ready_root PASSED      [  0%]
tests/smoke/test_cli_and_version.py::test_cli_version_matches_package PASSED [  0%]
tests/smoke/test_e2e_pipeline_synthetic.py::test_e2e_on_synthetic_raw PASSED [  0%]
tests/smoke/test_e2e_pipeline_synthetic.py::test_hierarchical_pipeline_import PASSED [  0%]
tests/smoke/test_end_to_end_wiring.py::test_quality_controller_end_to_end_wiring PASSED [  1%]
tests/smoke/test_end_to_end_wiring.py::test_abnormality_detector_end_to_end_wiring PASSED [  1%]
tests/smoke/test_end_to_end_wiring.py::test_feature_extractor_end_to_end_wiring PASSED [  1%]
tests/smoke/test_end_to_end_wiring.py::test_api_to_domain_integration PASSED [  1%]
tests/smoke/test_end_to_end_wiring.py::test_api_endpoint_wiring PASSED   [  1%]
tests/smoke/test_factories_contract.py::test_factories_present_and_callable PASSED [  1%]
tests/smoke/test_imports.py::test_services_imports PASSED                [  1%]
tests/smoke/test_imports.py::test_preprocessing_imports PASSED           [  1%]
tests/smoke/test_imports.py::test_core_job_models_imports PASSED         [  1%]
tests/smoke/test_imports.py::test_cache_port_protocol PASSED             [  2%]
tests/smoke/test_imports.py::test_infra_cache_factory PASSED             [  2%]
tests/smoke/test_imports.py::test_api_still_has_job_models PASSED        [  2%]
tests/unit/api/routers/test_cache.py::TestCacheRouterClean::test_get_cache_stats_success PASSED [  2%]
tests/unit/api/routers/test_cache.py::TestCacheRouterClean::test_get_cache_stats_disconnected PASSED [  2%]
tests/unit/api/routers/test_cache.py::TestCacheRouterClean::test_get_cache_stats_connection_error PASSED [  2%]
tests/unit/api/routers/test_cache.py::TestCacheRouterClean::test_get_cache_stats_attribute_error PASSED [  2%]
tests/unit/api/routers/test_cache.py::TestCacheRouterClean::test_clear_cache_success PASSED [  2%]
tests/unit/api/routers/test_cache.py::TestCacheRouterClean::test_clear_cache_unauthorized PASSED [  2%]
tests/unit/api/routers/test_cache.py::TestCacheRouterClean::test_clear_cache_disconnected PASSED [  3%]
tests/unit/api/routers/test_cache.py::TestCacheRouterClean::test_clear_cache_connection_error PASSED [  3%]
tests/unit/api/routers/test_cache.py::TestCacheRouterClean::test_clear_cache_invalid_pattern PASSED [  3%]
tests/unit/api/routers/test_cache.py::TestCacheRouterClean::test_warmup_cache_not_implemented PASSED [  3%]
tests/unit/api/routers/test_cache.py::TestCacheRouterClean::test_warmup_cache_disconnected PASSED [  3%]
tests/unit/api/routers/test_cache.py::TestCacheRouterClean::test_cache_stats_with_no_cache PASSED [  3%]
tests/unit/api/routers/test_cache.py::TestCacheRouterClean::test_clear_cache_with_no_cache PASSED [  3%]
tests/unit/api/routers/test_cache.py::TestCacheRouterClean::test_warmup_cache_with_no_cache PASSED [  3%]
tests/unit/api/routers/test_eegpt.py::TestEEGPTRouterClean::test_get_eegpt_model_singleton_pattern PASSED [  3%]
tests/unit/api/routers/test_eegpt.py::TestEEGPTRouterClean::test_get_probe_caches_probes PASSED [  3%]
tests/unit/api/routers/test_eegpt.py::TestEEGPTRouterClean::test_analyze_with_probe_abnormality PASSED [  4%]
tests/unit/api/routers/test_eegpt.py::TestEEGPTRouterClean::test_analyze_with_probe_sleep PASSED [  4%]
tests/unit/api/routers/test_eegpt.py::TestEEGPTRouterClean::test_analyze_with_probe_invalid_file PASSED [  4%]
tests/unit/api/routers/test_eegpt.py::TestEEGPTRouterClean::test_analyze_with_probe_small_file PASSED [  4%]
tests/unit/api/routers/test_eegpt.py::TestEEGPTRouterClean::test_analyze_with_probe_edf_load_error PASSED [  4%]
tests/unit/api/routers/test_eegpt.py::TestEEGPTRouterClean::test_get_available_probes PASSED [  4%]
tests/unit/api/routers/test_eegpt.py::TestEEGPTRouterClean::test_analyze_sleep_stages PASSED [  4%]
tests/unit/api/routers/test_eegpt.py::TestEEGPTRouterClean::test_analyze_batch PASSED [  4%]
tests/unit/api/routers/test_eegpt.py::TestEEGPTRouterClean::test_analyze_batch_fallback_probe PASSED [  4%]
tests/unit/api/routers/test_eegpt_p0_green.py::TestP0GreenPhase::test_analyze_endpoint_passes_summary_false PASSED [  5%]
tests/unit/api/routers/test_eegpt_p0_green.py::TestP0GreenPhase::test_sleep_stages_endpoint_passes_summary_false PASSED [  5%]
tests/unit/api/routers/test_eegpt_p0_green.py::TestP0GreenPhase::test_analyze_batch_passes_summary_false PASSED [  5%]
tests/unit/api/routers/test_resources.py::TestResourcesRouterClean::test_get_memory_resources PASSED [  5%]
tests/unit/api/routers/test_resources.py::TestResourcesRouterClean::test_get_gpu_resources_with_gputil PASSED [  5%]
tests/unit/api/routers/test_resources.py::TestResourcesRouterClean::test_get_gpu_resources_without_gputil PASSED [  5%]
tests/unit/api/routers/test_resources.py::TestResourcesRouterClean::test_get_gpu_resources_with_error PASSED [  5%]
tests/unit/api/routers/test_resources.py::TestResourcesRouterClean::test_get_memory_high_usage PASSED [  5%]
tests/unit/api/routers/test_resources.py::TestResourcesRouterClean::test_get_gpu_multiple_gpus PASSED [  5%]
tests/unit/api/routers/test_resources.py::TestResourcesRouterClean::test_get_memory_low_memory_scenario PASSED [  6%]
tests/unit/api/routers/test_resources.py::TestResourcesRouterClean::test_get_gpu_attribute_error PASSED [  6%]
tests/unit/api/routers/test_resources_clean.py::TestResourcesRouter::test_get_memory_resources PASSED [  6%]
tests/unit/api/routers/test_resources_clean.py::TestResourcesRouter::test_get_gpu_resources_no_gputil PASSED [  6%]
tests/unit/api/routers/test_resources_clean.py::TestResourcesRouter::test_get_gpu_resources_with_gpus PASSED [  6%]
tests/unit/api/routers/test_resources_clean.py::TestResourcesRouter::test_get_gpu_resources_error PASSED [  6%]
tests/unit/api/routers/test_resources_clean.py::TestResourcesRouter::test_get_gpu_resources_empty_list PASSED [  6%]
tests/unit/api/test_app.py::TestNumpyEncoder::test_encode_numpy_integer PASSED [  6%]
tests/unit/api/test_app.py::TestNumpyEncoder::test_encode_numpy_float PASSED [  6%]
tests/unit/api/test_app.py::TestNumpyEncoder::test_encode_numpy_array PASSED [  6%]
tests/unit/api/test_app.py::TestNumpyEncoder::test_encode_regular_types_fallback PASSED [  7%]
tests/unit/api/test_app.py::TestAppFactory::test_create_app_configuration PASSED [  7%]
tests/unit/api/test_app.py::TestAppFactory::test_root_endpoint PASSED    [  7%]
tests/unit/api/test_app.py::TestAppFactory::test_health_check_endpoint PASSED [  7%]
tests/unit/api/test_app.py::TestAppFactory::test_readiness_check_endpoint PASSED [  7%]
tests/unit/api/test_app.py::TestAppFactory::test_cors_headers PASSED     [  7%]
tests/unit/api/test_app.py::TestAppFactory::test_docs_endpoint PASSED    [  7%]
tests/unit/api/test_app.py::TestAppFactory::test_openapi_json PASSED     [  7%]
tests/unit/api/test_app.py::TestAppFactory::test_404_for_unknown_endpoint PASSED [  7%]
tests/unit/api/test_app.py::TestAppFactory::test_method_not_allowed PASSED [  8%]
tests/unit/api/test_app.py::TestAppLifespan::test_app_startup_shutdown PASSED [  8%]
tests/unit/api/test_cache.py::TestRedisCacheClean::test_init_connects_to_infra_cache PASSED [  8%]
tests/unit/api/test_cache.py::TestRedisCacheClean::test_generate_cache_key_creates_deterministic_keys PASSED [  8%]
tests/unit/api/test_cache.py::TestRedisCacheClean::test_set_and_get_with_metadata PASSED [  8%]
tests/unit/api/test_cache.py::TestRedisCacheClean::test_get_nonexistent_key_returns_none PASSED [  8%]
tests/unit/api/test_cache.py::TestRedisCacheClean::test_exists_checks_key_presence PASSED [  8%]
tests/unit/api/test_cache.py::TestRedisCacheClean::test_delete_removes_key PASSED [  8%]
tests/unit/api/test_cache.py::TestRedisCacheClean::test_clear_pattern_delegates_correctly PASSED [  8%]
tests/unit/api/test_cache.py::TestRedisCacheClean::test_get_stats_returns_cache_statistics PASSED [  9%]
tests/unit/api/test_cache.py::TestRedisCacheClean::test_health_check_returns_status PASSED [  9%]
tests/unit/api/test_cache.py::TestRedisCacheClean::test_error_handling_in_get PASSED [  9%]
tests/unit/api/test_cache.py::TestRedisCacheClean::test_error_handling_in_set PASSED [  9%]
tests/unit/api/test_cache.py::TestRedisCacheClean::test_error_handling_in_exists PASSED [  9%]
tests/unit/api/test_channel_router.py::TestChannelRouter::test_route_to_yasa_with_few_channels PASSED [  9%]
tests/unit/api/test_channel_router.py::TestChannelRouter::test_route_to_eegpt_with_full_montage PASSED [  9%]
tests/unit/api/test_channel_router.py::TestChannelRouter::test_force_yasa_with_full_montage PASSED [  9%]
tests/unit/api/test_channel_router.py::TestChannelRouter::test_force_eegpt_fails_with_few_channels PASSED [  9%]
tests/unit/api/test_channel_router.py::TestChannelRouter::test_single_channel_works_with_yasa PASSED [ 10%]
tests/unit/api/test_channel_router.py::TestChannelRouter::test_central_channel_detection PASSED [ 10%]
tests/unit/api/test_channel_router.py::TestChannelRouter::test_validate_for_sleep_analysis PASSED [ 10%]
tests/unit/api/test_channel_router.py::TestChannelRouter::test_get_method_info PASSED [ 10%]
tests/unit/api/test_dependencies.py::TestAPIDependencies::test_get_cache_returns_none_when_not_initialized PASSED [ 10%]
tests/unit/api/test_dependencies.py::TestAPIDependencies::test_get_cache_returns_cache_when_initialized PASSED [ 10%]
tests/unit/api/test_dependencies.py::TestAPIDependencies::test_get_job_store_returns_dict PASSED [ 10%]
tests/unit/api/test_dependencies.py::TestAPIDependencies::test_get_job_store_returns_empty_dict_by_default PASSED [ 10%]
tests/unit/api/test_dependencies.py::TestAPIDependencies::test_module_level_globals_exist PASSED [ 10%]
tests/unit/api/test_legitimate_api.py::TestAPISchemas::test_analysis_request_validation PASSED [ 10%]
tests/unit/api/test_legitimate_api.py::TestAPISchemas::test_qc_response_schema PASSED [ 11%]
tests/unit/api/test_legitimate_api.py::TestAPISchemas::test_sleep_analysis_response PASSED [ 11%]
tests/unit/api/test_legitimate_api.py::TestAPIDependencies::test_get_cache PASSED [ 11%]
tests/unit/api/test_legitimate_api.py::TestAPIDependencies::test_get_job_store PASSED [ 11%]
tests/unit/api/test_legitimate_api.py::TestAPIModels::test_job_model PASSED [ 11%]
tests/unit/api/test_legitimate_api.py::TestAPICache::test_redis_cache_import PASSED [ 11%]
tests/unit/api/test_legitimate_api.py::TestAPISettings::test_settings_import PASSED [ 11%]
tests/unit/api/test_legitimate_api.py::TestAPIExceptionHandlers::test_http_exception_creation PASSED [ 11%]
tests/unit/api/test_legitimate_api.py::TestAPIExceptionHandlers::test_validation_error_handling PASSED [ 11%]
tests/unit/api/test_models.py::TestJobModel::test_job_creation_with_required_fields PASSED [ 12%]
tests/unit/api/test_models.py::TestJobModel::test_job_creation_with_all_fields PASSED [ 12%]
tests/unit/api/test_models.py::TestJobModel::test_job_validation_empty_job_id PASSED [ 12%]
tests/unit/api/test_models.py::TestJobModel::test_job_validation_empty_analysis_type PASSED [ 12%]
tests/unit/api/test_models.py::TestJobModel::test_job_validation_invalid_progress PASSED [ 12%]
tests/unit/api/test_models.py::TestJobModel::test_job_to_dict PASSED     [ 12%]
tests/unit/api/test_models.py::TestJobModel::test_job_from_dict PASSED   [ 12%]
tests/unit/api/test_models.py::TestJobModel::test_job_immutability PASSED [ 12%]
tests/unit/api/test_models.py::TestJobModel::test_job_roundtrip_serialization PASSED [ 12%]
tests/unit/api/test_p0_regression_guard.py::TestP0RegressionGuard::test_all_extract_features_to_probes_use_summary_false PASSED [ 13%]
tests/unit/api/test_p0_regression_guard.py::TestP0RegressionGuard::test_all_probe_paths_use_adapter_or_proper_flatten PASSED [ 13%]
tests/unit/api/test_p0_regression_guard.py::TestP0RegressionGuard::test_probe_adapter_exists_at_correct_location PASSED [ 13%]
tests/unit/api/test_p0_regression_guard.py::TestP0RegressionGuard::test_no_probe_receives_512_dimensions PASSED [ 13%]
tests/unit/api/test_routes.py::TestAPIRoutes::test_api_routes_instance_exists PASSED [ 13%]
tests/unit/api/test_routes.py::TestAPIRoutes::test_api_v1_prefix PASSED  [ 13%]
tests/unit/api/test_routes.py::TestAPIRoutes::test_health_endpoints PASSED [ 13%]
tests/unit/api/test_routes.py::TestAPIRoutes::test_job_management_endpoints PASSED [ 13%]
tests/unit/api/test_routes.py::TestAPIRoutes::test_eeg_analysis_endpoints PASSED [ 13%]
tests/unit/api/test_routes.py::TestAPIRoutes::test_queue_endpoints PASSED [ 13%]
tests/unit/api/test_routes.py::TestAPIRoutes::test_cache_endpoints PASSED [ 14%]
tests/unit/api/test_routes.py::TestAPIRoutes::test_documentation_endpoints PASSED [ 14%]
tests/unit/api/test_routes.py::TestAPIRoutes::test_routes_immutability PASSED [ 14%]
tests/unit/api/test_routes.py::TestAPIRoutes::test_job_status_route_formatting PASSED [ 14%]
tests/unit/api/test_routes.py::TestAPIRoutes::test_all_routes_start_correctly PASSED [ 14%]
tests/unit/api/test_routes.py::TestAPIRoutes::test_create_new_routes_instance PASSED [ 14%]
tests/unit/api/test_schemas.py::TestJobSchemas::test_job_data_complete PASSED [ 14%]
tests/unit/api/test_schemas.py::TestJobSchemas::test_job_status_transitions PASSED [ 14%]
tests/unit/api/test_schemas.py::TestJobSchemas::test_job_priority_levels PASSED [ 14%]
tests/unit/api/test_schemas.py::TestAnalysisResponses::test_sleep_analysis_response PASSED [ 15%]
tests/unit/api/test_schemas.py::TestAnalysisResponses::test_qc_response PASSED [ 15%]
tests/unit/api/test_schemas.py::TestAnalysisResponses::test_analysis_request PASSED [ 15%]
tests/unit/api/test_schemas.py::TestAnalysisResponses::test_job_create_request PASSED [ 15%]
tests/unit/application/config/test_config.py::TestConfig::test_default_config_creation PASSED [ 15%]
tests/unit/application/config/test_config.py::TestConfig::test_model_config_defaults PASSED [ 15%]
tests/unit/application/config/test_config.py::TestConfig::test_training_config_defaults PASSED [ 15%]
tests/unit/application/config/test_config.py::TestConfig::test_config_with_custom_values PASSED [ 15%]
tests/unit/application/config/test_config.py::TestConfig::test_directory_creation PASSED [ 15%]
tests/unit/application/config/test_config.py::TestConfig::test_model_config_invalid_window_duration PASSED [ 16%]
tests/unit/application/config/test_config.py::TestConfig::test_model_config_missing_model_path PASSED [ 16%]
tests/unit/application/config/test_defaults.py::TestConfigSimple::test_config_project_root PASSED [ 16%]
tests/unit/application/config/test_defaults.py::TestConfigSimple::test_model_config_window_samples PASSED [ 16%]
tests/unit/application/config/test_defaults.py::TestConfigSimple::test_training_config_defaults PASSED [ 16%]
tests/unit/application/config/test_defaults.py::TestConfigSimple::test_data_config_defaults PASSED [ 16%]
tests/unit/application/config/test_defaults.py::TestExceptionsSimple::test_brain_go_brrr_error PASSED [ 16%]
tests/unit/application/config/test_defaults.py::TestExceptionsSimple::test_configuration_error_hierarchy PASSED [ 16%]
tests/unit/application/config/test_defaults.py::TestExceptionsSimple::test_model_error_hierarchy PASSED [ 16%]
tests/unit/application/config/test_defaults.py::TestExceptionsSimple::test_processing_error_hierarchy PASSED [ 17%]
tests/unit/application/config/test_defaults.py::TestExceptionsSimple::test_edf_load_error_hierarchy PASSED [ 17%]
tests/unit/application/config/test_defaults.py::TestTimeUtils::test_utc_now PASSED [ 17%]
tests/unit/application/config/test_defaults.py::TestTimeUtils::test_format_timestamp PASSED [ 17%]
tests/unit/application/config/test_defaults.py::TestTimeUtils::test_timestamp_for_logging PASSED [ 17%]
tests/unit/application/jobs/test_serialization.py::TestJobDataSerialization::test_jobdata_to_dict PASSED [ 17%]
tests/unit/application/jobs/test_serialization.py::TestJobDataSerialization::test_jobdata_from_dict PASSED [ 17%]
tests/unit/application/jobs/test_serialization.py::TestJobDataSerialization::test_jobdata_roundtrip PASSED [ 17%]
tests/unit/application/jobs/test_serialization.py::TestJobDataSerialization::test_cache_layer_handles_jobdata PASSED [ 17%]
tests/unit/application/jobs/test_store_behavior.py::TestJobStoreBasicOperations::test_create_and_get_job PASSED [ 17%]
tests/unit/application/jobs/test_store_behavior.py::TestJobStoreBasicOperations::test_create_duplicate_raises PASSED [ 18%]
tests/unit/application/jobs/test_store_behavior.py::TestJobStoreBasicOperations::test_get_nonexistent_returns_none PASSED [ 18%]
tests/unit/application/jobs/test_store_behavior.py::TestJobStoreBasicOperations::test_update_job_fields PASSED [ 18%]
tests/unit/application/jobs/test_store_behavior.py::TestJobStoreBasicOperations::test_update_nonexistent_returns_false PASSED [ 18%]
tests/unit/application/jobs/test_store_behavior.py::TestJobStoreBasicOperations::test_patch_specific_fields PASSED [ 18%]
tests/unit/application/jobs/test_store_behavior.py::TestJobStoreBasicOperations::test_patch_invalid_field_raises PASSED [ 18%]
tests/unit/application/jobs/test_store_behavior.py::TestJobStoreBasicOperations::test_patch_nonexistent_job_returns_false PASSED [ 18%]
tests/unit/application/jobs/test_store_behavior.py::TestJobStoreThreadSafety::test_concurrent_creates_different_jobs PASSED [ 18%]
tests/unit/application/jobs/test_store_behavior.py::TestJobStoreThreadSafety::test_concurrent_creates_same_job PASSED [ 18%]
tests/unit/application/jobs/test_store_behavior.py::TestJobStoreThreadSafety::test_concurrent_updates PASSED [ 19%]
tests/unit/application/jobs/test_store_behavior.py::TestJobStoreThreadSafety::test_concurrent_read_while_updating PASSED [ 19%]
tests/unit/application/jobs/test_store_behavior.py::TestJobStoreThreadSafety::test_delete_job PASSED [ 19%]
tests/unit/application/jobs/test_store_behavior.py::TestJobStoreThreadSafety::test_list_jobs PASSED [ 19%]
tests/unit/application/jobs/test_store_behavior.py::TestJobStoreThreadSafety::test_list_jobs_by_status PASSED [ 19%]
tests/unit/application/jobs/test_store_behavior.py::TestJobStoreThreadSafety::test_update_with_datetime PASSED [ 19%]
tests/unit/application/pipeline/test_orchestration.py::TestTriageMapping::test_get_triage_level PASSED [ 19%]
tests/unit/application/pipeline/test_orchestration.py::TestPredictAbnormality::test_predict_without_probe_abnormal PASSED [ 19%]
tests/unit/application/pipeline/test_orchestration.py::TestPredictAbnormality::test_predict_without_probe_normal PASSED [ 19%]
tests/unit/application/pipeline/test_orchestration.py::TestPredictAbnormality::test_predict_with_model_path_calls_factory PASSED [ 20%]
tests/unit/application/pipeline/test_orchestration.py::TestPredictAbnormality::test_missing_probe_path_is_ignored PASSED [ 20%]
tests/unit/application/test_abnormality_probe_checkpoint_loading.py::test_load_head_checkpoint_supports_both_formats PASSED [ 20%]
tests/unit/application/test_abnormality_probe_checkpoint_loading.py::test_migration_roundtrip_parity PASSED [ 20%]
tests/unit/application/test_async_base.py::TestAsyncCapable::test_launch_from_sync_context PASSED [ 20%]
tests/unit/application/test_async_base.py::TestAsyncCapable::test_launch_async_from_async_context PASSED [ 20%]
tests/unit/application/test_async_base.py::TestAsyncCapable::test_launch_from_async_context_raises PASSED [ 20%]
tests/unit/application/test_async_base.py::TestAsyncCapable::test_multiple_sync_launches PASSED [ 20%]
tests/unit/application/test_async_base.py::TestAsyncAnalyzer::test_supports_default_implementation PASSED [ 20%]
tests/unit/application/test_async_base.py::TestAsyncAnalyzer::test_supports_custom_implementation PASSED [ 20%]
tests/unit/application/test_async_base.py::TestAsyncAnalyzer::test_analyze_sync_method PASSED [ 21%]
tests/unit/application/test_async_base.py::TestAsyncAnalyzer::test_analyze_async_method PASSED [ 21%]
tests/unit/application/test_async_base.py::TestAsyncAnalyzer::test_analyzer_inheritance_chain PASSED [ 21%]
tests/unit/application/test_async_base.py::TestAsyncCapableEdgeCases::test_abstract_class_cannot_instantiate PASSED [ 21%]
tests/unit/application/test_async_base.py::TestAsyncCapableEdgeCases::test_abstract_analyzer_cannot_instantiate PASSED [ 21%]
tests/unit/application/test_async_base.py::TestAsyncCapableEdgeCases::test_concurrent_async_executions PASSED [ 21%]
tests/unit/application/test_async_base.py::TestAsyncCapableEdgeCases::test_exception_propagation_sync PASSED [ 21%]
tests/unit/application/test_async_base.py::TestAsyncCapableEdgeCases::test_exception_propagation_async PASSED [ 21%]
tests/unit/application/test_threadsafe_job_store.py::TestThreadSafeJobStore::test_create_get_update_patch_delete PASSED [ 21%]
tests/unit/application/test_threadsafe_job_store.py::TestThreadSafeJobStore::test_list_and_counts_and_cleanup PASSED [ 22%]
tests/unit/application/test_threadsafe_job_store.py::TestThreadSafeJobStore::test_global_store_singleton_like PASSED [ 22%]
tests/unit/cli/test_cli.py::TestCLI::test_version_command PASSED         [ 22%]
tests/unit/cli/test_cli.py::TestCLI::test_help_command PASSED            [ 22%]
tests/unit/cli/test_cli.py::TestCLI::test_train_command_help PASSED      [ 22%]
tests/unit/cli/test_cli.py::TestCLI::test_preprocess_command_help PASSED [ 22%]
tests/unit/cli/test_cli.py::TestCLI::test_evaluate_command_help PASSED   [ 22%]
tests/unit/cli/test_cli.py::TestCLI::test_serve_command_help PASSED      [ 22%]
tests/unit/cli/test_cli.py::TestCLI::test_stream_command_help PASSED     [ 22%]
tests/unit/cli/test_cli.py::TestCLI::test_train_command_without_args PASSED [ 23%]
tests/unit/cli/test_cli.py::TestCLI::test_train_command_with_debug PASSED [ 23%]
tests/unit/cli/test_cli.py::TestCLI::test_preprocess_command_with_args PASSED [ 23%]
tests/unit/cli/test_cli.py::TestCLI::test_evaluate_command_with_args PASSED [ 23%]
tests/unit/cli/test_cli.py::TestCLI::test_serve_command_without_args PASSED [ 23%]
tests/unit/cli/test_cli.py::TestCLI::test_version_command_shows_version PASSED [ 23%]
tests/unit/cli/test_commands.py::TestCLICommands::test_cli_help PASSED   [ 23%]
tests/unit/cli/test_commands.py::TestCLICommands::test_train_help PASSED [ 23%]
tests/unit/cli/test_commands.py::TestCLICommands::test_preprocess_help PASSED [ 23%]
tests/unit/cli/test_commands.py::TestCLICommands::test_evaluate_help PASSED [ 24%]
tests/unit/cli/test_commands.py::TestCLICommands::test_serve_help PASSED [ 24%]
tests/unit/cli/test_commands.py::TestCLICommands::test_invalid_command PASSED [ 24%]
tests/unit/cli/test_commands.py::TestCLICommands::test_version_flag PASSED [ 24%]
tests/unit/data/test_edf_loader_unit.py::test_validate_edf_path_errors SKIPPED [ 24%]
tests/unit/data/test_edf_loader_unit.py::test_load_edf_safe_translates_errors SKIPPED [ 24%]
tests/unit/data/test_edf_streaming_edges.py::test_stream_chunks_beyond_eof_errors SKIPPED [ 24%]
tests/unit/data/test_edf_streaming_edges.py::test_stream_chunks_handles_final_partial_chunk SKIPPED [ 24%]
tests/unit/data/test_edf_streaming_edges.py::test_stream_chunks_exact_boundary SKIPPED [ 24%]
tests/unit/domain/abnormal/test_accuracy.py::TestModelBenchmarks::test_compare_to_baseline_models PASSED [ 24%]
tests/unit/domain/abnormal/test_enhanced.py::TestEnhancedAbnormalityDetection::test_probe_initialization PASSED [ 25%]
tests/unit/domain/abnormal/test_enhanced.py::TestEnhancedAbnormalityDetection::test_hparams_typing PASSED [ 25%]
tests/unit/domain/abnormal/test_enhanced.py::TestEnhancedAbnormalityDetection::test_freeze_backbone_setting PASSED [ 25%]
tests/unit/domain/abnormal/test_enhanced.py::TestEnhancedAbnormalityDetection::test_forward_pass PASSED [ 25%]
tests/unit/domain/abnormal/test_enhanced.py::TestEnhancedAbnormalityDetection::test_training_step PASSED [ 25%]
tests/unit/domain/abnormal/test_enhanced.py::TestEnhancedAbnormalityDetection::test_validation_step PASSED [ 25%]
tests/unit/domain/abnormal/test_enhanced.py::TestEnhancedAbnormalityDetection::test_configure_optimizers PASSED [ 25%]
tests/unit/domain/abnormal/test_enhanced.py::TestEnhancedAbnormalityDetection::test_scheduler_types PASSED [ 25%]
tests/unit/domain/abnormal/test_enhanced.py::TestEnhancedAbnormalityDetection::test_layer_decay_configuration PASSED [ 25%]
tests/unit/domain/abnormal/test_enhanced.py::TestEnhancedAbnormalityDetection::test_warmup_configuration PASSED [ 26%]
tests/unit/domain/abnormal/test_enhanced.py::TestEnhancedAbnormalityDetection::test_metrics_computation PASSED [ 26%]
tests/unit/domain/abnormal/test_preprocessor.py::TestEEGPreprocessor::test_preprocessor_initialization PASSED [ 26%]
tests/unit/domain/abnormal/test_preprocessor.py::TestEEGPreprocessor::test_highpass_filter PASSED [ 26%]
tests/unit/domain/abnormal/test_preprocessor.py::TestEEGPreprocessor::test_lowpass_filter PASSED [ 26%]
tests/unit/domain/abnormal/test_preprocessor.py::TestEEGPreprocessor::test_notch_filter PASSED [ 26%]
tests/unit/domain/abnormal/test_preprocessor.py::TestEEGPreprocessor::test_resampling_to_128hz PASSED [ 26%]
tests/unit/domain/abnormal/test_preprocessor.py::TestEEGPreprocessor::test_channel_subset_selection PASSED [ 26%]
tests/unit/domain/abnormal/test_preprocessor.py::TestEEGPreprocessor::test_average_referencing PASSED [ 26%]
tests/unit/domain/abnormal/test_preprocessor.py::TestEEGPreprocessor::test_full_preprocessing_pipeline PASSED [ 27%]
tests/unit/domain/abnormal/test_preprocessor.py::TestEEGPreprocessor::test_preprocessing_handles_different_montages PASSED [ 27%]
tests/unit/domain/abnormal/test_preprocessor.py::TestEEGPreprocessor::test_preprocessing_performance PASSED [ 27%]
tests/unit/domain/abnormal/test_preprocessor.py::TestEEGPreprocessor::test_notch_filter_frequencies[50] PASSED [ 27%]
tests/unit/domain/abnormal/test_preprocessor.py::TestEEGPreprocessor::test_notch_filter_frequencies[60] PASSED [ 27%]
tests/unit/domain/abnormal/test_preprocessor.py::TestBioSerenityE1Compliance::test_exact_filter_specifications PASSED [ 27%]
tests/unit/domain/abnormal/test_preprocessor.py::TestBioSerenityE1Compliance::test_window_size_for_128hz PASSED [ 27%]
tests/unit/domain/ports/test_behavior.py::TestEEGPreprocessorPort::test_preprocessor_implements_protocol PASSED [ 27%]
tests/unit/domain/ports/test_behavior.py::TestEEGPreprocessorPort::test_transform_normalizes_data PASSED [ 27%]
tests/unit/domain/ports/test_behavior.py::TestEEGPreprocessorPort::test_transform_handles_different_sizes PASSED [ 27%]
tests/unit/domain/ports/test_behavior.py::TestAbnormalityHeadPort::test_head_implements_protocol PASSED [ 28%]
tests/unit/domain/ports/test_behavior.py::TestAbnormalityHeadPort::test_predict_proba_returns_probability PASSED [ 28%]
tests/unit/domain/ports/test_behavior.py::TestAbnormalityHeadPort::test_threshold_affects_predictions PASSED [ 28%]
tests/unit/domain/ports/test_behavior.py::TestFeatureExtractorPort::test_extractor_implements_protocol PASSED [ 28%]
tests/unit/domain/ports/test_behavior.py::TestFeatureExtractorPort::test_extract_returns_features PASSED [ 28%]
tests/unit/domain/ports/test_behavior.py::TestFeatureExtractorPort::test_extract_consistent_features PASSED [ 28%]
tests/unit/domain/ports/test_behavior.py::TestLoggerPort::test_logger_implements_protocol PASSED [ 28%]
tests/unit/domain/ports/test_behavior.py::TestLoggerPort::test_logger_methods_capture_messages PASSED [ 28%]
tests/unit/domain/ports/test_behavior.py::TestLoggerPort::test_logger_clear_functionality PASSED [ 28%]
tests/unit/domain/ports/test_behavior.py::TestMneRawProtocol::test_mock_implements_protocol PASSED [ 29%]
tests/unit/domain/ports/test_behavior.py::TestMneRawProtocol::test_raw_properties PASSED [ 29%]
tests/unit/domain/ports/test_behavior.py::TestMneRawProtocol::test_raw_get_data PASSED [ 29%]
tests/unit/domain/ports/test_behavior.py::TestMneRawProtocol::test_raw_copy PASSED [ 29%]
tests/unit/domain/ports/test_behavior.py::TestProtocolComposition::test_pipeline_composition PASSED [ 29%]
tests/unit/domain/preprocessing/test_core.py::TestBandpassFilter::test_bandpass_respects_nyquist PASSED [ 29%]
tests/unit/domain/preprocessing/test_core.py::TestBandpassFilter::test_bandpass_invalid_frequencies PASSED [ 29%]
tests/unit/domain/preprocessing/test_core.py::TestNormalizer::test_zscore_normalization PASSED [ 29%]
tests/unit/domain/preprocessing/test_core.py::TestNormalizer::test_minmax_normalization PASSED [ 29%]
tests/unit/domain/preprocessing/test_core.py::TestResampler::test_resample_preserves_duration PASSED [ 30%]
tests/unit/domain/preprocessing/test_core.py::TestResampler::test_no_resample_when_same_freq PASSED [ 30%]
tests/unit/domain/preprocessing/test_core.py::TestNotchFilter::test_notch_filter_50hz PASSED [ 30%]
tests/unit/domain/preprocessing/test_core.py::TestNotchFilter::test_notch_filter_harmonics PASSED [ 30%]
tests/unit/domain/preprocessing/test_core.py::TestPreprocessingPipeline::test_pipeline_execution_order PASSED [ 30%]
tests/unit/domain/preprocessing/test_core.py::TestPreprocessingPipeline::test_empty_pipeline PASSED [ 30%]
tests/unit/domain/preprocessing/test_flexible.py::TestFlexibleEEGPreprocessor::test_preprocessor_initialization PASSED [ 30%]
tests/unit/domain/preprocessing/test_flexible.py::TestFlexibleEEGPreprocessor::test_preprocess_sleep_edf_without_positions PASSED [ 30%]
tests/unit/domain/preprocessing/test_flexible.py::TestFlexibleEEGPreprocessor::test_preprocess_tuh_with_positions PASSED [ 30%]
tests/unit/domain/preprocessing/test_flexible.py::TestFlexibleEEGPreprocessor::test_channel_name_mapping PASSED [ 31%]
tests/unit/domain/preprocessing/test_flexible.py::TestFlexibleEEGPreprocessor::test_smart_channel_selection PASSED [ 31%]
tests/unit/domain/preprocessing/test_flexible.py::TestFlexibleEEGPreprocessor::test_fallback_artifact_rejection PASSED [ 31%]
tests/unit/domain/preprocessing/test_flexible.py::TestFlexibleEEGPreprocessor::test_resampling_handling PASSED [ 31%]
tests/unit/domain/preprocessing/test_flexible.py::TestFlexibleEEGPreprocessor::test_preprocessing_modes PASSED [ 31%]
tests/unit/domain/preprocessing/test_flexible.py::TestFlexibleEEGPreprocessor::test_preprocessing_pipeline_order PASSED [ 31%]
tests/unit/domain/preprocessing/test_flexible.py::TestFlexibleEEGPreprocessor::test_error_handling PASSED [ 31%]
tests/unit/domain/preprocessing/test_nan_policy.py::TestValidateNoNaN::test_validate_clean_numpy_array PASSED [ 31%]
tests/unit/domain/preprocessing/test_nan_policy.py::TestValidateNoNaN::test_validate_clean_torch_tensor PASSED [ 31%]
tests/unit/domain/preprocessing/test_nan_policy.py::TestValidateNoNaN::test_validate_raises_on_nan_numpy PASSED [ 31%]
tests/unit/domain/preprocessing/test_nan_policy.py::TestValidateNoNaN::test_validate_raises_on_inf_numpy PASSED [ 32%]
tests/unit/domain/preprocessing/test_nan_policy.py::TestValidateNoNaN::test_validate_raises_on_nan_torch PASSED [ 32%]
tests/unit/domain/preprocessing/test_nan_policy.py::TestValidateNoNaN::test_validate_raises_on_inf_torch PASSED [ 32%]
tests/unit/domain/preprocessing/test_nan_policy.py::TestValidateNoNaN::test_validate_unsupported_type PASSED [ 32%]
tests/unit/domain/preprocessing/test_nan_policy.py::TestValidateNoNaN::test_validate_negative_inf PASSED [ 32%]
tests/unit/domain/preprocessing/test_nan_policy.py::TestSanitizeData::test_sanitize_zero_method_numpy PASSED [ 32%]
tests/unit/domain/preprocessing/test_nan_policy.py::TestSanitizeData::test_sanitize_zero_method_torch PASSED [ 32%]
tests/unit/domain/preprocessing/test_nan_policy.py::TestSanitizeData::test_sanitize_median_method_1d PASSED [ 32%]
tests/unit/domain/preprocessing/test_nan_policy.py::TestSanitizeData::test_sanitize_median_method_2d PASSED [ 32%]
tests/unit/domain/preprocessing/test_nan_policy.py::TestSanitizeData::test_sanitize_mean_method_1d PASSED [ 33%]
tests/unit/domain/preprocessing/test_nan_policy.py::TestSanitizeData::test_sanitize_mean_method_2d PASSED [ 33%]
tests/unit/domain/preprocessing/test_nan_policy.py::TestSanitizeData::test_sanitize_invalid_method PASSED [ 33%]
tests/unit/domain/preprocessing/test_nan_policy.py::TestSanitizeData::test_sanitize_unsupported_type PASSED [ 33%]
tests/unit/domain/preprocessing/test_nan_policy.py::TestSanitizeData::test_sanitize_all_nan_channel PASSED [ 33%]
tests/unit/domain/preprocessing/test_nan_policy.py::TestSanitizeData::test_sanitize_preserves_device PASSED [ 33%]
tests/unit/domain/preprocessing/test_nan_policy.py::TestSanitizeData::test_sanitize_preserves_dtype PASSED [ 33%]
tests/unit/domain/preprocessing/test_nan_policy.py::TestEdgeCases::test_empty_array PASSED [ 33%]
tests/unit/domain/preprocessing/test_nan_policy.py::TestEdgeCases::test_single_value_arrays PASSED [ 33%]
tests/unit/domain/preprocessing/test_nan_policy.py::TestEdgeCases::test_mixed_positive_negative_inf PASSED [ 34%]
tests/unit/domain/preprocessing/test_nan_policy.py::TestEdgeCases::test_large_arrays PASSED [ 34%]
tests/unit/domain/preprocessing/test_pipeline.py::TestBandpassFilter::test_bandpass_filter_initialization PASSED [ 34%]
tests/unit/domain/preprocessing/test_pipeline.py::TestBandpassFilter::test_bandpass_filter_removes_dc_offset PASSED [ 34%]
tests/unit/domain/preprocessing/test_pipeline.py::TestBandpassFilter::test_bandpass_filter_removes_high_frequencies PASSED [ 34%]
tests/unit/domain/preprocessing/test_pipeline.py::TestBandpassFilter::test_bandpass_filter_multichannel PASSED [ 34%]
tests/unit/domain/preprocessing/test_pipeline.py::TestNotchFilter::test_notch_filter_initialization PASSED [ 34%]
tests/unit/domain/preprocessing/test_pipeline.py::TestNotchFilter::test_notch_filter_removes_target_frequency PASSED [ 34%]
tests/unit/domain/preprocessing/test_pipeline.py::TestNotchFilter::test_notch_filter_preserves_nearby_frequencies PASSED [ 34%]
tests/unit/domain/preprocessing/test_pipeline.py::TestNormalizer::test_zscore_normalization_single_channel PASSED [ 34%]
tests/unit/domain/preprocessing/test_pipeline.py::TestNormalizer::test_zscore_normalization_multichannel PASSED [ 35%]
tests/unit/domain/preprocessing/test_pipeline.py::TestNormalizer::test_robust_normalization_with_outliers PASSED [ 35%]
tests/unit/domain/preprocessing/test_pipeline.py::TestResampler::test_downsampling_preserves_signal_content PASSED [ 35%]
tests/unit/domain/preprocessing/test_pipeline.py::TestResampler::test_upsampling_interpolates_smoothly PASSED [ 35%]
tests/unit/domain/preprocessing/test_pipeline.py::TestResampler::test_resampling_multichannel PASSED [ 35%]
tests/unit/domain/preprocessing/test_pipeline.py::TestPreprocessingPipeline::test_pipeline_configuration PASSED [ 35%]
tests/unit/domain/preprocessing/test_pipeline.py::TestPreprocessingPipeline::test_pipeline_end_to_end PASSED [ 35%]
tests/unit/domain/preprocessing/test_pipeline.py::TestPreprocessingPipeline::test_pipeline_with_nan_handling PASSED [ 35%]
tests/unit/domain/preprocessing/test_pipeline.py::TestPreprocessingPipeline::test_pipeline_optional_components PASSED [ 35%]
tests/unit/domain/preprocessing/test_pipeline.py::TestPreprocessingIntegration::test_tuab_preprocessing_spec PASSED [ 36%]
tests/unit/domain/preprocessing/test_pipeline.py::TestPreprocessingIntegration::test_memory_efficiency PASSED [ 36%]
tests/unit/domain/preprocessing/test_window_extractor.py::TestWindowExtractor::test_extracts_correct_window_size PASSED [ 36%]
tests/unit/domain/preprocessing/test_window_extractor.py::TestWindowExtractor::test_calculates_correct_number_of_windows PASSED [ 36%]
tests/unit/domain/preprocessing/test_window_extractor.py::TestWindowExtractor::test_handles_50_percent_overlap PASSED [ 36%]
tests/unit/domain/preprocessing/test_window_extractor.py::TestWindowExtractor::test_returns_empty_for_insufficient_data PASSED [ 36%]
tests/unit/domain/preprocessing/test_window_extractor.py::TestWindowExtractor::test_preserves_channel_order PASSED [ 36%]
tests/unit/domain/preprocessing/test_window_extractor.py::TestWindowExtractor::test_handles_different_sampling_rates PASSED [ 36%]
tests/unit/domain/preprocessing/test_window_extractor.py::TestWindowExtractor::test_get_window_timestamps PASSED [ 36%]
tests/unit/domain/preprocessing/test_window_extractor.py::TestWindowValidator::test_validates_window_shape PASSED [ 37%]
tests/unit/domain/preprocessing/test_window_extractor.py::TestWindowValidator::test_detects_corrupted_windows PASSED [ 37%]
tests/unit/domain/preprocessing/test_window_extractor.py::TestBatchWindowExtractor::test_extracts_windows_from_multiple_recordings PASSED [ 37%]
tests/unit/domain/preprocessing/test_window_extractor_edges.py::TestWindowExtractorEdgeCases::test_windows_count_with_overlap[0.0-2] PASSED [ 37%]
tests/unit/domain/preprocessing/test_window_extractor_edges.py::TestWindowExtractorEdgeCases::test_windows_count_with_overlap[2.0-4] PASSED [ 37%]
tests/unit/domain/preprocessing/test_window_extractor_edges.py::TestWindowExtractorEdgeCases::test_zero_stride_raises_error PASSED [ 37%]
tests/unit/domain/preprocessing/test_window_extractor_edges.py::TestWindowExtractorEdgeCases::test_negative_stride_windows PASSED [ 37%]
tests/unit/domain/preprocessing/test_window_extractor_edges.py::TestWindowExtractorEdgeCases::test_short_data_returns_empty PASSED [ 37%]
tests/unit/domain/preprocessing/test_window_extractor_edges.py::TestWindowExtractorEdgeCases::test_exact_window_size PASSED [ 37%]
tests/unit/domain/preprocessing/test_window_extractor_edges.py::TestLinearProbeHeadErrors::test_linear_probe_wrong_input_dim PASSED [ 37%]
tests/unit/domain/preprocessing/test_window_extractor_edges.py::TestLinearProbeHeadErrors::test_linear_probe_3d_input_error PASSED [ 38%]
tests/unit/domain/preprocessing/test_window_extractor_edges.py::TestLinearProbeHeadErrors::test_linear_probe_empty_batch PASSED [ 38%]
tests/unit/domain/preprocessing/test_window_extractor_edges.py::TestTimeUtilities::test_time_utils_format PASSED [ 38%]
tests/unit/domain/preprocessing/test_window_extractor_edges.py::TestTimeUtilities::test_utc_now_is_utc PASSED [ 38%]
tests/unit/domain/preprocessing/test_window_extractor_edges.py::TestTimeUtilities::test_format_timestamp_consistency PASSED [ 38%]
tests/unit/domain/preprocessing/test_window_extractor_edges.py::TestSerializationFallback::test_serialize_unknown_type_raises PASSED [ 38%]
tests/unit/domain/preprocessing/test_window_extractor_edges.py::TestSerializationFallback::test_serialize_numpy_array_raises PASSED [ 38%]
tests/unit/domain/preprocessing/test_window_extractor_edges.py::TestSerializationFallback::test_serialize_circular_reference PASSED [ 38%]
tests/unit/domain/preprocessing/test_window_extractor_edges.py::TestEDFValidatorEdgeCases::test_edf_validator_rejects_short_header PASSED [ 38%]
tests/unit/domain/preprocessing/test_window_extractor_edges.py::TestEDFValidatorEdgeCases::test_edf_validator_empty_file PASSED [ 39%]
tests/unit/domain/preprocessing/test_window_extractor_edges.py::TestEDFValidatorEdgeCases::test_edf_validator_nonexistent_file PASSED [ 39%]
tests/unit/domain/preprocessing/test_window_extractor_edges.py::TestEDFValidatorEdgeCases::test_edf_validator_directory_input PASSED [ 39%]
tests/unit/domain/preprocessing/test_window_tail.py::test_tail_handling_doesnt_produce_partial_frames PASSED [ 39%]
tests/unit/domain/preprocessing/test_window_tail.py::test_zero_stride_raises_error PASSED [ 39%]
tests/unit/domain/preprocessing/test_window_tail.py::test_negative_stride_handling PASSED [ 39%]
tests/unit/domain/preprocessing/test_window_tail.py::test_exact_multiple_windows PASSED [ 39%]
tests/unit/domain/preprocessing/test_window_tail.py::test_one_sample_short_of_window PASSED [ 39%]
tests/unit/domain/preprocessing/test_window_tail.py::test_overlap_creates_many_windows PASSED [ 39%]
tests/unit/domain/preprocessing/test_window_tail.py::test_no_overlap_sequential_windows PASSED [ 40%]
tests/unit/domain/preprocessing/test_window_tail.py::test_high_sample_rate PASSED [ 40%]
tests/unit/domain/preprocessing/test_window_tail.py::test_low_sample_rate PASSED [ 40%]
tests/unit/domain/preprocessing/test_window_tail.py::test_single_channel PASSED [ 40%]
tests/unit/domain/preprocessing/test_window_tail.py::test_many_channels PASSED [ 40%]
tests/unit/domain/preprocessing/test_window_tail.py::test_fractional_window_samples PASSED [ 40%]
tests/unit/domain/preprocessing/test_window_tail.py::test_data_shorter_than_window PASSED [ 40%]
tests/unit/domain/preprocessing/test_window_tail.py::test_data_exactly_window_size PASSED [ 40%]
tests/unit/domain/preprocessing/test_window_tail.py::test_window_extraction_preserves_dtype PASSED [ 40%]
tests/unit/domain/quality/test_controller.py::TestEEGQualityControllerClean::test_init_controller PASSED [ 41%]
tests/unit/domain/quality/test_controller.py::TestEEGQualityControllerClean::test_init_with_eegpt_path PASSED [ 41%]
tests/unit/domain/quality/test_controller.py::TestEEGQualityControllerClean::test_detect_bad_channels PASSED [ 41%]
tests/unit/domain/quality/test_controller.py::TestEEGQualityControllerClean::test_preprocess_raw PASSED [ 41%]
tests/unit/domain/quality/test_controller.py::TestEEGQualityControllerClean::test_create_epochs PASSED [ 41%]
tests/unit/domain/quality/test_controller.py::TestEEGQualityControllerClean::test_auto_reject_epochs PASSED [ 41%]
tests/unit/domain/quality/test_controller.py::TestEEGQualityControllerClean::test_compute_abnormality_score PASSED [ 41%]
tests/unit/domain/quality/test_controller.py::TestEEGQualityControllerClean::test_generate_qc_report PASSED [ 41%]
tests/unit/domain/quality/test_controller.py::TestEEGQualityControllerClean::test_run_full_qc_pipeline PASSED [ 41%]
tests/unit/domain/quality/test_controller.py::TestEEGQualityControllerClean::test_generate_qc_report_with_bad_data PASSED [ 41%]
tests/unit/domain/quality/test_controller.py::TestEEGQualityControllerClean::test_cleanup PASSED [ 42%]
tests/unit/domain/quality/test_controller.py::TestEEGQualityControllerClean::test_detect_bad_channels_with_method PASSED [ 42%]
tests/unit/domain/quality/test_controller.py::TestEEGQualityControllerClean::test_preprocess_with_filtering PASSED [ 42%]
tests/unit/domain/quality/test_controller.py::TestEEGQualityControllerClean::test_create_epochs_with_duration PASSED [ 42%]
tests/unit/domain/quality/test_controller.py::TestEEGQualityControllerClean::test_auto_reject_with_threshold PASSED [ 42%]
tests/unit/domain/quality/test_controller.py::TestEEGQualityControllerClean::test_compute_abnormality_with_model PASSED [ 42%]
tests/unit/domain/quality/test_controller.py::TestEEGQualityControllerClean::test_qc_report_comprehensive PASSED [ 42%]
tests/unit/domain/quality/test_controller.py::TestEEGQualityControllerClean::test_full_pipeline_with_options PASSED [ 42%]
tests/unit/domain/quality/test_controller.py::TestEEGQualityControllerClean::test_controller_with_low_sampling_rate PASSED [ 42%]
tests/unit/domain/quality/test_controller.py::TestEEGQualityControllerClean::test_controller_with_missing_channels PASSED [ 43%]
tests/unit/domain/sleep/test_analysis.py::TestSleepAnalyzer::test_handles_short_recordings SKIPPED [ 43%]
tests/unit/domain/sleep/test_analysis.py::TestSleepAnalyzer::test_handles_missing_channels SKIPPED [ 43%]
tests/unit/domain/sleep/test_analysis.py::TestSleepAnalyzer::test_channel_selection[1-expected_channels0] SKIPPED [ 43%]
tests/unit/domain/sleep/test_analysis.py::TestSleepAnalyzer::test_channel_selection[2-expected_channels1] SKIPPED [ 43%]
tests/unit/domain/sleep/test_analysis.py::TestSleepAnalyzer::test_channel_selection[6-expected_channels2] SKIPPED [ 43%]
tests/unit/domain/sleep/test_enhanced_analyzer.py::TestEnhancedSleepAnalyzer::test_analyzer_initialization PASSED [ 43%]
tests/unit/domain/sleep/test_enhanced_analyzer.py::TestEnhancedSleepAnalyzer::test_yasa_config PASSED [ 43%]
tests/unit/domain/sleep/test_enhanced_analyzer.py::TestEnhancedSleepAnalyzer::test_config_channel_preferences PASSED [ 43%]
tests/unit/domain/sleep/test_enhanced_analyzer.py::TestEnhancedSleepAnalyzer::test_custom_channel_preferences PASSED [ 44%]
tests/unit/domain/sleep/test_enhanced_analyzer.py::TestEnhancedSleepAnalyzer::test_preprocess_for_staging PASSED [ 44%]
tests/unit/domain/sleep/test_enhanced_analyzer.py::TestEnhancedSleepAnalyzer::test_find_best_channels PASSED [ 44%]
tests/unit/domain/sleep/test_enhanced_analyzer.py::TestEnhancedSleepAnalyzer::test_fallback_staging PASSED [ 44%]
tests/unit/domain/sleep/test_enhanced_analyzer.py::TestEnhancedSleepAnalyzer::test_compute_fractal_dimension PASSED [ 44%]
tests/unit/domain/sleep/test_enhanced_analyzer.py::TestEnhancedSleepAnalyzer::test_compute_permutation_entropy PASSED [ 44%]
tests/unit/domain/sleep/test_enhanced_analyzer.py::TestEnhancedSleepAnalyzer::test_single_channel_mode PASSED [ 44%]
tests/unit/domain/sleep/test_enhanced_analyzer.py::TestEnhancedSleepAnalyzer::test_smoothing_configuration PASSED [ 44%]
tests/unit/domain/sleep/test_enhanced_analyzer.py::TestEnhancedSleepAnalyzer::test_calculate_quality_score PASSED [ 44%]
tests/unit/domain/sleep/test_enhanced_analyzer.py::TestEnhancedSleepAnalyzer::test_score_to_grade PASSED [ 44%]
tests/unit/domain/sleep/test_enhanced_analyzer.py::TestEnhancedSleepAnalyzer::test_generate_clinical_flags PASSED [ 45%]
tests/unit/domain/sleep/test_montage_detection.py::TestSleepEDFMontageDetection::test_accepts_fpz_cz_montage SKIPPED [ 45%]
tests/unit/domain/sleep/test_montage_detection.py::TestSleepEDFMontageDetection::test_accepts_pz_oz_montage SKIPPED [ 45%]
tests/unit/domain/sleep/test_montage_detection.py::TestSleepEDFMontageDetection::test_prefers_fpz_cz_over_pz_oz SKIPPED [ 45%]
tests/unit/domain/sleep/test_montage_detection.py::TestSleepEDFMontageDetection::test_accepts_standard_10_20_channels SKIPPED [ 45%]
tests/unit/domain/sleep/test_montage_detection.py::TestSleepEDFMontageDetection::test_rejects_unsupported_montage SKIPPED [ 45%]
tests/unit/domain/sleep/test_montage_detection.py::TestSleepEDFMontageDetection::test_channel_name_normalization SKIPPED [ 45%]
tests/unit/domain/sleep/test_montage_detection.py::TestSleepEDFMontageDetection::test_handles_missing_eog_emg_channels SKIPPED [ 45%]
tests/unit/domain/sleep/test_montage_detection.py::TestSleepEDFMontageDetection::test_integration_with_real_sleep_edf_structure SKIPPED [ 45%]
tests/unit/domain/sleep/test_montage_detection.py::TestMontageDetectionEdgeCases::test_empty_channel_list PASSED [ 46%]
tests/unit/domain/sleep/test_montage_detection.py::TestMontageDetectionEdgeCases::test_case_sensitivity PASSED [ 46%]
tests/unit/domain/sleep/test_montage_detection.py::TestMontageDetectionEdgeCases::test_picks_parameter_override PASSED [ 46%]
tests/unit/domain/sleep/test_preprocessor.py::TestSleepPreprocessor::test_basic_preprocessing PASSED [ 46%]
tests/unit/domain/sleep/test_preprocessor.py::TestSleepPreprocessor::test_resampling PASSED [ 46%]
tests/unit/domain/sleep/test_preprocessor.py::TestSleepPreprocessor::test_no_aggressive_filtering PASSED [ 46%]
tests/unit/domain/sleep/test_preprocessor.py::TestSleepPreprocessor::test_average_reference PASSED [ 46%]
tests/unit/domain/sleep/test_preprocessor.py::TestSleepPreprocessor::test_no_reference_option PASSED [ 46%]
tests/unit/domain/sleep/test_preprocessor.py::TestSleepPreprocessor::test_channel_type_setting PASSED [ 46%]
tests/unit/domain/sleep/test_preprocessor.py::TestSleepPreprocessor::test_filter_parameters PASSED [ 47%]
tests/unit/domain/test_channel_mapper.py::TestChannelMapper::test_maps_old_to_modern_naming PASSED [ 47%]
tests/unit/domain/test_channel_mapper.py::TestChannelMapper::test_handles_mixed_case_consistently PASSED [ 47%]
tests/unit/domain/test_channel_mapper.py::TestChannelMapper::test_preserves_already_modern_names PASSED [ 47%]
tests/unit/domain/test_channel_mapper.py::TestChannelMapper::test_returns_empty_list_for_empty_input PASSED [ 47%]
tests/unit/domain/test_channel_mapper.py::TestChannelValidator::test_validates_minimum_channel_count PASSED [ 47%]
tests/unit/domain/test_channel_mapper.py::TestChannelValidator::test_identifies_missing_required_channels PASSED [ 47%]
tests/unit/domain/test_channel_mapper.py::TestChannelValidator::test_accepts_complete_channel_set PASSED [ 47%]
tests/unit/domain/test_channel_mapper.py::TestChannelValidator::test_handles_extra_channels_gracefully PASSED [ 47%]
tests/unit/domain/test_channel_mapper.py::TestChannelValidator::test_get_channel_indices_for_standard_channels PASSED [ 48%]
tests/unit/domain/test_channel_mapper.py::TestChannelSelector::test_selects_standard_channels_in_order PASSED [ 48%]
tests/unit/domain/test_channel_mapper.py::TestChannelSelector::test_returns_empty_for_no_standard_channels PASSED [ 48%]
tests/unit/domain/test_channel_mapper.py::TestChannelIntegration::test_full_pipeline_old_to_modern_validation PASSED [ 48%]
tests/unit/domain/test_channels.py::TestChannelConstants::test_tuab_has_19_channels PASSED [ 48%]
tests/unit/domain/test_channels.py::TestChannelConstants::test_tuev_has_20_channels PASSED [ 48%]
tests/unit/domain/test_channels.py::TestChannelConstants::test_channel_order_preserved PASSED [ 48%]
tests/unit/domain/test_channels.py::TestChannelConstants::test_no_duplicate_channels PASSED [ 48%]
tests/unit/domain/test_channels.py::TestChannelConstants::test_channel_aliases_map_old_to_new PASSED [ 48%]
tests/unit/domain/test_channels.py::TestValidateChannels::test_validate_exact_match PASSED [ 48%]
tests/unit/domain/test_channels.py::TestValidateChannels::test_validate_with_aliasing PASSED [ 49%]
tests/unit/domain/test_channels.py::TestValidateChannels::test_validate_wrong_count_raises PASSED [ 49%]
tests/unit/domain/test_channels.py::TestValidateChannels::test_validate_missing_channel_raises PASSED [ 49%]
tests/unit/domain/test_channels.py::TestValidateChannels::test_validate_extra_channel_raises PASSED [ 49%]
tests/unit/domain/test_channels.py::TestValidateChannels::test_validate_both_missing_and_extra PASSED [ 49%]
tests/unit/domain/test_channels.py::TestValidateChannels::test_validate_case_sensitive PASSED [ 49%]
tests/unit/domain/test_channels.py::TestValidateChannels::test_validate_eeg_prefix_aliasing PASSED [ 49%]
tests/unit/domain/test_channels.py::TestMapChannelsToIndices::test_map_identical_channels PASSED [ 49%]
tests/unit/domain/test_channels.py::TestMapChannelsToIndices::test_map_reordered_channels PASSED [ 49%]
tests/unit/domain/test_channels.py::TestMapChannelsToIndices::test_map_with_aliasing PASSED [ 50%]
tests/unit/domain/test_channels.py::TestMapChannelsToIndices::test_map_missing_channel_raises PASSED [ 50%]
tests/unit/domain/test_channels.py::TestMapChannelsToIndices::test_map_subset_of_source PASSED [ 50%]
tests/unit/domain/test_channels.py::TestMapChannelsToIndices::test_map_preserves_duplicates_in_source PASSED [ 50%]
tests/unit/domain/test_channels.py::TestMapChannelsToIndices::test_map_empty_channels PASSED [ 50%]
tests/unit/domain/test_channels.py::TestMapChannelsToIndices::test_map_tuab_to_tuev PASSED [ 50%]
tests/unit/domain/test_channels.py::TestChannelCompatibility::test_tuab_tuev_difference PASSED [ 50%]
tests/unit/domain/test_channels.py::TestChannelCompatibility::test_all_channels_mixed_case PASSED [ 50%]
tests/unit/domain/test_channels.py::TestChannelCompatibility::test_realistic_tuab_validation PASSED [ 50%]
tests/unit/domain/test_constants.py::test_eegpt_constants_values PASSED  [ 51%]
tests/unit/domain/test_constants.py::test_eegpt_probe_dim_calculation PASSED [ 51%]
tests/unit/domain/test_constraints_layers.py::test_linear_with_constraint_enforces_max_norm PASSED [ 51%]
tests/unit/domain/test_constraints_layers.py::test_linear_without_constraint_does_not_renorm PASSED [ 51%]
tests/unit/domain/test_constraints_layers.py::test_conv1d_with_constraint_path PASSED [ 51%]
tests/unit/domain/test_exceptions.py::TestExceptionHierarchy::test_base_exception PASSED [ 51%]
tests/unit/domain/test_exceptions.py::TestExceptionHierarchy::test_configuration_error PASSED [ 51%]
tests/unit/domain/test_exceptions.py::TestExceptionHierarchy::test_processing_error PASSED [ 51%]
tests/unit/domain/test_exceptions.py::TestExceptionHierarchy::test_edf_load_error PASSED [ 51%]
tests/unit/domain/test_exceptions.py::TestExceptionHierarchy::test_sleep_analysis_error PASSED [ 51%]
tests/unit/domain/test_exceptions.py::TestExceptionHierarchy::test_unsupported_montage_error PASSED [ 52%]
tests/unit/domain/test_exceptions.py::TestExceptionHierarchy::test_model_load_error PASSED [ 52%]
tests/unit/domain/test_exceptions.py::TestExceptionHierarchy::test_feature_extraction_error PASSED [ 52%]
tests/unit/domain/test_exceptions.py::TestExceptionHierarchy::test_model_inference_error PASSED [ 52%]
tests/unit/domain/test_exceptions.py::TestExceptionHierarchy::test_resource_errors PASSED [ 52%]
tests/unit/domain/test_exceptions.py::TestExceptionUsage::test_exception_chaining PASSED [ 52%]
tests/unit/domain/test_exceptions.py::TestExceptionUsage::test_exception_with_details PASSED [ 52%]
tests/unit/domain/test_exceptions.py::TestExceptionUsage::test_catching_hierarchy PASSED [ 52%]
tests/unit/domain/test_exceptions.py::TestExceptionUsage::test_specific_catch PASSED [ 52%]
tests/unit/domain/test_exceptions_hierarchy.py::test_all_exceptions_instantiate PASSED [ 53%]
tests/unit/domain/test_exceptions_hierarchy.py::test_exception_inheritance_chain PASSED [ 53%]
tests/unit/domain/test_ports_cache_contract.py::test_cache_port_contract_requires_methods PASSED [ 53%]
tests/unit/domain/test_settings.py::TestAbnormalitySettings::test_default_settings_are_valid PASSED [ 53%]
tests/unit/domain/test_settings.py::TestAbnormalitySettings::test_immutability PASSED [ 53%]
tests/unit/domain/test_settings.py::TestAbnormalitySettings::test_validate_abnormal_threshold_bounds PASSED [ 53%]
tests/unit/domain/test_settings.py::TestAbnormalitySettings::test_validate_confidence_threshold_bounds PASSED [ 53%]
tests/unit/domain/test_settings.py::TestAbnormalitySettings::test_validate_triage_threshold_ordering PASSED [ 53%]
tests/unit/domain/test_settings.py::TestAbnormalitySettings::test_validate_window_duration PASSED [ 53%]
tests/unit/domain/test_settings.py::TestAbnormalitySettings::test_validate_window_overlap PASSED [ 54%]
tests/unit/domain/test_settings.py::TestAbnormalitySettings::test_all_parameters_configurable PASSED [ 54%]
tests/unit/domain/test_settings.py::TestQualitySettings::test_default_settings PASSED [ 54%]
tests/unit/domain/test_settings.py::TestQualitySettings::test_immutability PASSED [ 54%]
tests/unit/domain/test_settings.py::TestQualitySettings::test_custom_thresholds PASSED [ 54%]
tests/unit/domain/test_settings.py::TestQualitySettings::test_weight_configuration PASSED [ 54%]
tests/unit/domain/test_settings.py::TestQualitySettings::test_minimum_requirements PASSED [ 54%]
tests/unit/domain/test_settings.py::TestFeatureSettings::test_default_frequency_bands PASSED [ 54%]
tests/unit/domain/test_settings.py::TestFeatureSettings::test_default_preprocessing_parameters PASSED [ 54%]
tests/unit/domain/test_settings.py::TestFeatureSettings::test_immutability PASSED [ 55%]
tests/unit/domain/test_settings.py::TestFeatureSettings::test_custom_frequency_bands PASSED [ 55%]
tests/unit/domain/test_settings.py::TestFeatureSettings::test_window_parameters PASSED [ 55%]
tests/unit/domain/test_settings.py::TestFeatureSettings::test_fft_and_entropy_parameters PASSED [ 55%]
tests/unit/domain/test_settings.py::TestFeatureSettings::test_notch_freq_for_us_standard PASSED [ 55%]
tests/unit/domain/test_settings.py::TestFeatureSettings::test_all_parameters_configurable PASSED [ 55%]
tests/unit/domain/test_settings.py::TestSettingsInteraction::test_settings_independence PASSED [ 55%]
tests/unit/domain/test_settings.py::TestSettingsInteraction::test_combined_usage_pattern PASSED [ 55%]
tests/unit/domain/test_settings.py::TestSettingsInteraction::test_settings_hashability PASSED [ 55%]
tests/unit/infra/adapters/test_autoreject.py::TestWindowEpochAdapter::test_window_to_epoch_conversion_basic PASSED [ 55%]
tests/unit/infra/adapters/test_autoreject.py::TestWindowEpochAdapter::test_window_to_epoch_overlap_handling PASSED [ 56%]
tests/unit/infra/adapters/test_autoreject.py::TestWindowEpochAdapter::test_epochs_to_continuous_reconstruction PASSED [ 56%]
tests/unit/infra/adapters/test_autoreject.py::TestWindowEpochAdapter::test_no_overlap_reconstruction PASSED [ 56%]
tests/unit/infra/adapters/test_autoreject.py::TestWindowEpochAdapter::test_edge_case_short_recording PASSED [ 56%]
tests/unit/infra/adapters/test_autoreject.py::TestWindowEpochAdapter::test_memory_efficiency PASSED [ 56%]
tests/unit/infra/adapters/test_autoreject.py::TestSyntheticPositionGenerator::test_standard_channel_positions PASSED [ 56%]
tests/unit/infra/adapters/test_autoreject.py::TestSyntheticPositionGenerator::test_old_new_channel_mapping PASSED [ 56%]
tests/unit/infra/adapters/test_autoreject.py::TestSyntheticPositionGenerator::test_add_positions_to_tuab_raw PASSED [ 56%]
tests/unit/infra/adapters/test_autoreject.py::TestSyntheticPositionGenerator::test_autoreject_compatibility PASSED [ 56%]
tests/unit/infra/adapters/test_autoreject.py::TestSyntheticPositionGenerator::test_fallback_for_unknown_channels PASSED [ 57%]
tests/unit/infra/adapters/test_autoreject.py::TestSyntheticPositionGenerator::test_position_consistency PASSED [ 57%]
tests/unit/infra/adapters/test_autoreject.py::TestAutoRejectIntegration::test_full_pipeline_with_parameters[10.0-5.0] PASSED [ 57%]
tests/unit/infra/adapters/test_autoreject.py::TestAutoRejectIntegration::test_full_pipeline_with_parameters[10.0-10.0] PASSED [ 57%]
tests/unit/infra/adapters/test_autoreject.py::TestAutoRejectIntegration::test_full_pipeline_with_parameters[8.0-4.0] PASSED [ 57%]
tests/unit/infra/cache/test_factory.py::TestMemoryCache::test_memory_cache_get_set PASSED [ 57%]
tests/unit/infra/cache/test_factory.py::TestMemoryCache::test_memory_cache_stores_any_type PASSED [ 57%]
tests/unit/infra/cache/test_factory.py::TestMemoryCache::test_memory_cache_delete PASSED [ 57%]
tests/unit/infra/cache/test_factory.py::TestMemoryCache::test_memory_cache_exists PASSED [ 57%]
tests/unit/infra/cache/test_factory.py::TestMemoryCache::test_memory_cache_clear PASSED [ 58%]
tests/unit/infra/cache/test_factory.py::TestMemoryCache::test_memory_cache_close PASSED [ 58%]
tests/unit/infra/cache/test_factory.py::TestMemoryCache::test_memory_cache_ttl_tracking PASSED [ 58%]
tests/unit/infra/cache/test_factory.py::TestMemoryCache::test_memory_cache_isolation PASSED [ 58%]
tests/unit/infra/cache/test_factory.py::TestCacheFactory::test_get_cache_memory_backend PASSED [ 58%]
tests/unit/infra/cache/test_factory.py::TestCacheFactory::test_get_cache_invalid_backend PASSED [ 58%]
tests/unit/infra/cache/test_factory.py::TestCacheFactory::test_get_cache_default_to_env PASSED [ 58%]
tests/unit/infra/cache/test_factory.py::TestCacheFactory::test_get_cache_redis_backend SKIPPED [ 58%]
tests/unit/infra/cache/test_factory.py::TestCacheFactory::test_memory_cache_conforms_to_protocol PASSED [ 58%]
tests/unit/infra/cache/test_factory.py::TestCacheFactory::test_factory_deprecation_warning PASSED [ 58%]
tests/unit/infra/cache/test_factory.py::TestCacheFactoryEdgeCases::test_memory_cache_empty_string_key PASSED [ 59%]
tests/unit/infra/cache/test_factory.py::TestCacheFactoryEdgeCases::test_memory_cache_none_value PASSED [ 59%]
tests/unit/infra/cache/test_factory.py::TestCacheFactoryEdgeCases::test_memory_cache_large_value PASSED [ 59%]
tests/unit/infra/cache/test_factory.py::TestCacheFactoryEdgeCases::test_memory_cache_many_keys PASSED [ 59%]
tests/unit/infra/cache/test_factory.py::TestCacheFactoryEdgeCases::test_get_cache_case_sensitive PASSED [ 59%]
tests/unit/infra/data/test_edf_loader.py::TestEdfLoader::test_load_edf_safe_success SKIPPED [ 59%]
tests/unit/infra/data/test_edf_loader.py::TestEdfLoader::test_load_edf_safe_file_not_found SKIPPED [ 59%]
tests/unit/infra/data/test_edf_loader.py::TestEdfLoader::test_load_edf_safe_invalid_format SKIPPED [ 59%]
tests/unit/infra/data/test_edf_loader.py::TestEdfLoader::test_validate_edf_path_valid SKIPPED [ 59%]
tests/unit/infra/data/test_edf_loader.py::TestEdfLoader::test_validate_edf_path_invalid SKIPPED [ 60%]
tests/unit/infra/data/test_edf_loader.py::TestEdfLoader::test_load_with_kwargs SKIPPED [ 60%]
tests/unit/infra/data/test_edf_streaming.py::TestEDFStreamer::test_streamer_context_manager SKIPPED [ 60%]
tests/unit/infra/data/test_edf_streaming.py::TestEDFStreamer::test_stream_chunks SKIPPED [ 60%]
tests/unit/infra/data/test_edf_streaming.py::TestEDFStreamer::test_process_in_windows SKIPPED [ 60%]
tests/unit/infra/data/test_edf_streaming.py::TestEDFStreamer::test_process_in_windows_with_overlap SKIPPED [ 60%]
tests/unit/infra/data/test_edf_streaming.py::TestEDFStreamer::test_get_info SKIPPED [ 60%]
tests/unit/infra/data/test_edf_streaming.py::TestEDFStreamer::test_invalid_overlap SKIPPED [ 60%]
tests/unit/infra/data/test_edf_streaming.py::TestMemoryEstimation::test_estimate_memory_usage SKIPPED [ 60%]
tests/unit/infra/data/test_edf_streaming.py::TestMemoryEstimation::test_process_large_edf_streaming_decision SKIPPED [ 61%]
tests/unit/infra/data/test_edf_streaming.py::TestMemoryEstimation::test_process_small_edf_no_streaming SKIPPED [ 61%]
tests/unit/infra/data/test_edf_validator.py::TestEDFValidator::test_validates_file_exists SKIPPED [ 61%]
tests/unit/infra/data/test_edf_validator.py::TestEDFValidator::test_validates_file_extension SKIPPED [ 61%]
tests/unit/infra/data/test_edf_validator.py::TestEDFValidator::test_validates_minimum_duration SKIPPED [ 61%]
tests/unit/infra/data/test_edf_validator.py::TestEDFValidator::test_validates_sampling_rate SKIPPED [ 61%]
tests/unit/infra/data/test_edf_validator.py::TestEDFValidator::test_accepts_standard_sampling_rates SKIPPED [ 61%]
tests/unit/infra/data/test_edf_validator.py::TestEDFValidator::test_validates_channel_count SKIPPED [ 61%]
tests/unit/infra/data/test_edf_validator.py::TestEDFValidator::test_detects_nan_values SKIPPED [ 61%]
tests/unit/infra/data/test_edf_validator.py::TestEDFValidator::test_detects_infinite_values SKIPPED [ 62%]
tests/unit/infra/data/test_edf_validator.py::TestEDFValidator::test_warns_on_extreme_amplitudes SKIPPED [ 62%]
tests/unit/infra/data/test_edf_validator.py::TestEDFValidator::test_detects_flat_channels SKIPPED [ 62%]
tests/unit/infra/data/test_edf_validator.py::TestEDFValidator::test_validates_complete_valid_file SKIPPED [ 62%]
tests/unit/infra/data/test_edf_validator.py::TestValidationResult::test_result_contains_all_fields SKIPPED [ 62%]
tests/unit/infra/external/test_yasa_adapter.py::TestYASAConfig::test_default_config PASSED [ 62%]
tests/unit/infra/external/test_yasa_adapter.py::TestYASAConfig::test_custom_config PASSED [ 62%]
tests/unit/infra/external/test_yasa_adapter.py::TestYASASleepStager::test_initialization PASSED [ 62%]
tests/unit/infra/external/test_yasa_adapter.py::TestYASASleepStager::test_stage_sleep_basic PASSED [ 62%]
tests/unit/infra/external/test_yasa_adapter.py::TestYASASleepStager::test_stage_sleep_short_data_error PASSED [ 62%]
tests/unit/infra/external/test_yasa_adapter.py::TestYASASleepStager::test_channel_selection PASSED [ 63%]
tests/unit/infra/external/test_yasa_adapter.py::TestYASASleepStager::test_yasa_to_standard_stage PASSED [ 63%]
tests/unit/infra/external/test_yasa_adapter.py::TestYASASleepStager::test_calculate_sleep_metrics PASSED [ 63%]
tests/unit/infra/external/test_yasa_adapter.py::TestYASASleepStager::test_process_full_night PASSED [ 63%]
tests/unit/infra/external/test_yasa_adapter.py::TestHierarchicalPipelineYASAAdapter::test_adapter_interface PASSED [ 63%]
tests/unit/infra/external/test_yasa_adapter.py::TestHierarchicalPipelineYASAAdapter::test_adapter_error_handling PASSED [ 63%]
tests/unit/infra/external/test_yasa_adapter.py::TestLightGBMFallback::test_lightgbm_available PASSED [ 63%]
tests/unit/infra/external/test_yasa_adapter.py::TestLightGBMFallback::test_lightgbm_not_available PASSED [ 63%]
tests/unit/infra/external/test_yasa_compliance.py::TestYASACompliance::test_no_filtering_before_yasa PASSED [ 63%]
tests/unit/infra/external/test_yasa_smoothing.py::TestYASASmoothing::test_smoothing_removes_short_transitions PASSED [ 64%]
tests/unit/infra/external/test_yasa_smoothing.py::TestYASASmoothing::test_smoothing_preserves_long_periods PASSED [ 64%]
tests/unit/infra/external/test_yasa_smoothing.py::TestYASASmoothing::test_smoothing_window_size PASSED [ 64%]
tests/unit/infra/external/test_yasa_smoothing.py::TestYASASmoothing::test_smoothing_edge_handling PASSED [ 64%]
tests/unit/infra/external/test_yasa_smoothing.py::TestYASASmoothing::test_stage_sleep_with_smoothing PASSED [ 64%]
tests/unit/infra/external/test_yasa_smoothing.py::TestYASASmoothing::test_smoothing_with_confidence_scores PASSED [ 64%]
tests/unit/infra/ml_models/test_compat_coverage.py::TestEEGPTConfigEdgeCases::test_config_post_init_calculates_window_samples PASSED [ 64%]
tests/unit/infra/ml_models/test_compat_coverage.py::TestEEGPTConfigEdgeCases::test_config_n_patches_per_window_property PASSED [ 64%]
tests/unit/infra/ml_models/test_compat_coverage.py::TestEEGPTConfigEdgeCases::test_config_validation_raises_on_indivisible_samples PASSED [ 64%]
tests/unit/infra/ml_models/test_compat_coverage.py::TestEEGPTModelEdgeCases::test_model_with_dict_config PASSED [ 65%]
tests/unit/infra/ml_models/test_compat_coverage.py::TestEEGPTModelEdgeCases::test_model_with_object_config PASSED [ 65%]
tests/unit/infra/ml_models/test_compat_coverage.py::TestEEGPTModelEdgeCases::test_extract_windows_method PASSED [ 65%]
tests/unit/infra/ml_models/test_compat_coverage.py::TestEEGPTModelEdgeCases::test_extract_features_batch_with_numpy PASSED [ 65%]
tests/unit/infra/ml_models/test_compat_coverage.py::TestEEGPTModelEdgeCases::test_extract_features_batch_with_torch PASSED [ 65%]
tests/unit/infra/ml_models/test_compat_coverage.py::TestEEGPTModelEdgeCases::test_extract_features_batch_without_encoder PASSED [ 65%]
tests/unit/infra/ml_models/test_compat_coverage.py::TestEEGPTModelEdgeCases::test_predict_abnormality_method PASSED [ 65%]
tests/unit/infra/ml_models/test_compat_coverage.py::TestEEGPTModelEdgeCases::test_cleanup_method PASSED [ 65%]
tests/unit/infra/ml_models/test_compat_coverage.py::TestEEGPTModelEdgeCases::test_get_cached_channel_ids PASSED [ 65%]
tests/unit/infra/ml_models/test_compat_coverage.py::TestCompatibilityFunctions::test_preprocess_for_eegpt_with_filters PASSED [ 65%]
tests/unit/infra/ml_models/test_compat_coverage.py::TestCompatibilityFunctions::test_preprocess_for_eegpt_with_target_sfreq PASSED [ 66%]
tests/unit/infra/ml_models/test_compat_coverage.py::TestCompatibilityFunctions::test_extract_features_from_raw PASSED [ 66%]
tests/unit/infra/ml_models/test_compat_coverage.py::TestCompatibilityFunctions::test_extract_features_from_raw_with_existing_model PASSED [ 66%]
tests/unit/infra/ml_models/test_compat_coverage.py::TestStrictModeValidation::test_wrong_summary_shape_raises PASSED [ 66%]
tests/unit/infra/ml_models/test_compat_coverage.py::TestStrictModeValidation::test_wrong_token_shape_raises PASSED [ 66%]
tests/unit/infra/ml_models/test_compat_strict.py::TestStrictShapeContracts::test_unexpected_shape_raises_without_coerce PASSED [ 66%]
tests/unit/infra/ml_models/test_compat_strict.py::TestStrictShapeContracts::test_packed_tokens_raises_without_coerce PASSED [ 66%]
tests/unit/infra/ml_models/test_compat_strict.py::TestStrictShapeContracts::test_summary_true_returns_batch_512 PASSED [ 66%]
tests/unit/infra/ml_models/test_compat_strict.py::TestStrictShapeContracts::test_summary_false_returns_batch_4_512 PASSED [ 66%]
tests/unit/infra/ml_models/test_compat_strict.py::TestStrictShapeContracts::test_tiling_summary_raises_without_coerce PASSED [ 67%]
tests/unit/infra/ml_models/test_compat_strict.py::TestStrictShapeContracts::test_single_sample_keeps_batch_dimension PASSED [ 67%]
tests/unit/infra/ml_models/test_compat_strict.py::TestPrepareForEEGPT::test_padding_assertion PASSED [ 67%]
tests/unit/infra/ml_models/test_compat_strict.py::TestPrepareForEEGPT::test_sampling_rate_assertion PASSED [ 67%]
tests/unit/infra/ml_models/test_compat_strict.py::TestPrepareForEEGPT::test_nan_validation PASSED [ 67%]
tests/unit/infra/ml_models/test_compat_strict.py::TestSupportsMethod::test_sleep_analyzer_supports PASSED [ 67%]
tests/unit/infra/ml_models/test_contract_fuzzer.py::TestEEGPTContractFuzzing::test_extract_features_shape_contract PASSED [ 67%]
tests/unit/infra/ml_models/test_contract_fuzzer.py::TestEEGPTContractFuzzing::test_wrong_shapes_always_raise PASSED [ 67%]
tests/unit/infra/ml_models/test_encoder_output.py::test_encoder_raw_output PASSED [ 67%]
tests/unit/infra/ml_models/test_linear_probe.py::TestLinearProbe::test_linear_with_constraint PASSED [ 68%]
tests/unit/infra/ml_models/test_linear_probe.py::TestLinearProbe::test_eegpt_linear_probe_components PASSED [ 68%]
tests/unit/infra/ml_models/test_linear_probe.py::TestLinearProbe::test_abnormality_detection_probe_config PASSED [ 68%]
tests/unit/infra/ml_models/test_pipeline.py::TestEEGPTPreprocessing::test_preprocess_resampling PASSED [ 68%]
tests/unit/infra/ml_models/test_pipeline.py::TestEEGPTPreprocessing::test_preprocess_keeps_original_if_256hz PASSED [ 68%]
tests/unit/infra/ml_models/test_pipeline.py::TestEEGPTPreprocessing::test_preprocess_preserves_data_continuity PASSED [ 68%]
tests/unit/infra/ml_models/test_pipeline.py::TestEEGPTPreprocessing::test_preprocess_handles_bad_channels PASSED [ 68%]
tests/unit/infra/ml_models/test_pipeline.py::TestEEGPTWindowExtraction::test_extract_windows_basic PASSED [ 68%]
tests/unit/infra/ml_models/test_pipeline.py::TestEEGPTWindowExtraction::test_extract_windows_no_partial PASSED [ 68%]
tests/unit/infra/ml_models/test_pipeline.py::TestEEGPTWindowExtraction::test_extract_windows_short_data PASSED [ 68%]
tests/unit/infra/ml_models/test_pipeline.py::TestEEGPTWindowExtraction::test_extract_windows_different_sampling_rate PASSED [ 69%]
tests/unit/infra/ml_models/test_pipeline.py::TestEEGPTFeatureExtraction::test_extract_features_single_window PASSED [ 69%]
tests/unit/infra/ml_models/test_pipeline.py::TestEEGPTFeatureExtraction::test_extract_features_batch PASSED [ 69%]
tests/unit/infra/ml_models/test_pipeline.py::TestEEGPTFeatureExtraction::test_extract_features_with_channel_names PASSED [ 69%]
tests/unit/infra/ml_models/test_pipeline.py::TestEEGPTFeatureExtraction::test_extract_features_gpu PASSED [ 69%]
tests/unit/infra/ml_models/test_pipeline.py::TestEEGPTPipeline::test_extract_features_from_raw PASSED [ 69%]
tests/unit/infra/ml_models/test_pipeline.py::TestEEGPTPipeline::test_abnormality_prediction_pipeline PASSED [ 69%]
tests/unit/infra/ml_models/test_pipeline.py::TestEEGPTPipeline::test_pipeline_error_handling PASSED [ 69%]
tests/unit/infra/ml_models/test_pipeline.py::TestEEGPTConfig::test_default_config PASSED [ 69%]
tests/unit/infra/ml_models/test_pipeline.py::TestEEGPTConfig::test_custom_config PASSED [ 70%]
tests/unit/infra/ml_models/test_pipeline.py::TestEEGPTConfig::test_config_validation PASSED [ 70%]
tests/unit/infra/ml_models/test_preprocessing.py::TestValidateEEGInput::test_rejects_wrong_dimensionality PASSED [ 70%]
tests/unit/infra/ml_models/test_preprocessing.py::TestValidateEEGInput::test_channel_count_bounds PASSED [ 70%]
tests/unit/infra/ml_models/test_preprocessing.py::TestValidateEEGInput::test_sample_tolerance PASSED [ 70%]
tests/unit/infra/ml_models/test_preprocessing.py::TestValidateEEGInput::test_nan_inf_and_range PASSED [ 70%]
tests/unit/infra/ml_models/test_preprocessing.py::TestExtractWindows::test_no_overlap PASSED [ 70%]
tests/unit/infra/ml_models/test_preprocessing.py::TestExtractWindows::test_with_overlap PASSED [ 70%]
tests/unit/infra/ml_models/test_preprocessing.py::TestPrepareBatch::test_pad_and_trim_channels PASSED [ 70%]
tests/unit/infra/ml_models/test_probe.py::TestLinearProbeHead::test_initialization PASSED [ 71%]
tests/unit/infra/ml_models/test_probe.py::TestLinearProbeHead::test_forward_pass_3d_input PASSED [ 71%]
tests/unit/infra/ml_models/test_probe.py::TestLinearProbeHead::test_forward_pass_2d_input PASSED [ 71%]
tests/unit/infra/ml_models/test_probe.py::TestLinearProbeHead::test_predict_proba PASSED [ 71%]
tests/unit/infra/ml_models/test_probe.py::TestLinearProbeHead::test_gradient_flow PASSED [ 71%]
tests/unit/infra/ml_models/test_probe.py::TestSleepStageProbe::test_initialization PASSED [ 71%]
tests/unit/infra/ml_models/test_probe.py::TestSleepStageProbe::test_predict_stage PASSED [ 71%]
tests/unit/infra/ml_models/test_probe.py::TestAbnormalityProbe::test_initialization PASSED [ 71%]
tests/unit/infra/ml_models/test_probe.py::TestAbnormalityProbe::test_predict_abnormal_probability PASSED [ 71%]
tests/unit/infra/ml_models/test_probe.py::TestProbeFactory::test_create_sleep_probe PASSED [ 72%]
tests/unit/infra/ml_models/test_probe.py::TestProbeFactory::test_create_abnormality_probe PASSED [ 72%]
tests/unit/infra/ml_models/test_probe.py::TestProbeFactory::test_create_generic_probe PASSED [ 72%]
tests/unit/infra/ml_models/test_probe.py::TestProbeFactory::test_case_insensitive PASSED [ 72%]
tests/unit/infra/ml_models/test_probe.py::TestIntegrationWithEEGPT::test_end_to_end_sleep_classification PASSED [ 72%]
tests/unit/infra/ml_models/test_probe.py::TestIntegrationWithEEGPT::test_batch_processing PASSED [ 72%]
tests/unit/infra/ml_models/test_probe_head.py::TestLinearProbeHead::test_default_initialization PASSED [ 72%]
tests/unit/infra/ml_models/test_probe_head.py::TestLinearProbeHead::test_custom_initialization PASSED [ 72%]
tests/unit/infra/ml_models/test_probe_head.py::TestLinearProbeHead::test_dropout_behavior_in_training PASSED [ 72%]
tests/unit/infra/ml_models/test_probe_head.py::TestLinearProbeHead::test_no_dropout_in_eval_mode PASSED [ 72%]
tests/unit/infra/ml_models/test_probe_head.py::TestLinearProbeHead::test_gradient_flow PASSED [ 73%]
tests/unit/infra/ml_models/test_probe_head.py::TestLinearProbeHead::test_various_dimensions[128-2] PASSED [ 73%]
tests/unit/infra/ml_models/test_probe_head.py::TestLinearProbeHead::test_various_dimensions[256-5] PASSED [ 73%]
tests/unit/infra/ml_models/test_probe_head.py::TestLinearProbeHead::test_various_dimensions[512-10] PASSED [ 73%]
tests/unit/infra/ml_models/test_probe_head.py::TestLinearProbeHead::test_various_dimensions[1024-2] PASSED [ 73%]
tests/unit/infra/ml_models/test_probe_head.py::TestLinearProbeHead::test_various_dimensions[2048-3] PASSED [ 73%]
tests/unit/infra/ml_models/test_probe_head.py::TestLinearProbeHead::test_dimension_mismatch_error PASSED [ 73%]
tests/unit/infra/ml_models/test_probe_unified.py::TestProbeInitialization::test_linear_architecture_with_injected_backbone PASSED [ 73%]
tests/unit/infra/ml_models/test_probe_unified.py::TestProbeInitialization::test_two_layer_architecture PASSED [ 73%]
tests/unit/infra/ml_models/test_probe_unified.py::TestProbeBranches::test_robust_mode_replaces_nans_and_clips PASSED [ 74%]
tests/unit/infra/ml_models/test_probe_unified.py::TestProbeBranches::test_channel_adapter_path PASSED [ 74%]
tests/unit/infra/ml_models/test_probe_unified.py::TestProbeBranches::test_return_all_temporal_branch PASSED [ 74%]
tests/unit/infra/ml_models/test_probe_unified.py::TestProbeBranches::test_unexpected_feature_shape_raises PASSED [ 74%]
tests/unit/infra/ml_models/test_robust_probe.py::TestRobustEEGPTLinearProbeClean::test_init_creates_probe PASSED [ 74%]
tests/unit/infra/ml_models/test_robust_probe.py::TestRobustEEGPTLinearProbeClean::test_validate_and_clean_input PASSED [ 74%]
tests/unit/infra/ml_models/test_robust_probe.py::TestRobustEEGPTLinearProbeClean::test_robust_normalize PASSED [ 74%]
tests/unit/infra/ml_models/test_robust_probe.py::TestRobustEEGPTLinearProbeClean::test_forward_pass_shape PASSED [ 74%]
tests/unit/infra/ml_models/test_robust_probe.py::TestRobustEEGPTLinearProbeClean::test_predict_proba PASSED [ 74%]
tests/unit/infra/ml_models/test_robust_probe.py::TestRobustEEGPTLinearProbeClean::test_get_num_trainable_params PASSED [ 75%]
tests/unit/infra/ml_models/test_robust_probe.py::TestRobustEEGPTLinearProbeClean::test_save_and_load_probe PASSED [ 75%]
tests/unit/infra/ml_models/test_robust_probe.py::TestRobustEEGPTLinearProbeClean::test_forward_with_nan_input PASSED [ 75%]
tests/unit/infra/ml_models/test_robust_probe.py::TestRobustEEGPTLinearProbeClean::test_freeze_backbone_parameters PASSED [ 75%]
tests/unit/infra/ml_models/test_robust_probe.py::TestRobustEEGPTLinearProbeClean::test_multi_class_classification PASSED [ 75%]
tests/unit/infra/ml_models/test_robust_probe.py::TestRobustEEGPTLinearProbeClean::test_mixed_precision_compatibility PASSED [ 75%]
tests/unit/infra/ml_models/test_robust_probe.py::TestRobustEEGPTLinearProbeClean::test_different_batch_sizes PASSED [ 75%]
tests/unit/infra/ml_models/test_robust_probe.py::TestRobustEEGPTLinearProbeClean::test_probe_head_architecture PASSED [ 75%]
tests/unit/infra/ml_models/test_rotary_embedding.py::TestRotaryEmbeddingFix::test_rotary_embedding_dimensions PASSED [ 75%]
tests/unit/infra/ml_models/test_rotary_embedding.py::TestRotaryEmbeddingFix::test_apply_rotary_pos_emb_shapes PASSED [ 75%]
tests/unit/infra/ml_models/test_rotary_embedding.py::TestRotaryEmbeddingFix::test_attention_forward_with_correct_shapes PASSED [ 76%]
tests/unit/infra/ml_models/test_rotary_embedding.py::TestRotaryEmbeddingFix::test_eeg_transformer_forward_pass PASSED [ 76%]
tests/unit/infra/ml_models/test_rotary_embedding.py::TestRotaryEmbeddingFix::test_patch_embedding_calculation PASSED [ 76%]
tests/unit/infra/ml_models/test_summary_tokens.py::TestLinearProbeIntegration::test_linear_probe_architecture PASSED [ 76%]
tests/unit/infra/ml_models/test_wrapper.py::TestEEGPTWrapper::test_wrapper_initialization PASSED [ 76%]
tests/unit/infra/ml_models/test_wrapper.py::TestEEGPTWrapper::test_wrapper_forward PASSED [ 76%]
tests/unit/infra/ml_models/test_wrapper.py::TestEEGPTWrapper::test_wrapper_normalization PASSED [ 76%]
tests/unit/infra/preprocessing/test_chunked_autoreject.py::TestChunkedAutoRejectProcessor::test_initialization PASSED [ 76%]
tests/unit/infra/preprocessing/test_chunked_autoreject.py::TestChunkedAutoRejectProcessor::test_has_cached_params PASSED [ 76%]
tests/unit/infra/preprocessing/test_chunked_autoreject.py::TestChunkedAutoRejectProcessor::test_fit_on_subset_basic PASSED [ 77%]
tests/unit/infra/preprocessing/test_chunked_autoreject.py::TestChunkedAutoRejectProcessor::test_stratified_sampling PASSED [ 77%]
tests/unit/infra/preprocessing/test_chunked_autoreject.py::TestChunkedAutoRejectProcessor::test_parameter_extraction PASSED [ 77%]
tests/unit/infra/preprocessing/test_chunked_autoreject.py::TestChunkedAutoRejectProcessor::test_parameter_saving_loading PASSED [ 77%]
tests/unit/infra/preprocessing/test_chunked_autoreject.py::TestChunkedAutoRejectProcessor::test_create_autoreject_from_params PASSED [ 77%]
tests/unit/infra/preprocessing/test_chunked_autoreject.py::TestChunkedAutoRejectProcessor::test_transform_raw PASSED [ 77%]
[...]
tests/unit/presentation/test_pdf_report.py::TestPDFReportGeneration::test_pdf_report_for_normal_eeg PASSED [ 91%]
tests/unit/presentation/test_pdf_report.py::TestPDFReportGeneration::test_pdf_metadata PASSED [ 91%]
tests/unit/presentation/test_pdf_report.py::TestPDFReportGeneration::test_pdf_file_size_reasonable PASSED [ 91%]
tests/unit/presentation/test_pdf_report.py::TestPDFReportGeneration::test_pdf_generation_performance PASSED [ 91%]
tests/unit/presentation/test_pdf_report.py::TestPDFReportGeneration::test_pdf_report_includes_summary_stats PASSED [ 92%]
tests/unit/presentation/test_pdf_report.py::TestPDFReportGeneration::test_pdf_banner_color_by_flag[URGENT-red] PASSED [ 92%]
tests/unit/presentation/test_pdf_report.py::TestPDFReportGeneration::test_pdf_banner_color_by_flag[EXPEDITE-orange] PASSED [ 92%]
tests/unit/presentation/test_pdf_report.py::TestPDFReportGeneration::test_pdf_banner_color_by_flag[ROUTINE-yellow] PASSED [ 92%]
tests/unit/presentation/test_pdf_report.py::TestPDFReportGeneration::test_pdf_banner_color_by_flag[NORMAL-green] PASSED [ 92%]
tests/unit/presentation/test_pdf_report.py::TestPDFReportGeneration::test_error_handling_missing_data PASSED [ 92%]
tests/unit/presentation/test_pdf_report.py::TestPDFReportGeneration::test_artifact_visualization_empty_list PASSED [ 92%]
tests/unit/presentation/test_pdf_report.py::TestPDFReportIntegration::test_pdf_download_endpoint PASSED [ 92%]
tests/unit/presentation/test_pdf_report.py::TestPDFVisualizationHelpers::test_coordinate_normalization PASSED [ 92%]
tests/unit/presentation/test_pdf_report.py::TestPDFVisualizationHelpers::test_severity_to_color_mapping PASSED [ 93%]
tests/unit/test_p1_fixes.py::TestInMemoryCachePatternFix::test_clear_pattern_with_wildcard PASSED [ 93%]
tests/unit/test_p1_fixes.py::TestInMemoryCachePatternFix::test_clear_pattern_with_complex_pattern PASSED [ 93%]
tests/unit/test_p1_fixes.py::TestInMemoryCachePatternFix::test_clear_pattern_all PASSED [ 93%]
tests/unit/test_probe_compatibility.py::TestProbeCompatibility::test_unified_probe_matches_two_layer PASSED [ 93%]
tests/unit/test_probe_compatibility.py::TestProbeCompatibility::test_unified_probe_supports_all_modes PASSED [ 93%]
tests/unit/test_probe_compatibility.py::TestProbeCompatibility::test_state_dict_compatibility PASSED [ 93%]
tests/unit/test_probe_compatibility.py::TestProbeCompatibility::test_backward_compatibility_imports PASSED [ 93%]
tests/unit/test_probe_compatibility.py::TestProbeCompatibility::test_dropout_parameter_forwarding PASSED [ 93%]
tests/unit/utils/logging/test_logger.py::TestLoggerSingleton::test_logger_handlers_not_duplicated PASSED [ 93%]
tests/unit/utils/logging/test_logger.py::TestLoggerSingleton::test_logger_propagation_disabled PASSED [ 94%]
tests/unit/utils/logging/test_logger.py::TestLoggerSingleton::test_different_names_get_different_loggers PASSED [ 94%]
tests/unit/utils/logging/test_logger.py::TestLoggerSingleton::test_logger_level_setting PASSED [ 94%]
tests/unit/utils/logging/test_logger.py::TestLoggerSingleton::test_repeated_imports_dont_duplicate_handlers PASSED [ 94%]
tests/unit/utils/logging/test_logger.py::TestLoggerSingleton::test_logger_without_rich_console PASSED [ 94%]
tests/unit/utils/logging/test_logger.py::TestLoggerSingleton::test_logger_with_file_handler PASSED [ 94%]
tests/unit/utils/logging/test_logger.py::TestLoggerSingleton::test_logger_with_all_options PASSED [ 94%]
tests/unit/utils/logging/test_logger.py::TestLoggerSingleton::test_logger_creates_parent_directories PASSED [ 94%]
tests/unit/utils/logging/test_mask.py::test_mask_path_for_log_masks_extension_and_hash PASSED [ 94%]
tests/unit/utils/logging/test_mask.py::test_mask_path_for_log_handles_empty PASSED [ 95%]
tests/unit/utils/logging/test_mask.py::test_mask_path_respects_debug_override PASSED [ 95%]
tests/unit/utils/logging/test_mask.py::test_logger_filter_masks_paths_in_messages PASSED [ 95%]
tests/unit/utils/test_collate.py::TestTUABCollate::test_collate_19_channels PASSED [ 95%]
tests/unit/utils/test_collate.py::TestTUABCollate::test_collate_20_channels_rejected PASSED [ 95%]
tests/unit/utils/test_collate.py::TestTUABCollate::test_collate_tensor_labels PASSED [ 95%]
tests/unit/utils/test_collate.py::TestTUABCollate::test_collate_invalid_channels_raises PASSED [ 95%]
tests/unit/utils/test_collate.py::TestTUABCollate::test_19_channel_invariant_strict PASSED [ 95%]
tests/unit/utils/test_collate.py::TestTUEVCollate::test_collate_20_channels PASSED [ 95%]
tests/unit/utils/test_collate.py::TestTUEVCollate::test_collate_tensor_labels PASSED [ 96%]
tests/unit/utils/test_collate.py::TestTUEVCollate::test_collate_invalid_channels_raises PASSED [ 96%]
tests/unit/utils/test_collate.py::TestTUEVCollate::test_collate_preserves_label_range PASSED [ 96%]
tests/unit/utils/test_coverage_legitimate.py::TestLoggingUtils::test_mask_path_for_log PASSED [ 96%]
tests/unit/utils/test_coverage_legitimate.py::TestLoggingUtils::test_mask_paths_in_message PASSED [ 96%]
tests/unit/utils/test_coverage_legitimate.py::TestLoggingUtils::test_mask_path_with_home_directory PASSED [ 96%]
tests/unit/utils/test_coverage_legitimate.py::TestDomainExceptions::test_exception_inheritance PASSED [ 96%]
tests/unit/utils/test_coverage_legitimate.py::TestDomainExceptions::test_exception_messages PASSED [ 96%]
tests/unit/utils/test_coverage_legitimate.py::TestUtilityFunctions::test_collate_utils_import PASSED [ 96%]
tests/unit/utils/test_coverage_legitimate.py::TestUtilityFunctions::test_time_utils PASSED [ 96%]
tests/unit/utils/test_coverage_legitimate.py::TestApplicationConfig::test_config_defaults PASSED [ 97%]
tests/unit/utils/test_coverage_legitimate.py::TestApplicationConfig::test_config_path_methods PASSED [ 97%]
tests/unit/utils/test_coverage_legitimate.py::TestSerializationUtils::test_serialization_imports PASSED [ 97%]
tests/unit/utils/test_coverage_legitimate.py::TestSerializationUtils::test_safe_load PASSED [ 97%]
tests/unit/utils/test_probe_utils.py::TestProbeFeaturePreparation::test_error_on_single_512_vector PASSED [ 97%]
tests/unit/utils/test_probe_utils.py::TestProbeFeaturePreparation::test_error_on_batch_512 PASSED [ 97%]
tests/unit/utils/test_probe_utils.py::TestProbeFeaturePreparation::test_accept_single_4x512 PASSED [ 97%]
tests/unit/utils/test_probe_utils.py::TestProbeFeaturePreparation::test_accept_batch_4x512 PASSED [ 97%]
tests/unit/utils/test_probe_utils.py::TestProbeFeaturePreparation::test_passthrough_batch_2048 PASSED [ 97%]
tests/unit/utils/test_probe_utils.py::TestProbeFeaturePreparation::test_passthrough_single_2048 PASSED [ 98%]
tests/unit/utils/test_probe_utils.py::TestProbeFeaturePreparation::test_error_on_wrong_dimensions PASSED [ 98%]
tests/unit/utils/test_probe_utils.py::TestProbeFeaturePreparation::test_preserves_device PASSED [ 98%]
tests/unit/utils/test_probe_utils.py::TestProbeFeaturePreparation::test_preserves_dtype PASSED [ 98%]
tests/unit/utils/test_probe_utils.py::TestProbeFeaturePreparation::test_gradient_flow PASSED [ 98%]
tests/unit/utils/test_time.py::TestTimeUtils::test_utc_now_returns_aware_datetime PASSED [ 98%]
tests/unit/utils/test_time.py::TestTimeUtils::test_utc_now_is_current_time PASSED [ 98%]
tests/unit/utils/test_time.py::TestTimeUtils::test_format_timestamp_default PASSED [ 98%]
tests/unit/utils/test_time.py::TestTimeUtils::test_format_timestamp_with_datetime PASSED [ 98%]
tests/unit/utils/test_time.py::TestTimeUtils::test_format_timestamp_none_uses_current PASSED [ 99%]
tests/unit/utils/test_time.py::TestTimeUtils::test_timestamp_for_logging_format PASSED [ 99%]
tests/unit/utils/test_time.py::TestTimeUtils::test_utc_constant_compatibility PASSED [ 99%]
tests/unit/utils/test_time.py::TestTimeUtils::test_timestamps_are_sortable PASSED [ 99%]
tests/unit/utils/test_time.py::TestTimeUtils::test_timestamp_precision PASSED [ 99%]
tests/unit/utils/test_time.py::TestTimeUtils::test_logging_timestamp_readable PASSED [ 99%]
tests/unit/utils/test_time.py::TestTimeConsistency::test_multiple_calls_increase_monotonically PASSED [ 99%]
tests/unit/utils/test_time.py::TestTimeConsistency::test_format_consistency PASSED [ 99%]
tests/unit/utils/test_time.py::TestTimeConsistency::test_timezone_awareness_preserved PASSED [ 99%]
tests/unit/utils/test_time.py::TestTimeConsistency::test_utc_everywhere PASSED [100%]

=============================== warnings summary ===============================
src/brain_go_brrr/infra/adapters/model_adapter.py:15
  /mnt/c/Users/JJ/Desktop/Clarity-Digital-Twin/brain-go-brrr/src/brain_go_brrr/infra/adapters/model_adapter.py:15: DeprecationWarning: eegpt_compat is deprecated. Import from eegpt_wrapper directly.
    from brain_go_brrr.infra.ml_models.eegpt_compat import EEGPTModel

tests/unit/infra/cache/test_factory.py:7
  /mnt/c/Users/JJ/Desktop/Clarity-Digital-Twin/brain-go-brrr/tests/unit/infra/cache/test_factory.py:7: DeprecationWarning: cache_factory is deprecated and will be removed in v2.0.0. Use brain_go_brrr.infra.cache directly.
    from brain_go_brrr.infra.cache_factory import MemoryCache, get_cache

tests/unit/application/test_abnormality_probe_checkpoint_loading.py::test_load_head_checkpoint_supports_both_formats
  /mnt/c/Users/JJ/Desktop/Clarity-Digital-Twin/brain-go-brrr/tests/unit/application/test_abnormality_probe_checkpoint_loading.py:65: PendingDeprecationWarning: AbnormalityDetectionProbe API may change in a future minor release. Prefer orchestration helpers for long-lived code.
    probe = AbnormalityDetectionProbe(checkpoint_path=tmp_path / "dummy.ckpt")

tests/unit/infra/ml_models/test_probe_unified.py::TestProbeInitialization::test_linear_architecture_with_injected_backbone
  /mnt/c/Users/JJ/Desktop/Clarity-Digital-Twin/brain-go-brrr/tests/unit/infra/ml_models/test_probe_unified.py:61: DeprecationWarning: EEGPTProbe is deprecated and will be removed in v2.0.0. Use ProbeFactory.create() instead for new code.
    probe = EEGPTProbe(

tests/unit/infra/ml_models/test_probe_unified.py::TestProbeInitialization::test_two_layer_architecture
  /mnt/c/Users/JJ/Desktop/Clarity-Digital-Twin/brain-go-brrr/tests/unit/infra/ml_models/test_probe_unified.py:69: DeprecationWarning: EEGPTProbe is deprecated and will be removed in v2.0.0. Use ProbeFactory.create() instead for new code.
    probe = EEGPTProbe(

tests/unit/infra/ml_models/test_probe_unified.py::TestProbeBranches::test_robust_mode_replaces_nans_and_clips
  /mnt/c/Users/JJ/Desktop/Clarity-Digital-Twin/brain-go-brrr/tests/unit/infra/ml_models/test_probe_unified.py:79: DeprecationWarning: EEGPTProbe is deprecated and will be removed in v2.0.0. Use ProbeFactory.create() instead for new code.
    probe = EEGPTProbe(backbone=FakeBackboneSimple(), robust_mode=True, freeze_backbone=True)

tests/unit/infra/ml_models/test_probe_unified.py::TestProbeBranches::test_channel_adapter_path
  /mnt/c/Users/JJ/Desktop/Clarity-Digital-Twin/brain-go-brrr/tests/unit/infra/ml_models/test_probe_unified.py:88: DeprecationWarning: EEGPTProbe is deprecated and will be removed in v2.0.0. Use ProbeFactory.create() instead for new code.
    probe = EEGPTProbe(

tests/unit/infra/ml_models/test_probe_unified.py::TestProbeBranches::test_return_all_temporal_branch
  /mnt/c/Users/JJ/Desktop/Clarity-Digital-Twin/brain-go-brrr/tests/unit/infra/ml_models/test_probe_unified.py:99: DeprecationWarning: EEGPTProbe is deprecated and will be removed in v2.0.0. Use ProbeFactory.create() instead for new code.
    probe = EEGPTProbe(backbone=FakeBackboneAccepts(), freeze_backbone=True)

tests/unit/infra/ml_models/test_probe_unified.py::TestProbeBranches::test_unexpected_feature_shape_raises
  /mnt/c/Users/JJ/Desktop/Clarity-Digital-Twin/brain-go-brrr/tests/unit/infra/ml_models/test_probe_unified.py:105: DeprecationWarning: EEGPTProbe is deprecated and will be removed in v2.0.0. Use ProbeFactory.create() instead for new code.
    probe = EEGPTProbe(backbone=FakeBackboneBadShape(), freeze_backbone=True)

tests/unit/infra/ml_models/test_robust_probe.py::TestRobustEEGPTLinearProbeClean::test_init_creates_probe
  /mnt/c/Users/JJ/Desktop/Clarity-Digital-Twin/brain-go-brrr/tests/unit/infra/ml_models/test_robust_probe.py:70: DeprecationWarning: EEGPTProbe is deprecated and will be removed in v2.0.0. Use ProbeFactory.create() instead for new code.
    probe = EEGPTProbe(

tests/unit/infra/ml_models/test_robust_probe.py::TestRobustEEGPTLinearProbeClean::test_validate_and_clean_input
  /mnt/c/Users/JJ/Desktop/Clarity-Digital-Twin/brain-go-brrr/tests/unit/infra/ml_models/test_robust_probe.py:88: DeprecationWarning: EEGPTProbe is deprecated and will be removed in v2.0.0. Use ProbeFactory.create() instead for new code.
    probe = EEGPTProbe(

tests/unit/infra/ml_models/test_robust_probe.py::TestRobustEEGPTLinearProbeClean::test_robust_normalize
  /mnt/c/Users/JJ/Desktop/Clarity-Digital-Twin/brain-go-brrr/tests/unit/infra/ml_models/test_robust_probe.py:115: DeprecationWarning: EEGPTProbe is deprecated and will be removed in v2.0.0. Use ProbeFactory.create() instead for new code.
    probe = EEGPTProbe(

tests/unit/infra/ml_models/test_robust_probe.py::TestRobustEEGPTLinearProbeClean::test_forward_pass_shape
  /mnt/c/Users/JJ/Desktop/Clarity-Digital-Twin/brain-go-brrr/tests/unit/infra/ml_models/test_robust_probe.py:140: DeprecationWarning: EEGPTProbe is deprecated and will be removed in v2.0.0. Use ProbeFactory.create() instead for new code.
    probe = EEGPTProbe(

tests/unit/infra/ml_models/test_robust_probe.py::TestRobustEEGPTLinearProbeClean::test_predict_proba
  /mnt/c/Users/JJ/Desktop/Clarity-Digital-Twin/brain-go-brrr/tests/unit/infra/ml_models/test_robust_probe.py:156: DeprecationWarning: EEGPTProbe is deprecated and will be removed in v2.0.0. Use ProbeFactory.create() instead for new code.
    probe = EEGPTProbe(

tests/unit/infra/ml_models/test_robust_probe.py::TestRobustEEGPTLinearProbeClean::test_get_num_trainable_params
  /mnt/c/Users/JJ/Desktop/Clarity-Digital-Twin/brain-go-brrr/tests/unit/infra/ml_models/test_robust_probe.py:176: DeprecationWarning: EEGPTProbe is deprecated and will be removed in v2.0.0. Use ProbeFactory.create() instead for new code.
    probe = EEGPTProbe(

tests/unit/infra/ml_models/test_robust_probe.py::TestRobustEEGPTLinearProbeClean::test_save_and_load_probe
  /mnt/c/Users/JJ/Desktop/Clarity-Digital-Twin/brain-go-brrr/tests/unit/infra/ml_models/test_robust_probe.py:193: DeprecationWarning: EEGPTProbe is deprecated and will be removed in v2.0.0. Use ProbeFactory.create() instead for new code.
    probe = EEGPTProbe(

tests/unit/infra/ml_models/test_robust_probe.py::TestRobustEEGPTLinearProbeClean::test_save_and_load_probe
  /mnt/c/Users/JJ/Desktop/Clarity-Digital-Twin/brain-go-brrr/tests/unit/infra/ml_models/test_robust_probe.py:209: DeprecationWarning: EEGPTProbe is deprecated and will be removed in v2.0.0. Use ProbeFactory.create() instead for new code.
    probe2 = EEGPTProbe(

tests/unit/infra/ml_models/test_robust_probe.py::TestRobustEEGPTLinearProbeClean::test_forward_with_nan_input
  /mnt/c/Users/JJ/Desktop/Clarity-Digital-Twin/brain-go-brrr/tests/unit/infra/ml_models/test_robust_probe.py:228: DeprecationWarning: EEGPTProbe is deprecated and will be removed in v2.0.0. Use ProbeFactory.create() instead for new code.
    probe = EEGPTProbe(

tests/unit/infra/ml_models/test_robust_probe.py::TestRobustEEGPTLinearProbeClean::test_freeze_backbone_parameters
  /mnt/c/Users/JJ/Desktop/Clarity-Digital-Twin/brain-go-brrr/tests/unit/infra/ml_models/test_robust_probe.py:250: DeprecationWarning: EEGPTProbe is deprecated and will be removed in v2.0.0. Use ProbeFactory.create() instead for new code.
    probe = EEGPTProbe(

tests/unit/infra/ml_models/test_robust_probe.py::TestRobustEEGPTLinearProbeClean::test_multi_class_classification
  /mnt/c/Users/JJ/Desktop/Clarity-Digital-Twin/brain-go-brrr/tests/unit/infra/ml_models/test_robust_probe.py:270: DeprecationWarning: EEGPTProbe is deprecated and will be removed in v2.0.0. Use ProbeFactory.create() instead for new code.
    probe = EEGPTProbe(

tests/unit/infra/ml_models/test_robust_probe.py::TestRobustEEGPTLinearProbeClean::test_mixed_precision_compatibility
  /mnt/c/Users/JJ/Desktop/Clarity-Digital-Twin/brain-go-brrr/tests/unit/infra/ml_models/test_robust_probe.py:288: DeprecationWarning: EEGPTProbe is deprecated and will be removed in v2.0.0. Use ProbeFactory.create() instead for new code.
    probe = EEGPTProbe(

tests/unit/infra/ml_models/test_robust_probe.py::TestRobustEEGPTLinearProbeClean::test_different_batch_sizes
  /mnt/c/Users/JJ/Desktop/Clarity-Digital-Twin/brain-go-brrr/tests/unit/infra/ml_models/test_robust_probe.py:308: DeprecationWarning: EEGPTProbe is deprecated and will be removed in v2.0.0. Use ProbeFactory.create() instead for new code.
    probe = EEGPTProbe(

tests/unit/infra/ml_models/test_robust_probe.py::TestRobustEEGPTLinearProbeClean::test_probe_head_architecture
  /mnt/c/Users/JJ/Desktop/Clarity-Digital-Twin/brain-go-brrr/tests/unit/infra/ml_models/test_robust_probe.py:325: DeprecationWarning: EEGPTProbe is deprecated and will be removed in v2.0.0. Use ProbeFactory.create() instead for new code.
    probe = EEGPTProbe(

-- Docs: https://docs.pytest.org/en/stable/how-to/capture-warnings.html
============================= slowest 10 durations =============================
27.95s call     tests/smoke/test_e2e_pipeline_synthetic.py::test_e2e_on_synthetic_raw
16.50s call     tests/smoke/test_factories_contract.py::test_factories_present_and_callable
14.37s call     tests/smoke/test_cli_and_version.py::test_cli_version_matches_package
8.56s call     tests/smoke/test_end_to_end_wiring.py::test_api_to_domain_integration
4.61s call     tests/unit/domain/abnormal/test_preprocessor.py::TestEEGPreprocessor::test_preprocessing_performance
4.57s call     tests/unit/domain/abnormal/test_preprocessor.py::TestEEGPreprocessor::test_full_preprocessing_pipeline
3.44s call     tests/unit/domain/preprocessing/test_flexible.py::TestFlexibleEEGPreprocessor::test_preprocess_tuh_with_positions
3.37s call     tests/unit/infra/ml_models/test_contract_fuzzer.py::TestEEGPTContractFuzzing::test_extract_features_shape_contract
3.09s call     tests/unit/domain/preprocessing/test_flexible.py::TestFlexibleEEGPreprocessor::test_resampling_handling
3.00s call     tests/unit/domain/preprocessing/test_flexible.py::TestFlexibleEEGPreprocessor::test_preprocessing_pipeline_order
=========================== short test summary info ============================
SKIPPED [2] tests/unit/data/test_edf_loader_unit.py: skipping data-backed tests (set BGB_DATA_ROOT and pass --run-data)
SKIPPED [3] tests/unit/data/test_edf_streaming_edges.py: skipping data-backed tests (set BGB_DATA_ROOT and pass --run-data)
SKIPPED [1] tests/unit/domain/sleep/test_analysis.py:154: skipping data-backed tests (set BGB_DATA_ROOT and pass --run-data)
SKIPPED [1] tests/unit/domain/sleep/test_analysis.py:172: skipping data-backed tests (set BGB_DATA_ROOT and pass --run-data)
SKIPPED [3] tests/unit/domain/sleep/test_analysis.py:196: skipping data-backed tests (set BGB_DATA_ROOT and pass --run-data)
SKIPPED [8] tests/unit/domain/sleep/test_montage_detection.py: skipping data-backed tests (set BGB_DATA_ROOT and pass --run-data)
SKIPPED [1] tests/unit/infra/cache/test_factory.py:199: Redis not available for testing
SKIPPED [6] tests/unit/infra/data/test_edf_loader.py: skipping data-backed tests (set BGB_DATA_ROOT and pass --run-data)
SKIPPED [9] tests/unit/infra/data/test_edf_streaming.py: skipping data-backed tests (set BGB_DATA_ROOT and pass --run-data)
SKIPPED [12] tests/unit/infra/data/test_edf_validator.py: skipping data-backed tests (set BGB_DATA_ROOT and pass --run-data)
SKIPPED [1] tests/unit/models/test_linear_probe.py:125: TwoLayerProbe module not found
SKIPPED [1] tests/unit/models/test_linear_probe.py:137: TwoLayerProbe module not found
=== 881 passed, 48 skipped, 388 deselected, 23 warnings in 142.88s (0:02:22) ===
