<?xml version="1.0" encoding="utf-8"?><testsuites name="pytest tests"><testsuite name="pytest" errors="4" failures="9" skipped="48" tests="901" time="198.587" timestamp="2025-09-03T08:53:55.290468-04:00" hostname="DESKTOP-L9V85UA"><testcase classname="tests.unit.domain.test_channels.TestChannelConstants" name="test_tuab_has_19_channels" time="0.731"><failure message="AssertionError: assert 'FP1' in ['Fp1', 'Fp2', 'F7', 'F3', 'F4', 'F8', ...]">tests/unit/domain/test_channels.py:23: in test_tuab_has_19_channels
    assert "FP1" in CHANNELS_TUAB_19
E   AssertionError: assert 'FP1' in ['Fp1', 'Fp2', 'F7', 'F3', 'F4', 'F8', ...]</failure></testcase><testcase classname="tests.unit.domain.quality.test_controller.TestEEGQualityControllerClean" name="test_init_controller" time="0.709" /><testcase classname="tests.unit.domain.test_settings.TestAbnormalitySettings" name="test_default_settings_are_valid" time="0.711" /><testcase classname="tests.unit.infra.ml_models.test_compat_coverage.TestEEGPTConfigEdgeCases" name="test_config_post_init_calculates_window_samples" time="0.708" /><testcase classname="tests.unit.domain.ports.test_behavior.TestEEGPreprocessorPort" name="test_preprocessor_implements_protocol" time="0.709" /><testcase classname="tests.unit.infra.cache.test_factory.TestMemoryCache" name="test_memory_cache_get_set" time="0.721" /><testcase classname="tests.unit.domain.preprocessing.test_pipeline.TestBandpassFilter" name="test_bandpass_filter_initialization" time="0.749" /><testcase classname="tests.unit.domain.test_settings.TestAbnormalitySettings" name="test_immutability" time="0.006" /><testcase classname="tests.unit.infra.ml_models.test_pipeline.TestEEGPTPreprocessing" name="test_preprocess_resampling" time="0.894" /><testcase classname="tests.unit.domain.ports.test_behavior.TestEEGPreprocessorPort" name="test_transform_normalizes_data" time="0.007" /><testcase classname="tests.unit.infra.ml_models.test_compat_coverage.TestEEGPTConfigEdgeCases" name="test_config_n_patches_per_window_property" time="0.001" /><testcase classname="tests.unit.domain.quality.test_controller.TestEEGQualityControllerClean" name="test_init_with_eegpt_path" time="0.329" /><testcase classname="tests.unit.infra.ml_models.test_compat_coverage.TestEEGPTConfigEdgeCases" name="test_config_validation_raises_on_indivisible_samples" time="0.007" /><testcase classname="tests.unit.domain.test_settings.TestAbnormalitySettings" name="test_validate_abnormal_threshold_bounds" time="0.001" /><testcase classname="tests.unit.infra.cache.test_factory.TestMemoryCache" name="test_memory_cache_stores_any_type" time="0.001" /><testcase classname="tests.unit.domain.ports.test_behavior.TestEEGPreprocessorPort" name="test_transform_handles_different_sizes" time="0.013" /><testcase classname="tests.unit.application.jobs.test_store_behavior.TestJobStoreBasicOperations" name="test_create_and_get_job" time="0.746" /><testcase classname="tests.unit.domain.test_settings.TestAbnormalitySettings" name="test_validate_confidence_threshold_bounds" time="0.001" /><testcase classname="tests.unit.infra.cache.test_factory.TestMemoryCache" name="test_memory_cache_delete" time="0.000" /><testcase classname="tests.unit.infra.ml_models.test_compat_coverage.TestEEGPTModelEdgeCases" name="test_model_with_dict_config" time="0.001" /><testcase classname="tests.unit.domain.test_settings.TestAbnormalitySettings" name="test_validate_triage_threshold_ordering" time="0.002" /><testcase classname="tests.unit.infra.cache.test_factory.TestMemoryCache" name="test_memory_cache_exists" time="0.001" /><testcase classname="tests.unit.infra.ml_models.test_compat_coverage.TestEEGPTModelEdgeCases" name="test_model_with_object_config" time="0.001" /><testcase classname="tests.unit.domain.test_settings.TestAbnormalitySettings" name="test_validate_window_duration" time="0.001" /><testcase classname="tests.unit.infra.ml_models.test_compat_coverage.TestEEGPTModelEdgeCases" name="test_extract_windows_method" time="0.001" /><testcase classname="tests.unit.infra.cache.test_factory.TestMemoryCache" name="test_memory_cache_clear" time="0.001" /><testcase classname="tests.unit.domain.ports.test_behavior.TestAbnormalityHeadPort" name="test_head_implements_protocol" time="0.001" /><testcase classname="tests.unit.domain.test_settings.TestAbnormalitySettings" name="test_validate_window_overlap" time="0.001" /><testcase classname="tests.unit.infra.ml_models.test_compat_coverage.TestEEGPTModelEdgeCases" name="test_extract_features_batch_with_numpy" time="0.117" /><testcase classname="tests.unit.infra.cache.test_factory.TestMemoryCache" name="test_memory_cache_close" time="0.001" /><testcase classname="tests.unit.domain.test_settings.TestAbnormalitySettings" name="test_all_parameters_configurable" time="0.000" /><testcase classname="tests.unit.domain.ports.test_behavior.TestAbnormalityHeadPort" name="test_predict_proba_returns_probability" time="0.001" /><testcase classname="tests.unit.domain.preprocessing.test_pipeline.TestBandpassFilter" name="test_bandpass_filter_removes_dc_offset" time="0.027" /><testcase classname="tests.unit.domain.test_settings.TestQualitySettings" name="test_default_settings" time="0.001" /><testcase classname="tests.unit.infra.cache.test_factory.TestMemoryCache" name="test_memory_cache_ttl_tracking" time="0.001" /><testcase classname="tests.unit.application.jobs.test_store_behavior.TestJobStoreBasicOperations" name="test_create_duplicate_raises" time="0.007" /><testcase classname="tests.unit.domain.ports.test_behavior.TestAbnormalityHeadPort" name="test_threshold_affects_predictions" time="0.001" /><testcase classname="tests.unit.domain.test_settings.TestQualitySettings" name="test_immutability" time="0.000" /><testcase classname="tests.unit.infra.cache.test_factory.TestMemoryCache" name="test_memory_cache_isolation" time="0.001" /><testcase classname="tests.unit.domain.ports.test_behavior.TestFeatureExtractorPort" name="test_extractor_implements_protocol" time="0.000" /><testcase classname="tests.unit.domain.test_settings.TestQualitySettings" name="test_custom_thresholds" time="0.000" /><testcase classname="tests.unit.presentation.test_pdf_report.TestPDFReportGeneration" name="test_pdf_report_structure" time="4.529" /><testcase classname="tests.unit.domain.test_settings.TestQualitySettings" name="test_weight_configuration" time="0.000" /><testcase classname="tests.unit.domain.ports.test_behavior.TestFeatureExtractorPort" name="test_extract_returns_features" time="0.016" /><testcase classname="tests.unit.infra.cache.test_factory.TestCacheFactory" name="test_get_cache_memory_backend" time="0.001" /><testcase classname="tests.unit.domain.test_settings.TestQualitySettings" name="test_minimum_requirements" time="0.000" /><testcase classname="tests.unit.application.jobs.test_store_behavior.TestJobStoreBasicOperations" name="test_get_nonexistent_returns_none" time="0.001" /><testcase classname="tests.unit.domain.test_settings.TestFeatureSettings" name="test_default_frequency_bands" time="0.001" /><testcase classname="tests.unit.infra.cache.test_factory.TestCacheFactory" name="test_get_cache_invalid_backend" time="0.008" /><testcase classname="tests.unit.application.jobs.test_store_behavior.TestJobStoreBasicOperations" name="test_update_job_fields" time="0.001" /><testcase classname="tests.unit.domain.test_settings.TestFeatureSettings" name="test_default_preprocessing_parameters" time="0.000" /><testcase classname="tests.unit.domain.preprocessing.test_pipeline.TestBandpassFilter" name="test_bandpass_filter_removes_high_frequencies" time="0.015" /><testcase classname="tests.unit.application.jobs.test_store_behavior.TestJobStoreBasicOperations" name="test_update_nonexistent_returns_false" time="0.001" /><testcase classname="tests.unit.domain.test_settings.TestFeatureSettings" name="test_immutability" time="0.000" /><testcase classname="tests.unit.domain.test_settings.TestFeatureSettings" name="test_custom_frequency_bands" time="0.000" /><testcase classname="tests.unit.application.jobs.test_store_behavior.TestJobStoreBasicOperations" name="test_patch_specific_fields" time="0.001" /><testcase classname="tests.unit.domain.ports.test_behavior.TestFeatureExtractorPort" name="test_extract_consistent_features" time="0.001" /><testcase classname="tests.unit.infra.cache.test_factory.TestCacheFactory" name="test_get_cache_default_to_env" time="0.001" /><testcase classname="tests.unit.domain.test_settings.TestFeatureSettings" name="test_window_parameters" time="0.001" /><testcase classname="tests.unit.infra.redis.test_pool.TestCircuitBreaker" name="test_initial_state" time="0.821" /><testcase classname="tests.unit.domain.test_settings.TestFeatureSettings" name="test_fft_and_entropy_parameters" time="0.001" /><testcase classname="tests.unit.domain.ports.test_behavior.TestLoggerPort" name="test_logger_implements_protocol" time="0.001" /><testcase classname="tests.unit.infra.cache.test_factory.TestCacheFactory" name="test_get_cache_redis_backend" time="0.001"><skipped type="pytest.skip" message="Redis not available for testing">/mnt/c/Users/JJ/Desktop/Clarity-Digital-Twin/brain-go-brrr/tests/unit/infra/cache/test_factory.py:199: Redis not available for testing</skipped></testcase><testcase classname="tests.unit.application.jobs.test_store_behavior.TestJobStoreBasicOperations" name="test_patch_invalid_field_raises" time="0.001" /><testcase classname="tests.unit.domain.test_settings.TestFeatureSettings" name="test_notch_freq_for_us_standard" time="0.000" /><testcase classname="tests.unit.domain.ports.test_behavior.TestLoggerPort" name="test_logger_methods_capture_messages" time="0.001" /><testcase classname="tests.unit.application.jobs.test_store_behavior.TestJobStoreBasicOperations" name="test_patch_nonexistent_job_returns_false" time="0.000" /><testcase classname="tests.unit.domain.preprocessing.test_pipeline.TestBandpassFilter" name="test_bandpass_filter_multichannel" time="0.005" /><testcase classname="tests.unit.domain.test_settings.TestFeatureSettings" name="test_all_parameters_configurable" time="0.000" /><testcase classname="tests.unit.domain.test_settings.TestSettingsInteraction" name="test_settings_independence" time="0.000" /><testcase classname="tests.unit.domain.ports.test_behavior.TestLoggerPort" name="test_logger_clear_functionality" time="0.001" /><testcase classname="tests.unit.domain.preprocessing.test_pipeline.TestNotchFilter" name="test_notch_filter_initialization" time="0.001" /><testcase classname="tests.unit.application.jobs.test_store_behavior.TestJobStoreThreadSafety" name="test_concurrent_creates_different_jobs" time="0.004" /><testcase classname="tests.unit.domain.test_settings.TestSettingsInteraction" name="test_combined_usage_pattern" time="0.001" /><testcase classname="tests.unit.domain.preprocessing.test_pipeline.TestNotchFilter" name="test_notch_filter_removes_target_frequency" time="0.002" /><testcase classname="tests.unit.domain.ports.test_behavior.TestMneRawProtocol" name="test_mock_implements_protocol" time="0.001" /><testcase classname="tests.unit.domain.test_settings.TestSettingsInteraction" name="test_settings_hashability" time="0.000" /><testcase classname="tests.unit.infra.serialization.test_edge_cases.TestSerializationEdgeCases" name="test_serialize_none_values" time="0.846" /><testcase classname="tests.unit.application.jobs.test_store_behavior.TestJobStoreThreadSafety" name="test_concurrent_creates_same_job" time="0.004" /><testcase classname="tests.unit.domain.preprocessing.test_pipeline.TestNotchFilter" name="test_notch_filter_preserves_nearby_frequencies" time="0.002" /><testcase classname="tests.unit.infra.ml_models.test_probe.TestLinearProbeHead" name="test_initialization" time="0.067" /><testcase classname="tests.unit.domain.ports.test_behavior.TestMneRawProtocol" name="test_raw_properties" time="0.001" /><testcase classname="tests.unit.infra.cache.test_factory.TestCacheFactory" name="test_memory_cache_conforms_to_protocol" time="0.001" /><testcase classname="tests.unit.domain.ports.test_behavior.TestMneRawProtocol" name="test_raw_get_data" time="0.001" /><testcase classname="tests.unit.domain.preprocessing.test_pipeline.TestNormalizer" name="test_zscore_normalization_single_channel" time="0.001" /><testcase classname="tests.unit.infra.cache.test_factory.TestCacheFactory" name="test_factory_deprecation_warning" time="0.001" /><testcase classname="tests.unit.application.jobs.test_store_behavior.TestJobStoreThreadSafety" name="test_concurrent_updates" time="0.012" /><testcase classname="tests.unit.domain.preprocessing.test_pipeline.TestNormalizer" name="test_zscore_normalization_multichannel" time="0.003" /><testcase classname="tests.unit.domain.ports.test_behavior.TestMneRawProtocol" name="test_raw_copy" time="0.000" /><testcase classname="tests.unit.infra.cache.test_factory.TestCacheFactoryEdgeCases" name="test_memory_cache_empty_string_key" time="0.001" /><testcase classname="tests.unit.infra.redis.test_pool.TestCircuitBreaker" name="test_failure_threshold_reached" time="0.009" /><testcase classname="tests.unit.domain.ports.test_behavior.TestProtocolComposition" name="test_pipeline_composition" time="0.001" /><testcase classname="tests.unit.infra.cache.test_factory.TestCacheFactoryEdgeCases" name="test_memory_cache_none_value" time="0.001" /><testcase classname="tests.unit.domain.preprocessing.test_pipeline.TestNormalizer" name="test_robust_normalization_with_outliers" time="0.025" /><testcase classname="tests.unit.infra.cache.test_factory.TestCacheFactoryEdgeCases" name="test_memory_cache_large_value" time="0.001" /><testcase classname="tests.unit.application.jobs.test_store_behavior.TestJobStoreThreadSafety" name="test_concurrent_read_while_updating" time="0.109" /><testcase classname="tests.unit.infra.redis.test_pool.TestCircuitBreaker" name="test_success_resets_failure_count" time="0.001" /><testcase classname="tests.unit.domain.preprocessing.test_window_extractor_edges.TestWindowExtractorEdgeCases" name="test_windows_count_with_overlap[0.0-2]" time="0.875" /><testcase classname="tests.unit.infra.cache.test_factory.TestCacheFactoryEdgeCases" name="test_memory_cache_many_keys" time="0.002" /><testcase classname="tests.unit.infra.redis.test_pool.TestCircuitBreaker" name="test_circuit_open_blocks_execution" time="0.001" /><testcase classname="tests.unit.infra.serialization.test_edge_cases.TestSerializationEdgeCases" name="test_serialize_empty_containers" time="0.001" /><testcase classname="tests.unit.infra.redis.test_pool.TestCircuitBreaker" name="test_circuit_recovery_after_timeout" time="0.201" /><testcase classname="tests.unit.infra.cache.test_factory.TestCacheFactoryEdgeCases" name="test_get_cache_case_sensitive" time="0.002" /><testcase classname="tests.unit.infra.serialization.test_edge_cases.TestSerializationEdgeCases" name="test_serialize_special_strings" time="0.001" /><testcase classname="tests.unit.api.test_app.TestNumpyEncoder" name="test_encode_numpy_integer" time="0.001" /><testcase classname="tests.unit.infra.serialization.test_edge_cases.TestSerializationEdgeCases" name="test_serialize_large_numbers" time="0.001" /><testcase classname="tests.unit.api.test_app.TestNumpyEncoder" name="test_encode_numpy_float" time="0.008" /><testcase classname="tests.unit.infra.ml_models.test_compat_coverage.TestEEGPTModelEdgeCases" name="test_extract_features_batch_with_torch" time="0.002" /><testcase classname="tests.unit.infra.serialization.test_edge_cases.TestSerializationEdgeCases" name="test_serialize_mixed_type_lists" time="0.001" /><testcase classname="tests.unit.domain.preprocessing.test_pipeline.TestResampler" name="test_downsampling_preserves_signal_content" time="0.051" /><testcase classname="tests.unit.infra.serialization.test_edge_cases.TestSerializationEdgeCases" name="test_serialize_deeply_nested" time="0.001" /><testcase classname="tests.unit.infra.ml_models.test_compat_coverage.TestEEGPTModelEdgeCases" name="test_extract_features_batch_without_encoder" time="0.007" /><testcase classname="tests.unit.infra.serialization.test_edge_cases.TestSerializationEdgeCases" name="test_deserialize_malformed_json" time="0.000" /><testcase classname="tests.unit.domain.preprocessing.test_window_extractor_edges.TestWindowExtractorEdgeCases" name="test_windows_count_with_overlap[2.0-4]" time="0.001" /><testcase classname="tests.unit.api.test_app.TestNumpyEncoder" name="test_encode_numpy_array" time="0.000" /><testcase classname="tests.unit.infra.serialization.test_edge_cases.TestSerializationEdgeCases" name="test_serialize_datetime_objects" time="0.010" /><testcase classname="tests.unit.api.test_app.TestNumpyEncoder" name="test_encode_regular_types_fallback" time="0.001" /><testcase classname="tests.unit.domain.preprocessing.test_window_extractor_edges.TestWindowExtractorEdgeCases" name="test_zero_stride_raises_error" time="0.010" /><testcase classname="tests.unit.infra.ml_models.test_compat_coverage.TestEEGPTModelEdgeCases" name="test_predict_abnormality_method" time="0.023" /><testcase classname="tests.unit.api.test_app.TestAppFactory" name="test_create_app_configuration" time="0.029" /><testcase classname="tests.unit.api.routers.test_cache.TestCacheRouterClean" name="test_get_cache_stats_success" time="0.269" /><testcase classname="tests.unit.infra.ml_models.test_probe.TestLinearProbeHead" name="test_forward_pass_3d_input" time="0.016" /><testcase classname="tests.unit.infra.ml_models.test_pipeline.TestEEGPTPreprocessing" name="test_preprocess_keeps_original_if_256hz" time="0.010" /><testcase classname="tests.unit.infra.serialization.test_edge_cases.TestSerializationEdgeCases" name="test_serialize_bytes_objects" time="0.001" /><testcase classname="tests.unit.domain.preprocessing.test_window_extractor_edges.TestWindowExtractorEdgeCases" name="test_negative_stride_windows" time="0.001" /><testcase classname="tests.unit.infra.serialization.test_edge_cases.TestSerializationEdgeCases" name="test_complex_nested_dataclass" time="0.001" /><testcase classname="tests.unit.domain.preprocessing.test_window_extractor_edges.TestWindowExtractorEdgeCases" name="test_short_data_returns_empty" time="0.001" /><testcase classname="tests.unit.domain.preprocessing.test_nan_policy.TestValidateNoNaN" name="test_validate_clean_numpy_array" time="0.934" /><testcase classname="tests.unit.infra.serialization.test_edge_cases.TestSerializationEdgeCases" name="test_registry_duplicate_registration" time="0.001" /><testcase classname="tests.unit.domain.preprocessing.test_window_extractor_edges.TestWindowExtractorEdgeCases" name="test_exact_window_size" time="0.001" /><testcase classname="tests.unit.infra.ml_models.test_probe.TestLinearProbeHead" name="test_forward_pass_2d_input" time="0.001" /><testcase classname="tests.unit.infra.ml_models.test_compat_coverage.TestEEGPTModelEdgeCases" name="test_cleanup_method" time="0.002" /><testcase classname="tests.unit.infra.serialization.test_edge_cases.TestSerializationEdgeCases" name="test_serialize_special_dict_keys" time="0.002" /><testcase classname="tests.unit.domain.preprocessing.test_window_extractor_edges.TestLinearProbeHeadErrors" name="test_linear_probe_wrong_input_dim" time="0.070" /><testcase classname="tests.unit.infra.ml_models.test_pipeline.TestEEGPTPreprocessing" name="test_preprocess_preserves_data_continuity" time="0.039" /><testcase classname="tests.unit.infra.ml_models.test_compat_coverage.TestEEGPTModelEdgeCases" name="test_get_cached_channel_ids" time="0.001" /><testcase classname="tests.unit.infra.ml_models.test_probe.TestLinearProbeHead" name="test_predict_proba" time="0.002" /><testcase classname="tests.unit.infra.serialization.test_edge_cases.TestSerializationEdgeCases" name="test_serialize_recursive_list" time="0.001" /><testcase classname="tests.unit.infra.ml_models.test_compat_coverage.TestCompatibilityFunctions" name="test_preprocess_for_eegpt_with_filters" time="0.100" /><testcase classname="tests.unit.domain.preprocessing.test_pipeline.TestResampler" name="test_upsampling_interpolates_smoothly" time="0.001" /><testcase classname="tests.unit.infra.ml_models.test_probe.TestLinearProbeHead" name="test_gradient_flow" time="0.029" /><testcase classname="tests.unit.infra.serialization.test_edge_cases.TestSerializationEdgeCases" name="test_deserialize_with_escape_sequences" time="0.001" /><testcase classname="tests.unit.domain.preprocessing.test_pipeline.TestResampler" name="test_resampling_multichannel" time="0.002" /><testcase classname="tests.unit.infra.serialization.test_edge_cases.TestSerializationEdgeCases" name="test_serialize_inf_and_nan" time="0.001" /><testcase classname="tests.unit.domain.preprocessing.test_pipeline.TestPreprocessingPipeline" name="test_pipeline_configuration" time="0.002" /><testcase classname="tests.unit.infra.serialization.test_edge_cases.TestSerializationEdgeCases" name="test_deserialize_unicode_escapes" time="0.000" /><testcase classname="tests.unit.domain.preprocessing.test_nan_policy.TestValidateNoNaN" name="test_validate_clean_torch_tensor" time="0.001" /><testcase classname="tests.unit.domain.preprocessing.test_pipeline.TestPreprocessingPipeline" name="test_pipeline_end_to_end" time="0.012" /><testcase classname="tests.unit.infra.serialization.test_edge_cases.TestSerializationEdgeCases" name="test_serialize_pathlib_path" time="0.001" /><testcase classname="tests.unit.domain.preprocessing.test_nan_policy.TestValidateNoNaN" name="test_validate_raises_on_nan_numpy" time="0.008" /><testcase classname="tests.unit.infra.serialization.test_edge_cases.TestSerializationEdgeCases" name="test_deserialize_trailing_data" time="0.001" /><testcase classname="tests.unit.infra.serialization.test_edge_cases.TestSerializationEdgeCases" name="test_serialize_numpy_types" time="0.001" /><testcase classname="tests.unit.domain.preprocessing.test_nan_policy.TestValidateNoNaN" name="test_validate_raises_on_inf_numpy" time="0.001" /><testcase classname="tests.unit.domain.preprocessing.test_pipeline.TestPreprocessingPipeline" name="test_pipeline_with_nan_handling" time="0.006" /><testcase classname="tests.unit.infra.serialization.test_edge_cases.TestSerializationEdgeCases" name="test_deserialize_empty_string" time="0.000" /><testcase classname="tests.unit.infra.ml_models.test_probe.TestSleepStageProbe" name="test_initialization" time="0.001" /><testcase classname="tests.unit.domain.preprocessing.test_nan_policy.TestValidateNoNaN" name="test_validate_raises_on_nan_torch" time="0.002" /><testcase classname="tests.unit.application.jobs.test_store_behavior.TestJobStoreThreadSafety" name="test_delete_job" time="0.001" /><testcase classname="tests.unit.domain.preprocessing.test_window_tail" name="test_tail_handling_doesnt_produce_partial_frames" time="0.977" /><testcase classname="tests.unit.infra.ml_models.test_probe.TestSleepStageProbe" name="test_predict_stage" time="0.001" /><testcase classname="tests.unit.infra.serialization.test_edge_cases.TestSerializationEdgeCases" name="test_deserialize_whitespace_only" time="0.001" /><testcase classname="tests.unit.application.jobs.test_store_behavior.TestJobStoreThreadSafety" name="test_list_jobs" time="0.001" /><testcase classname="tests.unit.infra.ml_models.test_pipeline.TestEEGPTPreprocessing" name="test_preprocess_handles_bad_channels" time="0.047" /><testcase classname="tests.unit.domain.preprocessing.test_nan_policy.TestValidateNoNaN" name="test_validate_raises_on_inf_torch" time="0.006" /><testcase classname="tests.unit.application.jobs.test_store_behavior.TestJobStoreThreadSafety" name="test_list_jobs_by_status" time="0.001" /><testcase classname="tests.unit.infra.ml_models.test_probe.TestAbnormalityProbe" name="test_initialization" time="0.001" /><testcase classname="tests.unit.infra.serialization.test_edge_cases.TestSerializationEdgeCases" name="test_serialize_decimal" time="0.000" /><testcase classname="tests.unit.domain.preprocessing.test_pipeline.TestPreprocessingPipeline" name="test_pipeline_optional_components" time="0.001" /><testcase classname="tests.unit.infra.serialization.test_edge_cases.TestSerializationEdgeCases" name="test_dataclass_missing_from_dict" time="0.001" /><testcase classname="tests.unit.application.jobs.test_store_behavior.TestJobStoreThreadSafety" name="test_update_with_datetime" time="0.001" /><testcase classname="tests.unit.infra.ml_models.test_probe.TestAbnormalityProbe" name="test_predict_abnormal_probability" time="0.001" /><testcase classname="tests.unit.domain.preprocessing.test_pipeline.TestPreprocessingIntegration" name="test_tuab_preprocessing_spec" time="0.009" /><testcase classname="tests.unit.infra.serialization.test_edge_cases.TestSerializationEdgeCases" name="test_dataclass_missing_to_dict" time="0.001" /><testcase classname="tests.unit.infra.ml_models.test_probe.TestProbeFactory" name="test_create_sleep_probe" time="0.001" /><testcase classname="tests.unit.domain.preprocessing.test_nan_policy.TestValidateNoNaN" name="test_validate_unsupported_type" time="0.001" /><testcase classname="tests.unit.application.test_async_base.TestAsyncCapable" name="test_launch_from_sync_context" time="0.008" /><testcase classname="tests.unit.api.test_app.TestAppFactory" name="test_root_endpoint" time="0.274" /><testcase classname="tests.unit.domain.abnormal.test_preprocessor.TestEEGPreprocessor" name="test_preprocessor_initialization" time="0.001" /><testcase classname="tests.unit.domain.preprocessing.test_nan_policy.TestValidateNoNaN" name="test_validate_negative_inf" time="0.001" /><testcase classname="tests.unit.infra.ml_models.test_probe.TestProbeFactory" name="test_create_abnormality_probe" time="0.001" /><testcase classname="tests.unit.domain.preprocessing.test_nan_policy.TestSanitizeData" name="test_sanitize_zero_method_numpy" time="0.001" /><testcase classname="tests.unit.domain.preprocessing.test_pipeline.TestPreprocessingIntegration" name="test_memory_efficiency" time="0.014" /><testcase classname="tests.unit.domain.preprocessing.test_window_tail" name="test_zero_stride_raises_error" time="0.008" /><testcase classname="tests.unit.infra.ml_models.test_probe.TestProbeFactory" name="test_create_generic_probe" time="0.001" /><testcase classname="tests.unit.application.test_async_base.TestAsyncCapable" name="test_launch_async_from_async_context" time="0.002" /><testcase classname="tests.unit.domain.preprocessing.test_window_extractor_edges.TestLinearProbeHeadErrors" name="test_linear_probe_3d_input_error" time="0.001" /><testcase classname="tests.unit.domain.preprocessing.test_nan_policy.TestSanitizeData" name="test_sanitize_zero_method_torch" time="0.005" /><testcase classname="tests.unit.infra.ml_models.test_probe.TestProbeFactory" name="test_case_insensitive" time="0.001" /><testcase classname="tests.unit.application.test_async_base.TestAsyncCapable" name="test_launch_from_async_context_raises" time="0.002" /><testcase classname="tests.unit.domain.preprocessing.test_window_extractor_edges.TestLinearProbeHeadErrors" name="test_linear_probe_empty_batch" time="0.001" /><testcase classname="tests.unit.application.test_async_base.TestAsyncCapable" name="test_multiple_sync_launches" time="0.004" /><testcase classname="tests.unit.infra.ml_models.test_probe.TestIntegrationWithEEGPT" name="test_end_to_end_sleep_classification" time="0.001" /><testcase classname="tests.unit.domain.preprocessing.test_window_tail" name="test_negative_stride_handling" time="0.000" /><testcase classname="tests.unit.domain.preprocessing.test_nan_policy.TestSanitizeData" name="test_sanitize_median_method_1d" time="0.012" /><testcase classname="tests.unit.domain.preprocessing.test_window_extractor_edges.TestTimeUtilities" name="test_time_utils_format" time="0.001" /><testcase classname="tests.unit.infra.ml_models.test_probe.TestIntegrationWithEEGPT" name="test_batch_processing" time="0.001" /><testcase classname="tests.unit.domain.preprocessing.test_window_tail" name="test_exact_multiple_windows" time="0.005" /><testcase classname="tests.unit.domain.preprocessing.test_window_extractor_edges.TestTimeUtilities" name="test_utc_now_is_utc" time="0.000" /><testcase classname="tests.unit.domain.sleep.test_enhanced_analyzer.TestEnhancedSleepAnalyzer" name="test_analyzer_initialization" time="0.002" /><testcase classname="tests.unit.domain.test_exceptions.TestExceptionHierarchy" name="test_base_exception" time="0.001" /><testcase classname="tests.unit.application.test_async_base.TestAsyncAnalyzer" name="test_supports_default_implementation" time="0.000" /><testcase classname="tests.unit.domain.preprocessing.test_window_extractor_edges.TestTimeUtilities" name="test_format_timestamp_consistency" time="0.001" /><testcase classname="tests.unit.domain.test_exceptions.TestExceptionHierarchy" name="test_configuration_error" time="0.001" /><testcase classname="tests.unit.application.test_async_base.TestAsyncAnalyzer" name="test_supports_custom_implementation" time="0.001" /><testcase classname="tests.unit.domain.preprocessing.test_window_extractor_edges.TestSerializationFallback" name="test_serialize_unknown_type_raises" time="0.001" /><testcase classname="tests.unit.domain.preprocessing.test_window_tail" name="test_one_sample_short_of_window" time="0.000" /><testcase classname="tests.unit.domain.sleep.test_enhanced_analyzer.TestEnhancedSleepAnalyzer" name="test_yasa_config" time="0.001" /><testcase classname="tests.unit.domain.preprocessing.test_nan_policy.TestSanitizeData" name="test_sanitize_median_method_2d" time="0.001" /><testcase classname="tests.unit.application.test_async_base.TestAsyncAnalyzer" name="test_analyze_sync_method" time="0.002" /><testcase classname="tests.unit.domain.preprocessing.test_window_tail" name="test_overlap_creates_many_windows" time="0.000" /><testcase classname="tests.unit.domain.preprocessing.test_window_extractor_edges.TestSerializationFallback" name="test_serialize_numpy_array_raises" time="0.000" /><testcase classname="tests.unit.domain.sleep.test_enhanced_analyzer.TestEnhancedSleepAnalyzer" name="test_config_channel_preferences" time="0.000" /><testcase classname="tests.unit.domain.test_exceptions.TestExceptionHierarchy" name="test_processing_error" time="0.000" /><testcase classname="tests.unit.domain.test_exceptions.TestExceptionHierarchy" name="test_edf_load_error" time="0.000" /><testcase classname="tests.unit.domain.preprocessing.test_window_extractor_edges.TestSerializationFallback" name="test_serialize_circular_reference" time="0.000" /><testcase classname="tests.unit.domain.preprocessing.test_nan_policy.TestSanitizeData" name="test_sanitize_mean_method_1d" time="0.001" /><testcase classname="tests.unit.domain.preprocessing.test_window_tail" name="test_no_overlap_sequential_windows" time="0.001" /><testcase classname="tests.unit.application.test_async_base.TestAsyncAnalyzer" name="test_analyze_async_method" time="0.002" /><testcase classname="tests.unit.domain.test_exceptions.TestExceptionHierarchy" name="test_sleep_analysis_error" time="0.001" /><testcase classname="tests.unit.domain.sleep.test_enhanced_analyzer.TestEnhancedSleepAnalyzer" name="test_custom_channel_preferences" time="0.002" /><testcase classname="tests.unit.domain.preprocessing.test_nan_policy.TestSanitizeData" name="test_sanitize_mean_method_2d" time="0.001" /><testcase classname="tests.unit.domain.preprocessing.test_window_tail" name="test_high_sample_rate" time="0.001" /><testcase classname="tests.unit.domain.preprocessing.test_window_extractor_edges.TestEDFValidatorEdgeCases" name="test_edf_validator_rejects_short_header" time="0.002" /><testcase classname="tests.unit.domain.test_exceptions.TestExceptionHierarchy" name="test_unsupported_montage_error" time="0.000" /><testcase classname="tests.unit.domain.preprocessing.test_window_tail" name="test_low_sample_rate" time="0.000" /><testcase classname="tests.unit.domain.preprocessing.test_nan_policy.TestSanitizeData" name="test_sanitize_invalid_method" time="0.001" /><testcase classname="tests.unit.domain.preprocessing.test_window_extractor_edges.TestEDFValidatorEdgeCases" name="test_edf_validator_empty_file" time="0.001" /><testcase classname="tests.unit.application.test_async_base.TestAsyncAnalyzer" name="test_analyzer_inheritance_chain" time="0.003" /><testcase classname="tests.unit.domain.test_exceptions.TestExceptionHierarchy" name="test_model_load_error" time="0.000" /><testcase classname="tests.unit.infra.ml_models.test_compat_coverage.TestCompatibilityFunctions" name="test_preprocess_for_eegpt_with_target_sfreq" time="0.017" /><testcase classname="tests.unit.domain.preprocessing.test_window_tail" name="test_single_channel" time="0.001" /><testcase classname="tests.unit.domain.preprocessing.test_window_extractor_edges.TestEDFValidatorEdgeCases" name="test_edf_validator_nonexistent_file" time="0.001" /><testcase classname="tests.unit.domain.test_exceptions.TestExceptionHierarchy" name="test_feature_extraction_error" time="0.000" /><testcase classname="tests.unit.domain.preprocessing.test_nan_policy.TestSanitizeData" name="test_sanitize_unsupported_type" time="0.002" /><testcase classname="tests.unit.application.test_async_base.TestAsyncCapableEdgeCases" name="test_abstract_class_cannot_instantiate" time="0.001" /><testcase classname="tests.unit.domain.test_exceptions.TestExceptionHierarchy" name="test_model_inference_error" time="0.000" /><testcase classname="tests.unit.domain.preprocessing.test_window_extractor_edges.TestEDFValidatorEdgeCases" name="test_edf_validator_directory_input" time="0.001" /><testcase classname="tests.unit.domain.preprocessing.test_window_tail" name="test_many_channels" time="0.000" /><testcase classname="tests.unit.domain.test_exceptions.TestExceptionHierarchy" name="test_resource_errors" time="0.000" /><testcase classname="tests.unit.domain.preprocessing.test_window_tail" name="test_fractional_window_samples" time="0.001" /><testcase classname="tests.unit.application.test_async_base.TestAsyncCapableEdgeCases" name="test_abstract_analyzer_cannot_instantiate" time="0.000" /><testcase classname="tests.unit.domain.preprocessing.test_nan_policy.TestSanitizeData" name="test_sanitize_all_nan_channel" time="0.001" /><testcase classname="tests.unit.infra.serialization.test_contract" name="test_register_requires_to_dict" time="0.001" /><testcase classname="tests.unit.domain.test_exceptions.TestExceptionUsage" name="test_exception_chaining" time="0.001" /><testcase classname="tests.unit.domain.preprocessing.test_window_tail" name="test_data_shorter_than_window" time="0.000" /><testcase classname="tests.unit.application.test_async_base.TestAsyncCapableEdgeCases" name="test_concurrent_async_executions" time="0.002" /><testcase classname="tests.unit.domain.preprocessing.test_nan_policy.TestSanitizeData" name="test_sanitize_preserves_device" time="0.162" /><testcase classname="tests.unit.domain.test_exceptions.TestExceptionUsage" name="test_exception_with_details" time="0.001" /><testcase classname="tests.unit.infra.serialization.test_contract" name="test_register_requires_from_dict" time="0.001" /><testcase classname="tests.unit.domain.preprocessing.test_window_tail" name="test_data_exactly_window_size" time="0.001" /><testcase classname="tests.unit.domain.sleep.test_enhanced_analyzer.TestEnhancedSleepAnalyzer" name="test_preprocess_for_staging" time="0.080" /><testcase classname="tests.unit.domain.test_exceptions.TestExceptionUsage" name="test_catching_hierarchy" time="0.001" /><testcase classname="tests.unit.application.test_async_base.TestAsyncCapableEdgeCases" name="test_exception_propagation_sync" time="0.001" /><testcase classname="tests.unit.domain.preprocessing.test_window_tail" name="test_window_extraction_preserves_dtype" time="0.001" /><testcase classname="tests.unit.infra.ml_models.test_compat_coverage.TestCompatibilityFunctions" name="test_extract_features_from_raw" time="0.016" /><testcase classname="tests.unit.infra.serialization.test_contract" name="test_register_requires_dataclass" time="0.001" /><testcase classname="tests.unit.domain.test_exceptions.TestExceptionUsage" name="test_specific_catch" time="0.002" /><testcase classname="tests.unit.application.test_async_base.TestAsyncCapableEdgeCases" name="test_exception_propagation_async" time="0.002" /><testcase classname="tests.unit.utils.test_time.TestTimeUtils" name="test_utc_now_returns_aware_datetime" time="0.001" /><testcase classname="tests.unit.infra.serialization.test_contract" name="test_roundtrip_basic" time="0.001" /><testcase classname="tests.unit.cli.test_cli.TestCLI" name="test_version_command" time="0.122" /><testcase classname="tests.unit.utils.test_time.TestTimeUtils" name="test_utc_now_is_current_time" time="0.000" /><testcase classname="tests.unit.infra.serialization.test_contract" name="test_roundtrip_with_defaults" time="0.001" /><testcase classname="tests.unit.infra.external.test_yasa_adapter.TestYASAConfig" name="test_default_config" time="0.003" /><testcase classname="tests.unit.utils.test_time.TestTimeUtils" name="test_format_timestamp_default" time="0.001" /><testcase classname="tests.unit.infra.redis.test_pool.TestCircuitBreaker" name="test_call_with_success" time="0.001" /><testcase classname="tests.unit.infra.serialization.test_contract" name="test_unknown_type_passthrough" time="0.001" /><testcase classname="tests.unit.utils.test_time.TestTimeUtils" name="test_format_timestamp_with_datetime" time="0.001" /><testcase classname="tests.unit.infra.external.test_yasa_adapter.TestYASAConfig" name="test_custom_config" time="0.001" /><testcase classname="tests.unit.infra.redis.test_pool.TestRedisConnectionPool" name="test_pool_initialization" time="0.003" /><testcase classname="tests.unit.utils.test_time.TestTimeUtils" name="test_format_timestamp_none_uses_current" time="0.001" /><testcase classname="tests.unit.infra.serialization.test_contract" name="test_malformed_dataclass_json" time="0.001" /><testcase classname="tests.unit.infra.ml_models.test_compat_coverage.TestCompatibilityFunctions" name="test_extract_features_from_raw_with_existing_model" time="0.017" /><testcase classname="tests.unit.infra.external.test_yasa_adapter.TestYASASleepStager" name="test_initialization" time="0.638" /><testcase classname="tests.unit.infra.redis.test_pool.TestRedisConnectionPool" name="test_get_client_context_manager" time="0.001" /><testcase classname="tests.unit.infra.serialization.test_contract" name="test_registry_contains_registered" time="0.001" /><testcase classname="tests.unit.utils.test_time.TestTimeUtils" name="test_timestamp_for_logging_format" time="0.009" /><testcase classname="tests.unit.infra.redis.test_pool.TestRedisConnectionPool" name="test_execute_with_retry" time="3.003" /><testcase classname="tests.unit.infra.serialization.test_contract" name="test_serialize_unregistered_with_to_dict" time="0.001" /><testcase classname="tests.unit.utils.test_time.TestTimeUtils" name="test_utc_constant_compatibility" time="0.001" /><testcase classname="tests.unit.domain.quality.test_controller.TestEEGQualityControllerClean" name="test_detect_bad_channels" time="0.077" /><testcase classname="tests.unit.infra.serialization.test_contract" name="test_complex_nested_serialization" time="0.001" /><testcase classname="tests.unit.utils.test_time.TestTimeUtils" name="test_timestamps_are_sortable" time="0.001" /><testcase classname="tests.unit.infra.ml_models.test_compat_coverage.TestStrictModeValidation" name="test_wrong_summary_shape_raises" time="0.002" /><testcase classname="tests.unit.infra.serialization.test_contract" name="test_empty_dataclass" time="0.001" /><testcase classname="tests.unit.utils.test_time.TestTimeUtils" name="test_timestamp_precision" time="0.000" /><testcase classname="tests.unit.infra.serialization.test_contract" name="test_dataclass_with_none_values" time="0.001" /><testcase classname="tests.unit.infra.ml_models.test_compat_coverage.TestStrictModeValidation" name="test_wrong_token_shape_raises" time="0.002" /><testcase classname="tests.unit.utils.test_time.TestTimeUtils" name="test_logging_timestamp_readable" time="0.001" /><testcase classname="tests.unit.infra.serialization.test_contract" name="test_deserialize_non_json_string" time="0.001" /><testcase classname="tests.unit.utils.test_time.TestTimeConsistency" name="test_multiple_calls_increase_monotonically" time="0.001" /><testcase classname="tests.unit.infra.serialization.test_contract" name="test_deserialize_partial_json" time="0.001" /><testcase classname="tests.unit.utils.test_time.TestTimeConsistency" name="test_format_consistency" time="0.002" /><testcase classname="tests.unit.utils.test_time.TestTimeConsistency" name="test_timezone_awareness_preserved" time="0.001" /><testcase classname="tests.unit.infra.preprocessing.test_chunked_autoreject.TestChunkedAutoRejectProcessor" name="test_initialization" time="0.002" /><testcase classname="tests.unit.utils.test_time.TestTimeConsistency" name="test_utc_everywhere" time="0.001" /><testcase classname="tests.unit.api.routers.test_cache.TestCacheRouterClean" name="test_get_cache_stats_disconnected" time="0.006" /><testcase classname="tests.unit.infra.ml_models.test_robust_probe.TestRobustEEGPTLinearProbeClean" name="test_init_creates_probe" time="0.078" /><testcase classname="tests.unit.api.test_cache.TestRedisCacheClean" name="test_init_connects_to_infra_cache" time="0.004" /><testcase classname="tests.unit.infra.preprocessing.test_chunked_autoreject.TestChunkedAutoRejectProcessor" name="test_has_cached_params" time="0.006" /><testcase classname="tests.unit.infra.adapters.test_autoreject.TestWindowEpochAdapter" name="test_window_to_epoch_conversion_basic" time="1.147" /><testcase classname="tests.unit.api.routers.test_cache.TestCacheRouterClean" name="test_get_cache_stats_connection_error" time="0.006" /><testcase classname="tests.unit.api.test_cache.TestRedisCacheClean" name="test_generate_cache_key_creates_deterministic_keys" time="0.002" /><testcase classname="tests.unit.domain.quality.test_controller.TestEEGQualityControllerClean" name="test_preprocess_raw" time="0.010" /><testcase classname="tests.unit.domain.sleep.test_enhanced_analyzer.TestEnhancedSleepAnalyzer" name="test_find_best_channels" time="0.028" /><testcase classname="tests.unit.api.test_cache.TestRedisCacheClean" name="test_set_and_get_with_metadata" time="0.001" /><testcase classname="tests.unit.infra.preprocessing.test_chunked_autoreject.TestChunkedAutoRejectProcessor" name="test_fit_on_subset_basic" time="0.006" /><testcase classname="tests.unit.api.test_cache.TestRedisCacheClean" name="test_get_nonexistent_key_returns_none" time="0.001" /><testcase classname="tests.unit.api.routers.test_cache.TestCacheRouterClean" name="test_get_cache_stats_attribute_error" time="0.007" /><testcase classname="tests.unit.api.test_cache.TestRedisCacheClean" name="test_exists_checks_key_presence" time="0.001" /><testcase classname="tests.unit.infra.preprocessing.test_chunked_autoreject.TestChunkedAutoRejectProcessor" name="test_stratified_sampling" time="0.005" /><testcase classname="tests.unit.domain.quality.test_controller.TestEEGQualityControllerClean" name="test_create_epochs" time="0.041" /><testcase classname="tests.unit.api.test_cache.TestRedisCacheClean" name="test_delete_removes_key" time="0.004" /><testcase classname="tests.unit.api.routers.test_cache.TestCacheRouterClean" name="test_clear_cache_success" time="0.010" /><testcase classname="tests.unit.domain.sleep.test_enhanced_analyzer.TestEnhancedSleepAnalyzer" name="test_fallback_staging" time="0.029" /><testcase classname="tests.unit.infra.preprocessing.test_chunked_autoreject.TestChunkedAutoRejectProcessor" name="test_parameter_extraction" time="0.002" /><testcase classname="tests.unit.api.test_cache.TestRedisCacheClean" name="test_clear_pattern_delegates_correctly" time="0.002" /><testcase classname="tests.unit.api.test_cache.TestRedisCacheClean" name="test_get_stats_returns_cache_statistics" time="0.002" /><testcase classname="tests.unit.infra.preprocessing.test_chunked_autoreject.TestChunkedAutoRejectProcessor" name="test_parameter_saving_loading" time="0.003" /><testcase classname="tests.unit.api.test_cache.TestRedisCacheClean" name="test_health_check_returns_status" time="0.004" /><testcase classname="tests.unit.api.routers.test_cache.TestCacheRouterClean" name="test_clear_cache_unauthorized" time="0.028" /><testcase classname="tests.unit.domain.sleep.test_enhanced_analyzer.TestEnhancedSleepAnalyzer" name="test_compute_fractal_dimension" time="0.015" /><testcase classname="tests.unit.infra.preprocessing.test_chunked_autoreject.TestChunkedAutoRejectProcessor" name="test_create_autoreject_from_params" time="0.002" /><testcase classname="tests.unit.api.test_cache.TestRedisCacheClean" name="test_error_handling_in_get" time="0.001" /><testcase classname="tests.unit.api.test_cache.TestRedisCacheClean" name="test_error_handling_in_set" time="0.001" /><testcase classname="tests.unit.cli.test_cli.TestCLI" name="test_help_command" time="0.100" /><testcase classname="tests.unit.infra.preprocessing.test_chunked_autoreject.TestChunkedAutoRejectProcessor" name="test_transform_raw" time="0.002" /><testcase classname="tests.unit.api.test_cache.TestRedisCacheClean" name="test_error_handling_in_exists" time="0.001" /><testcase classname="tests.unit.domain.abnormal.test_preprocessor.TestEEGPreprocessor" name="test_highpass_filter" time="0.353" /><testcase classname="tests.unit.infra.preprocessing.test_chunked_autoreject.TestChunkedAutoRejectProcessor" name="test_apply_autoreject_with_rejection_stats" time="0.002" /><testcase classname="tests.unit.api.test_routes.TestAPIRoutes" name="test_api_routes_instance_exists" time="0.001" /><testcase classname="tests.unit.api.test_routes.TestAPIRoutes" name="test_api_v1_prefix" time="0.001" /><testcase classname="tests.unit.domain.sleep.test_enhanced_analyzer.TestEnhancedSleepAnalyzer" name="test_compute_permutation_entropy" time="0.009" /><testcase classname="tests.unit.infra.preprocessing.test_chunked_autoreject.TestChunkedAutoRejectProcessor" name="test_error_handling_missing_cache" time="0.003" /><testcase classname="tests.unit.api.test_routes.TestAPIRoutes" name="test_health_endpoints" time="0.002" /><testcase classname="tests.unit.infra.preprocessing.test_chunked_autoreject.TestChunkedAutoRejectProcessor" name="test_error_handling_corrupted_cache" time="0.002" /><testcase classname="tests.unit.api.test_routes.TestAPIRoutes" name="test_job_management_endpoints" time="0.000" /><testcase classname="tests.unit.api.routers.test_cache.TestCacheRouterClean" name="test_clear_cache_disconnected" time="0.008" /><testcase classname="tests.unit.infra.preprocessing.test_chunked_autoreject.TestChunkedAutoRejectProcessor" name="test_parallel_processing_capability" time="0.004" /><testcase classname="tests.unit.domain.quality.test_controller.TestEEGQualityControllerClean" name="test_auto_reject_epochs" time="0.024" /><testcase classname="tests.unit.api.test_routes.TestAPIRoutes" name="test_eeg_analysis_endpoints" time="0.001" /><testcase classname="tests.unit.domain.sleep.test_enhanced_analyzer.TestEnhancedSleepAnalyzer" name="test_single_channel_mode" time="0.001" /><testcase classname="tests.unit.api.test_routes.TestAPIRoutes" name="test_queue_endpoints" time="0.001" /><testcase classname="tests.unit.domain.preprocessing.test_nan_policy.TestSanitizeData" name="test_sanitize_preserves_dtype" time="0.001" /><testcase classname="tests.unit.infra.preprocessing.test_chunked_autoreject.TestChunkedProcessingIntegration" name="test_performance_benchmarks" time="0.001" /><testcase classname="tests.unit.api.test_routes.TestAPIRoutes" name="test_cache_endpoints" time="0.000" /><testcase classname="tests.unit.domain.sleep.test_enhanced_analyzer.TestEnhancedSleepAnalyzer" name="test_smoothing_configuration" time="0.003" /><testcase classname="tests.unit.domain.preprocessing.test_nan_policy.TestEdgeCases" name="test_empty_array" time="0.001" /><testcase classname="tests.unit.infra.adapters.test_autoreject.TestWindowEpochAdapter" name="test_window_to_epoch_overlap_handling" time="0.036" /><testcase classname="tests.unit.api.test_routes.TestAPIRoutes" name="test_documentation_endpoints" time="0.000" /><testcase classname="tests.unit.application.config.test_defaults.TestConfigSimple" name="test_config_project_root" time="0.015" /><testcase classname="tests.unit.api.routers.test_cache.TestCacheRouterClean" name="test_clear_cache_connection_error" time="0.008" /><testcase classname="tests.unit.api.test_routes.TestAPIRoutes" name="test_routes_immutability" time="0.000" /><testcase classname="tests.unit.infra.ml_models.test_robust_probe.TestRobustEEGPTLinearProbeClean" name="test_validate_and_clean_input" time="0.052" /><testcase classname="tests.unit.domain.sleep.test_enhanced_analyzer.TestEnhancedSleepAnalyzer" name="test_calculate_quality_score" time="0.001" /><testcase classname="tests.unit.domain.preprocessing.test_nan_policy.TestEdgeCases" name="test_single_value_arrays" time="0.001" /><testcase classname="tests.unit.api.test_routes.TestAPIRoutes" name="test_job_status_route_formatting" time="0.000" /><testcase classname="tests.unit.domain.quality.test_controller.TestEEGQualityControllerClean" name="test_compute_abnormality_score" time="0.015" /><testcase classname="tests.unit.domain.preprocessing.test_nan_policy.TestEdgeCases" name="test_mixed_positive_negative_inf" time="0.001" /><testcase classname="tests.unit.domain.sleep.test_enhanced_analyzer.TestEnhancedSleepAnalyzer" name="test_score_to_grade" time="0.001" /><testcase classname="tests.unit.api.test_routes.TestAPIRoutes" name="test_all_routes_start_correctly" time="0.001" /><testcase classname="tests.unit.api.test_routes.TestAPIRoutes" name="test_create_new_routes_instance" time="0.001" /><testcase classname="tests.unit.domain.preprocessing.test_nan_policy.TestEdgeCases" name="test_large_arrays" time="0.028" /><testcase classname="tests.unit.api.routers.test_cache.TestCacheRouterClean" name="test_clear_cache_invalid_pattern" time="0.006" /><testcase classname="tests.unit.domain.sleep.test_enhanced_analyzer.TestEnhancedSleepAnalyzer" name="test_generate_clinical_flags" time="0.002" /><testcase classname="tests.unit.infra.ml_models.test_probe_head.TestLinearProbeHead" name="test_default_initialization" time="0.075" /><testcase classname="tests.unit.domain.test_channel_mapper.TestChannelMapper" name="test_maps_old_to_modern_naming" time="0.030" /><testcase classname="tests.unit.application.config.test_defaults.TestConfigSimple" name="test_model_config_window_samples" time="0.001" /><testcase classname="tests.unit.api.routers.test_cache.TestCacheRouterClean" name="test_warmup_cache_not_implemented" time="0.010" /><testcase classname="tests.unit.application.config.test_defaults.TestConfigSimple" name="test_training_config_defaults" time="0.001" /><testcase classname="tests.unit.domain.quality.test_controller.TestEEGQualityControllerClean" name="test_generate_qc_report" time="0.061" /><testcase classname="tests.unit.api.test_app.TestAppFactory" name="test_health_check_endpoint" time="0.049" /><testcase classname="tests.unit.infra.adapters.test_autoreject.TestWindowEpochAdapter" name="test_epochs_to_continuous_reconstruction" time="0.037" /><testcase classname="tests.unit.application.config.test_defaults.TestConfigSimple" name="test_data_config_defaults" time="0.001" /><testcase classname="tests.unit.application.config.test_defaults.TestExceptionsSimple" name="test_brain_go_brrr_error" time="0.001" /><testcase classname="tests.unit.api.routers.test_cache.TestCacheRouterClean" name="test_warmup_cache_disconnected" time="0.007" /><testcase classname="tests.unit.application.config.test_defaults.TestExceptionsSimple" name="test_configuration_error_hierarchy" time="0.002" /><testcase classname="tests.unit.infra.data.test_edf_validator.TestEDFValidator" name="test_validates_file_exists" time="0.000"><skipped type="pytest.skip" message="skipping data-backed tests (set BGB_DATA_ROOT and pass --run-data)">/mnt/c/Users/JJ/Desktop/Clarity-Digital-Twin/brain-go-brrr/tests/unit/infra/data/test_edf_validator.py:15: skipping data-backed tests (set BGB_DATA_ROOT and pass --run-data)</skipped></testcase><testcase classname="tests.unit.api.routers.test_cache.TestCacheRouterClean" name="test_cache_stats_with_no_cache" time="0.007" /><testcase classname="tests.unit.domain.test_channel_mapper.TestChannelMapper" name="test_handles_mixed_case_consistently" time="0.001" /><testcase classname="tests.unit.application.config.test_defaults.TestExceptionsSimple" name="test_model_error_hierarchy" time="0.001" /><testcase classname="tests.unit.domain.test_channel_mapper.TestChannelMapper" name="test_preserves_already_modern_names" time="0.001" /><testcase classname="tests.unit.infra.data.test_edf_validator.TestEDFValidator" name="test_validates_file_extension" time="0.001"><skipped type="pytest.skip" message="skipping data-backed tests (set BGB_DATA_ROOT and pass --run-data)">/mnt/c/Users/JJ/Desktop/Clarity-Digital-Twin/brain-go-brrr/tests/unit/infra/data/test_edf_validator.py:30: skipping data-backed tests (set BGB_DATA_ROOT and pass --run-data)</skipped></testcase><testcase classname="tests.unit.application.config.test_defaults.TestExceptionsSimple" name="test_processing_error_hierarchy" time="0.001" /><testcase classname="tests.unit.infra.ml_models.test_robust_probe.TestRobustEEGPTLinearProbeClean" name="test_robust_normalize" time="0.033" /><testcase classname="tests.unit.domain.test_channel_mapper.TestChannelMapper" name="test_returns_empty_list_for_empty_input" time="0.001" /><testcase classname="tests.unit.api.test_app.TestAppFactory" name="test_readiness_check_endpoint" time="0.028" /><testcase classname="tests.unit.api.routers.test_cache.TestCacheRouterClean" name="test_clear_cache_with_no_cache" time="0.007" /><testcase classname="tests.unit.domain.test_channel_mapper.TestChannelValidator" name="test_validates_minimum_channel_count" time="0.001" /><testcase classname="tests.unit.application.config.test_defaults.TestExceptionsSimple" name="test_edf_load_error_hierarchy" time="0.002" /><testcase classname="tests.unit.infra.data.test_edf_validator.TestEDFValidator" name="test_validates_minimum_duration" time="0.001"><skipped type="pytest.skip" message="skipping data-backed tests (set BGB_DATA_ROOT and pass --run-data)">/mnt/c/Users/JJ/Desktop/Clarity-Digital-Twin/brain-go-brrr/tests/unit/infra/data/test_edf_validator.py:46: skipping data-backed tests (set BGB_DATA_ROOT and pass --run-data)</skipped></testcase><testcase classname="tests.unit.domain.test_channel_mapper.TestChannelValidator" name="test_identifies_missing_required_channels" time="0.001" /><testcase classname="tests.unit.cli.test_cli.TestCLI" name="test_train_command_help" time="0.008" /><testcase classname="tests.unit.infra.adapters.test_autoreject.TestWindowEpochAdapter" name="test_no_overlap_reconstruction" time="0.032" /><testcase classname="tests.unit.domain.test_channel_mapper.TestChannelValidator" name="test_accepts_complete_channel_set" time="0.001" /><testcase classname="tests.unit.application.config.test_defaults.TestTimeUtils" name="test_utc_now" time="0.001" /><testcase classname="tests.unit.api.routers.test_cache.TestCacheRouterClean" name="test_warmup_cache_with_no_cache" time="0.006" /><testcase classname="tests.unit.domain.test_channel_mapper.TestChannelValidator" name="test_handles_extra_channels_gracefully" time="0.001" /><testcase classname="tests.unit.infra.data.test_edf_validator.TestEDFValidator" name="test_validates_sampling_rate" time="0.001"><skipped type="pytest.skip" message="skipping data-backed tests (set BGB_DATA_ROOT and pass --run-data)">/mnt/c/Users/JJ/Desktop/Clarity-Digital-Twin/brain-go-brrr/tests/unit/infra/data/test_edf_validator.py:62: skipping data-backed tests (set BGB_DATA_ROOT and pass --run-data)</skipped></testcase><testcase classname="tests.unit.application.config.test_defaults.TestTimeUtils" name="test_format_timestamp" time="0.001" /><testcase classname="tests.unit.domain.test_channel_mapper.TestChannelValidator" name="test_get_channel_indices_for_standard_channels" time="0.001" /><testcase classname="tests.unit.cli.test_cli.TestCLI" name="test_preprocess_command_help" time="0.009" /><testcase classname="tests.unit.presentation.test_markdown_report.TestMarkdownReportGeneration" name="test_markdown_report_structure" time="3.407" /><testcase classname="tests.unit.domain.test_channel_mapper.TestChannelSelector" name="test_selects_standard_channels_in_order" time="0.001" /><testcase classname="tests.unit.application.config.test_defaults.TestTimeUtils" name="test_timestamp_for_logging" time="0.002" /><testcase classname="tests.unit.infra.data.test_edf_validator.TestEDFValidator" name="test_accepts_standard_sampling_rates" time="0.001"><skipped type="pytest.skip" message="skipping data-backed tests (set BGB_DATA_ROOT and pass --run-data)">/mnt/c/Users/JJ/Desktop/Clarity-Digital-Twin/brain-go-brrr/tests/unit/infra/data/test_edf_validator.py:78: skipping data-backed tests (set BGB_DATA_ROOT and pass --run-data)</skipped></testcase><testcase classname="tests.unit.domain.test_channel_mapper.TestChannelSelector" name="test_returns_empty_for_no_standard_channels" time="0.001" /><testcase classname="tests.unit.domain.test_channel_mapper.TestChannelIntegration" name="test_full_pipeline_old_to_modern_validation" time="0.001" /><testcase classname="tests.unit.api.routers.test_eegpt.TestEEGPTRouterClean" name="test_get_eegpt_model_singleton_pattern" time="0.003" /><testcase classname="tests.unit.domain.quality.test_controller.TestEEGQualityControllerClean" name="test_run_full_qc_pipeline" time="0.048" /><testcase classname="tests.unit.cli.test_cli.TestCLI" name="test_evaluate_command_help" time="0.012" /><testcase classname="tests.unit.infra.data.test_edf_validator.TestEDFValidator" name="test_validates_channel_count" time="0.000"><skipped type="pytest.skip" message="skipping data-backed tests (set BGB_DATA_ROOT and pass --run-data)">/mnt/c/Users/JJ/Desktop/Clarity-Digital-Twin/brain-go-brrr/tests/unit/infra/data/test_edf_validator.py:95: skipping data-backed tests (set BGB_DATA_ROOT and pass --run-data)</skipped></testcase><testcase classname="tests.unit.domain.abnormal.test_enhanced.TestEnhancedAbnormalityDetection" name="test_probe_initialization" time="0.113" /><testcase classname="tests.unit.infra.ml_models.test_probe_head.TestLinearProbeHead" name="test_custom_initialization" time="0.002" /><testcase classname="tests.unit.infra.adapters.test_autoreject.TestWindowEpochAdapter" name="test_edge_case_short_recording" time="0.010" /><testcase classname="tests.unit.infra.ml_models.test_robust_probe.TestRobustEEGPTLinearProbeClean" name="test_forward_pass_shape" time="0.031" /><testcase classname="tests.unit.api.routers.test_eegpt.TestEEGPTRouterClean" name="test_get_probe_caches_probes" time="0.001" /><testcase classname="tests.unit.infra.data.test_edf_validator.TestEDFValidator" name="test_detects_nan_values" time="0.000"><skipped type="pytest.skip" message="skipping data-backed tests (set BGB_DATA_ROOT and pass --run-data)">/mnt/c/Users/JJ/Desktop/Clarity-Digital-Twin/brain-go-brrr/tests/unit/infra/data/test_edf_validator.py:112: skipping data-backed tests (set BGB_DATA_ROOT and pass --run-data)</skipped></testcase><testcase classname="tests.unit.infra.ml_models.test_probe_head.TestLinearProbeHead" name="test_dropout_behavior_in_training" time="0.051" /><testcase classname="tests.unit.infra.data.test_edf_validator.TestEDFValidator" name="test_detects_infinite_values" time="0.001"><skipped type="pytest.skip" message="skipping data-backed tests (set BGB_DATA_ROOT and pass --run-data)">/mnt/c/Users/JJ/Desktop/Clarity-Digital-Twin/brain-go-brrr/tests/unit/infra/data/test_edf_validator.py:128: skipping data-backed tests (set BGB_DATA_ROOT and pass --run-data)</skipped></testcase><testcase classname="tests.unit.api.test_app.TestAppFactory" name="test_cors_headers" time="0.042" /><testcase classname="tests.unit.cli.test_cli.TestCLI" name="test_serve_command_help" time="0.007" /><testcase classname="tests.unit.infra.data.test_edf_validator.TestEDFValidator" name="test_warns_on_extreme_amplitudes" time="0.000"><skipped type="pytest.skip" message="skipping data-backed tests (set BGB_DATA_ROOT and pass --run-data)">/mnt/c/Users/JJ/Desktop/Clarity-Digital-Twin/brain-go-brrr/tests/unit/infra/data/test_edf_validator.py:144: skipping data-backed tests (set BGB_DATA_ROOT and pass --run-data)</skipped></testcase><testcase classname="tests.unit.cli.test_cli.TestCLI" name="test_stream_command_help" time="0.010" /><testcase classname="tests.unit.infra.adapters.test_autoreject.TestWindowEpochAdapter" name="test_memory_efficiency" time="0.016" /><testcase classname="tests.unit.infra.data.test_edf_validator.TestEDFValidator" name="test_detects_flat_channels" time="0.000"><skipped type="pytest.skip" message="skipping data-backed tests (set BGB_DATA_ROOT and pass --run-data)">/mnt/c/Users/JJ/Desktop/Clarity-Digital-Twin/brain-go-brrr/tests/unit/infra/data/test_edf_validator.py:161: skipping data-backed tests (set BGB_DATA_ROOT and pass --run-data)</skipped></testcase><testcase classname="tests.unit.infra.adapters.test_autoreject.TestSyntheticPositionGenerator" name="test_standard_channel_positions" time="0.007" /><testcase classname="tests.unit.infra.ml_models.test_robust_probe.TestRobustEEGPTLinearProbeClean" name="test_predict_proba" time="0.031" /><testcase classname="tests.unit.cli.test_cli.TestCLI" name="test_train_command_without_args" time="0.018" /><testcase classname="tests.unit.infra.data.test_edf_validator.TestEDFValidator" name="test_validates_complete_valid_file" time="0.000"><skipped type="pytest.skip" message="skipping data-backed tests (set BGB_DATA_ROOT and pass --run-data)">/mnt/c/Users/JJ/Desktop/Clarity-Digital-Twin/brain-go-brrr/tests/unit/infra/data/test_edf_validator.py:180: skipping data-backed tests (set BGB_DATA_ROOT and pass --run-data)</skipped></testcase><testcase classname="tests.unit.infra.ml_models.test_robust_probe.TestRobustEEGPTLinearProbeClean" name="test_get_num_trainable_params" time="0.002" /><testcase classname="tests.unit.infra.adapters.test_autoreject.TestSyntheticPositionGenerator" name="test_old_new_channel_mapping" time="0.001" /><testcase classname="tests.unit.infra.data.test_edf_validator.TestValidationResult" name="test_result_contains_all_fields" time="0.000"><skipped type="pytest.skip" message="skipping data-backed tests (set BGB_DATA_ROOT and pass --run-data)">/mnt/c/Users/JJ/Desktop/Clarity-Digital-Twin/brain-go-brrr/tests/unit/infra/data/test_edf_validator.py:207: skipping data-backed tests (set BGB_DATA_ROOT and pass --run-data)</skipped></testcase><testcase classname="tests.unit.infra.adapters.test_autoreject.TestSyntheticPositionGenerator" name="test_add_positions_to_tuab_raw" time="0.082" /><testcase classname="tests.unit.domain.quality.test_controller.TestEEGQualityControllerClean" name="test_generate_qc_report_with_bad_data" time="0.061" /><testcase classname="tests.unit.infra.ml_models.test_robust_probe.TestRobustEEGPTLinearProbeClean" name="test_save_and_load_probe" time="0.132" /><testcase classname="tests.unit.domain.sleep.test_montage_detection.TestSleepEDFMontageDetection" name="test_accepts_fpz_cz_montage" time="0.000"><skipped type="pytest.skip" message="skipping data-backed tests (set BGB_DATA_ROOT and pass --run-data)">/mnt/c/Users/JJ/Desktop/Clarity-Digital-Twin/brain-go-brrr/tests/unit/domain/sleep/test_montage_detection.py:49: skipping data-backed tests (set BGB_DATA_ROOT and pass --run-data)</skipped></testcase><testcase classname="tests.unit.api.test_app.TestAppFactory" name="test_docs_endpoint" time="0.060" /><testcase classname="tests.unit.cli.test_cli.TestCLI" name="test_train_command_with_debug" time="0.017" /><testcase classname="tests.unit.infra.ml_models.test_probe_head.TestLinearProbeHead" name="test_no_dropout_in_eval_mode" time="0.001" /><testcase classname="tests.unit.domain.sleep.test_montage_detection.TestSleepEDFMontageDetection" name="test_accepts_pz_oz_montage" time="0.000"><skipped type="pytest.skip" message="skipping data-backed tests (set BGB_DATA_ROOT and pass --run-data)">/mnt/c/Users/JJ/Desktop/Clarity-Digital-Twin/brain-go-brrr/tests/unit/domain/sleep/test_montage_detection.py:65: skipping data-backed tests (set BGB_DATA_ROOT and pass --run-data)</skipped></testcase><testcase classname="tests.unit.infra.ml_models.test_probe_head.TestLinearProbeHead" name="test_gradient_flow" time="0.024" /><testcase classname="tests.unit.domain.sleep.test_montage_detection.TestSleepEDFMontageDetection" name="test_prefers_fpz_cz_over_pz_oz" time="0.000"><skipped type="pytest.skip" message="skipping data-backed tests (set BGB_DATA_ROOT and pass --run-data)">/mnt/c/Users/JJ/Desktop/Clarity-Digital-Twin/brain-go-brrr/tests/unit/domain/sleep/test_montage_detection.py:79: skipping data-backed tests (set BGB_DATA_ROOT and pass --run-data)</skipped></testcase><testcase classname="tests.unit.cli.test_cli.TestCLI" name="test_preprocess_command_with_args" time="0.005" /><testcase classname="tests.unit.domain.sleep.test_montage_detection.TestSleepEDFMontageDetection" name="test_accepts_standard_10_20_channels" time="0.000"><skipped type="pytest.skip" message="skipping data-backed tests (set BGB_DATA_ROOT and pass --run-data)">/mnt/c/Users/JJ/Desktop/Clarity-Digital-Twin/brain-go-brrr/tests/unit/domain/sleep/test_montage_detection.py:98: skipping data-backed tests (set BGB_DATA_ROOT and pass --run-data)</skipped></testcase><testcase classname="tests.unit.cli.test_cli.TestCLI" name="test_evaluate_command_with_args" time="0.012" /><testcase classname="tests.unit.domain.abnormal.test_preprocessor.TestEEGPreprocessor" name="test_lowpass_filter" time="0.108" /><testcase classname="tests.unit.domain.sleep.test_montage_detection.TestSleepEDFMontageDetection" name="test_rejects_unsupported_montage" time="0.000"><skipped type="pytest.skip" message="skipping data-backed tests (set BGB_DATA_ROOT and pass --run-data)">/mnt/c/Users/JJ/Desktop/Clarity-Digital-Twin/brain-go-brrr/tests/unit/domain/sleep/test_montage_detection.py:109: skipping data-backed tests (set BGB_DATA_ROOT and pass --run-data)</skipped></testcase><testcase classname="tests.unit.domain.sleep.test_montage_detection.TestSleepEDFMontageDetection" name="test_channel_name_normalization" time="0.000"><skipped type="pytest.skip" message="skipping data-backed tests (set BGB_DATA_ROOT and pass --run-data)">/mnt/c/Users/JJ/Desktop/Clarity-Digital-Twin/brain-go-brrr/tests/unit/domain/sleep/test_montage_detection.py:121: skipping data-backed tests (set BGB_DATA_ROOT and pass --run-data)</skipped></testcase><testcase classname="tests.unit.infra.ml_models.test_probe_head.TestLinearProbeHead" name="test_various_dimensions[128-2]" time="0.005" /><testcase classname="tests.unit.domain.quality.test_controller.TestEEGQualityControllerClean" name="test_cleanup" time="0.001" /><testcase classname="tests.unit.infra.ml_models.test_probe_head.TestLinearProbeHead" name="test_various_dimensions[256-5]" time="0.001" /><testcase classname="tests.unit.api.test_app.TestAppFactory" name="test_openapi_json" time="0.124" /><testcase classname="tests.unit.cli.test_cli.TestCLI" name="test_serve_command_without_args" time="0.005" /><testcase classname="tests.unit.domain.sleep.test_montage_detection.TestSleepEDFMontageDetection" name="test_handles_missing_eog_emg_channels" time="0.000"><skipped type="pytest.skip" message="skipping data-backed tests (set BGB_DATA_ROOT and pass --run-data)">/mnt/c/Users/JJ/Desktop/Clarity-Digital-Twin/brain-go-brrr/tests/unit/domain/sleep/test_montage_detection.py:133: skipping data-backed tests (set BGB_DATA_ROOT and pass --run-data)</skipped></testcase><testcase classname="tests.unit.infra.ml_models.test_probe_head.TestLinearProbeHead" name="test_various_dimensions[512-10]" time="0.001" /><testcase classname="tests.unit.domain.sleep.test_montage_detection.TestSleepEDFMontageDetection" name="test_integration_with_real_sleep_edf_structure" time="0.000"><skipped type="pytest.skip" message="skipping data-backed tests (set BGB_DATA_ROOT and pass --run-data)">/mnt/c/Users/JJ/Desktop/Clarity-Digital-Twin/brain-go-brrr/tests/unit/domain/sleep/test_montage_detection.py:144: skipping data-backed tests (set BGB_DATA_ROOT and pass --run-data)</skipped></testcase><testcase classname="tests.unit.cli.test_cli.TestCLI" name="test_version_command_shows_version" time="0.003" /><testcase classname="tests.unit.infra.ml_models.test_probe_head.TestLinearProbeHead" name="test_various_dimensions[1024-2]" time="0.001" /><testcase classname="tests.unit.domain.abnormal.test_enhanced.TestEnhancedAbnormalityDetection" name="test_hparams_typing" time="0.001" /><testcase classname="tests.unit.domain.quality.test_controller.TestEEGQualityControllerClean" name="test_detect_bad_channels_with_method" time="0.052" /><testcase classname="tests.unit.infra.serialization.test_registry.TestSerializationRegistry" name="test_register_valid_dataclass" time="0.001" /><testcase classname="tests.unit.domain.sleep.test_montage_detection.TestMontageDetectionEdgeCases" name="test_empty_channel_list" time="0.021" /><testcase classname="tests.unit.infra.ml_models.test_probe_head.TestLinearProbeHead" name="test_various_dimensions[2048-3]" time="0.001" /><testcase classname="tests.unit.domain.abnormal.test_enhanced.TestEnhancedAbnormalityDetection" name="test_freeze_backbone_setting" time="0.003" /><testcase classname="tests.unit.infra.serialization.test_registry.TestSerializationRegistry" name="test_register_invalid_dataclass" time="0.001" /><testcase classname="tests.unit.infra.ml_models.test_probe_head.TestLinearProbeHead" name="test_dimension_mismatch_error" time="0.002" /><testcase classname="tests.unit.domain.abnormal.test_enhanced.TestEnhancedAbnormalityDetection" name="test_forward_pass" time="0.002" /><testcase classname="tests.unit.infra.serialization.test_registry.TestSerializationRegistry" name="test_register_dataclass_without_methods" time="0.001" /><testcase classname="tests.unit.infra.ml_models.test_probe_head.TestLinearProbeHead" name="test_gpu_compatibility" time="0.211" /><testcase classname="tests.unit.infra.adapters.test_autoreject.TestSyntheticPositionGenerator" name="test_autoreject_compatibility" time="0.003" /><testcase classname="tests.unit.domain.abnormal.test_enhanced.TestEnhancedAbnormalityDetection" name="test_training_step" time="0.003" /><testcase classname="tests.unit.infra.serialization.test_registry.TestSerializationRegistry" name="test_round_trip_serialization_single_class" time="0.001" /><testcase classname="tests.unit.infra.serialization.test_registry.TestSerializationRegistry" name="test_round_trip_multiple_classes" time="0.001" /><testcase classname="tests.unit.infra.adapters.test_autoreject.TestSyntheticPositionGenerator" name="test_fallback_for_unknown_channels" time="0.006" /><testcase classname="tests.unit.domain.abnormal.test_enhanced.TestEnhancedAbnormalityDetection" name="test_validation_step" time="0.004" /><testcase classname="tests.unit.infra.serialization.test_registry.TestSerializationRegistry" name="test_serialize_unregistered_dataclass" time="0.001" /><testcase classname="tests.unit.domain.sleep.test_montage_detection.TestMontageDetectionEdgeCases" name="test_case_sensitivity" time="0.009" /><testcase classname="tests.unit.domain.abnormal.test_enhanced.TestEnhancedAbnormalityDetection" name="test_configure_optimizers" time="0.002" /><testcase classname="tests.unit.infra.serialization.test_registry.TestSerializationRegistry" name="test_deserialize_unregistered_class_passthrough" time="0.001" /><testcase classname="tests.unit.infra.adapters.test_autoreject.TestSyntheticPositionGenerator" name="test_position_consistency" time="0.004" /><testcase classname="tests.unit.domain.abnormal.test_enhanced.TestEnhancedAbnormalityDetection" name="test_scheduler_types" time="0.004" /><testcase classname="tests.unit.infra.serialization.test_registry.TestSerializationRegistry" name="test_serialize_regular_types" time="0.003" /><testcase classname="tests.unit.domain.sleep.test_montage_detection.TestMontageDetectionEdgeCases" name="test_picks_parameter_override" time="0.003" /><testcase classname="tests.unit.infra.adapters.test_autoreject.TestAutoRejectIntegration" name="test_full_pipeline_with_parameters[10.0-5.0]" time="0.017" /><testcase classname="tests.unit.domain.abnormal.test_enhanced.TestEnhancedAbnormalityDetection" name="test_layer_decay_configuration" time="0.001" /><testcase classname="tests.unit.api.test_legitimate_api.TestAPISchemas" name="test_analysis_request_validation" time="0.001" /><testcase classname="tests.unit.infra.serialization.test_registry.TestSerializationRegistry" name="test_deserialize_invalid_json" time="0.001" /><testcase classname="tests.unit.api.test_legitimate_api.TestAPISchemas" name="test_qc_response_schema" time="0.001" /><testcase classname="tests.unit.domain.abnormal.test_enhanced.TestEnhancedAbnormalityDetection" name="test_warmup_configuration" time="0.002" /><testcase classname="tests.unit.infra.serialization.test_registry.TestSerializationRegistry" name="test_registry_isolation" time="0.002" /><testcase classname="tests.unit.api.test_legitimate_api.TestAPISchemas" name="test_sleep_analysis_response" time="0.001" /><testcase classname="tests.unit.domain.quality.test_controller.TestEEGQualityControllerClean" name="test_preprocess_with_filtering" time="0.010" /><testcase classname="tests.unit.domain.abnormal.test_enhanced.TestEnhancedAbnormalityDetection" name="test_metrics_computation" time="0.029" /><testcase classname="tests.unit.infra.serialization.test_registry.TestSerializationRegistry" name="test_complex_nested_data" time="0.001" /><testcase classname="tests.unit.api.test_legitimate_api.TestAPIDependencies" name="test_get_cache" time="0.001" /><testcase classname="tests.unit.domain.preprocessing.test_flexible.TestFlexibleEEGPreprocessor" name="test_preprocessor_initialization" time="0.001" /><testcase classname="tests.unit.infra.adapters.test_autoreject.TestAutoRejectIntegration" name="test_full_pipeline_with_parameters[10.0-10.0]" time="0.017" /><testcase classname="tests.unit.api.test_legitimate_api.TestAPIDependencies" name="test_get_job_store" time="0.001" /><testcase classname="tests.unit.api.routers.test_eegpt.TestEEGPTRouterClean" name="test_analyze_with_probe_abnormality" time="0.408" /><testcase classname="tests.unit.api.test_legitimate_api.TestAPIModels" name="test_job_model" time="0.001" /><testcase classname="tests.unit.api.test_legitimate_api.TestAPICache" name="test_redis_cache_import" time="0.001" /><testcase classname="tests.unit.api.test_legitimate_api.TestAPISettings" name="test_settings_import" time="0.001" /><testcase classname="tests.unit.api.test_legitimate_api.TestAPIExceptionHandlers" name="test_http_exception_creation" time="0.014" /><testcase classname="tests.unit.domain.quality.test_controller.TestEEGQualityControllerClean" name="test_create_epochs_with_duration" time="0.036" /><testcase classname="tests.unit.infra.adapters.test_autoreject.TestAutoRejectIntegration" name="test_full_pipeline_with_parameters[8.0-4.0]" time="0.010" /><testcase classname="tests.unit.domain.abnormal.test_preprocessor.TestEEGPreprocessor" name="test_notch_filter" time="0.097" /><testcase classname="tests.unit.infra.ml_models.test_robust_probe.TestRobustEEGPTLinearProbeClean" name="test_forward_with_nan_input" time="0.032" /><testcase classname="tests.unit.domain.preprocessing.test_core.TestBandpassFilter" name="test_bandpass_respects_nyquist" time="0.008" /><testcase classname="tests.unit.domain.preprocessing.test_window_extractor.TestWindowExtractor" name="test_extracts_correct_window_size" time="0.002" /><testcase classname="tests.unit.api.test_legitimate_api.TestAPIExceptionHandlers" name="test_validation_error_handling" time="0.001" /><testcase classname="tests.unit.infra.ml_models.test_robust_probe.TestRobustEEGPTLinearProbeClean" name="test_freeze_backbone_parameters" time="0.003" /><testcase classname="tests.unit.domain.preprocessing.test_window_extractor.TestWindowExtractor" name="test_calculates_correct_number_of_windows" time="0.006" /><testcase classname="tests.unit.infra.ml_models.test_compat_strict.TestStrictShapeContracts" name="test_unexpected_shape_raises_without_coerce" time="0.021" /><testcase classname="tests.unit.domain.preprocessing.test_core.TestBandpassFilter" name="test_bandpass_invalid_frequencies" time="0.008" /><testcase classname="tests.unit.domain.quality.test_controller.TestEEGQualityControllerClean" name="test_auto_reject_with_threshold" time="0.016" /><testcase classname="tests.unit.infra.ml_models.test_pipeline.TestEEGPTWindowExtraction" name="test_extract_windows_basic" time="0.544" /><testcase classname="tests.unit.domain.preprocessing.test_window_extractor.TestWindowExtractor" name="test_handles_50_percent_overlap" time="0.001" /><testcase classname="tests.unit.domain.preprocessing.test_core.TestNormalizer" name="test_zscore_normalization" time="0.001" /><testcase classname="tests.unit.domain.preprocessing.test_window_extractor.TestWindowExtractor" name="test_returns_empty_for_insufficient_data" time="0.001" /><testcase classname="tests.unit.api.test_app.TestAppFactory" name="test_404_for_unknown_endpoint" time="0.052" /><testcase classname="tests.unit.domain.preprocessing.test_window_extractor.TestWindowExtractor" name="test_preserves_channel_order" time="0.001" /><testcase classname="tests.unit.domain.preprocessing.test_core.TestNormalizer" name="test_minmax_normalization" time="0.003" /><testcase classname="tests.unit.infra.ml_models.test_compat_strict.TestStrictShapeContracts" name="test_packed_tokens_raises_without_coerce" time="0.002" /><testcase classname="tests.unit.domain.preprocessing.test_window_extractor.TestWindowExtractor" name="test_handles_different_sampling_rates" time="0.007" /><testcase classname="tests.unit.domain.quality.test_controller.TestEEGQualityControllerClean" name="test_compute_abnormality_with_model" time="0.021" /><testcase classname="tests.unit.domain.preprocessing.test_core.TestResampler" name="test_resample_preserves_duration" time="0.001" /><testcase classname="tests.unit.infra.ml_models.test_compat_strict.TestStrictShapeContracts" name="test_summary_true_returns_batch_512" time="0.002" /><testcase classname="tests.unit.infra.ml_models.test_robust_probe.TestRobustEEGPTLinearProbeClean" name="test_multi_class_classification" time="0.034" /><testcase classname="tests.unit.domain.preprocessing.test_core.TestResampler" name="test_no_resample_when_same_freq" time="0.001" /><testcase classname="tests.unit.domain.preprocessing.test_window_extractor.TestWindowExtractor" name="test_get_window_timestamps" time="0.005" /><testcase classname="tests.unit.infra.ml_models.test_compat_strict.TestStrictShapeContracts" name="test_summary_false_returns_batch_4_512" time="0.005" /><testcase classname="tests.unit.domain.preprocessing.test_core.TestNotchFilter" name="test_notch_filter_50hz" time="0.002" /><testcase classname="tests.unit.domain.preprocessing.test_window_extractor.TestWindowValidator" name="test_validates_window_shape" time="0.001" /><testcase classname="tests.unit.domain.preprocessing.test_core.TestNotchFilter" name="test_notch_filter_harmonics" time="0.001" /><testcase classname="tests.unit.infra.ml_models.test_compat_strict.TestStrictShapeContracts" name="test_tiling_summary_raises_without_coerce" time="0.002" /><testcase classname="tests.unit.domain.preprocessing.test_window_extractor.TestWindowValidator" name="test_detects_corrupted_windows" time="0.002" /><testcase classname="tests.unit.domain.preprocessing.test_core.TestPreprocessingPipeline" name="test_pipeline_execution_order" time="0.003" /><testcase classn
[...]
lassname="tests.unit.infra.ml_models.test_pipeline.TestEEGPTConfig" name="test_config_validation" time="0.001" /><testcase classname="tests.smoke.test_end_to_end_wiring" name="test_abnormality_detector_end_to_end_wiring" time="1.765" /><testcase classname="tests.unit.infra.redis.test_pool.TestRedisConnectionPool" name="test_execute_max_retries_exceeded" time="1.002" /><testcase classname="tests.unit.infra.external.test_yasa_smoothing.TestYASASmoothing" name="test_smoothing_with_confidence_scores" time="0.476" /><testcase classname="tests.unit.presentation.test_pdf_report.TestPDFReportGeneration" name="test_pdf_contains_warning_banner" time="1.846" /><testcase classname="tests.unit.presentation.test_markdown_report.TestMarkdownReportGeneration" name="test_markdown_contains_warning_section" time="0.001" /><testcase classname="tests.unit.presentation.test_markdown_report.TestMarkdownReportGeneration" name="test_markdown_summary_statistics" time="0.001" /><testcase classname="tests.unit.presentation.test_markdown_report.TestMarkdownReportGeneration" name="test_markdown_channel_quality_table" time="0.001" /><testcase classname="tests.unit.presentation.test_markdown_report.TestMarkdownReportGeneration" name="test_markdown_artifact_summary" time="0.001" /><testcase classname="tests.unit.presentation.test_markdown_report.TestMarkdownReportGeneration" name="test_markdown_for_normal_eeg" time="0.001" /><testcase classname="tests.unit.presentation.test_markdown_report.TestMarkdownReportGeneration" name="test_markdown_file_save" time="0.004" /><testcase classname="tests.unit.presentation.test_markdown_report.TestMarkdownReportGeneration" name="test_markdown_metadata_section" time="0.001" /><testcase classname="tests.unit.presentation.test_markdown_report.TestMarkdownReportGeneration" name="test_triage_flag_formatting" time="0.001" /><testcase classname="tests.unit.presentation.test_markdown_report.TestMarkdownReportGeneration" name="test_markdown_generation_performance" time="0.001" /><testcase classname="tests.unit.presentation.test_markdown_report.TestMarkdownReportGeneration" name="test_markdown_ascii_electrode_map" time="0.001" /><testcase classname="tests.unit.presentation.test_markdown_report.TestMarkdownReportGeneration" name="test_convert_pdf_results_to_markdown" time="0.002" /><testcase classname="tests.unit.api.routers.test_resources_clean.TestResourcesRouter" name="test_get_memory_resources" time="0.290" /><testcase classname="tests.unit.infra.redis.test_pool.TestRedisConnectionPool" name="test_health_check" time="0.002" /><testcase classname="tests.unit.infra.redis.test_pool.TestRedisConnectionPool" name="test_health_check_failure" time="0.002" /><testcase classname="tests.unit.infra.redis.test_pool.TestRedisConnectionPool" name="test_get_stats" time="0.005" /><testcase classname="tests.unit.infra.redis.test_pool.TestRedisConnectionPool" name="test_reset_circuit_breaker" time="0.004" /><testcase classname="tests.unit.infra.redis.test_pool.TestRedisConnectionPool" name="test_close_pool" time="0.001" /><testcase classname="tests.unit.api.routers.test_resources_clean.TestResourcesRouter" name="test_get_gpu_resources_no_gputil" time="0.005" /><testcase classname="tests.unit.infra.redis.test_pool.TestGlobalPool" name="test_get_redis_pool_singleton" time="0.004" /><testcase classname="tests.unit.infra.redis.test_pool.TestGlobalPool" name="test_close_redis_pool" time="0.002" /><testcase classname="tests.unit.api.routers.test_resources_clean.TestResourcesRouter" name="test_get_gpu_resources_with_gpus" time="0.008" /><testcase classname="tests.unit.api.routers.test_resources_clean.TestResourcesRouter" name="test_get_gpu_resources_error" time="0.004" /><testcase classname="tests.unit.api.routers.test_resources_clean.TestResourcesRouter" name="test_get_gpu_resources_empty_list" time="0.010" /><testcase classname="tests.unit.domain.preprocessing.test_flexible.TestFlexibleEEGPreprocessor" name="test_channel_name_mapping" time="0.008" /><testcase classname="tests.unit.domain.preprocessing.test_flexible.TestFlexibleEEGPreprocessor" name="test_smart_channel_selection" time="0.036" /><testcase classname="tests.unit.domain.preprocessing.test_flexible.TestFlexibleEEGPreprocessor" name="test_fallback_artifact_rejection" time="0.021" /><testcase classname="tests.unit.domain.preprocessing.test_flexible.TestFlexibleEEGPreprocessor" name="test_resampling_handling" time="3.541" /><testcase classname="tests.smoke.test_end_to_end_wiring" name="test_feature_extractor_end_to_end_wiring" time="2.352" /><testcase classname="tests.unit.presentation.test_pdf_report.TestPDFReportGeneration" name="test_electrode_heatmap_generation" time="0.014" /><testcase classname="tests.unit.presentation.test_pdf_report.TestPDFReportGeneration" name="test_artifact_examples_visualization" time="0.181" /><testcase classname="tests.unit.presentation.test_pdf_report.TestPDFReportGeneration" name="test_pdf_report_for_normal_eeg" time="1.330" /><testcase classname="tests.unit.domain.abnormal.test_preprocessor.TestEEGPreprocessor" name="test_preprocessing_handles_different_montages" time="2.541" /><testcase classname="tests.unit.infra.redis.test_caching.TestRedisCaching" name="test_cache_behavior_across_endpoints[/api/v1/eeg/analyze-edf_file-basic]" time="0.020" /><testcase classname="tests.unit.infra.redis.test_caching.TestRedisCaching" name="test_cache_behavior_across_endpoints[/api/v1/eeg/analyze/detailed-edf_file-detailed]" time="1.356" /><testcase classname="tests.unit.presentation.test_pdf_report.TestPDFReportGeneration" name="test_pdf_metadata" time="1.612" /><testcase classname="tests.smoke.test_end_to_end_wiring" name="test_api_to_domain_integration" time="20.411" /><testcase classname="tests.unit.infra.redis.test_caching.TestRedisCaching" name="test_bypass_mode_skips_cache" time="0.017" /><testcase classname="tests.unit.infra.redis.test_caching.TestRedisCaching" name="test_cache_stats_endpoint" time="0.007" /><testcase classname="tests.unit.domain.preprocessing.test_flexible.TestFlexibleEEGPreprocessor" name="test_preprocessing_modes" time="0.001" /><testcase classname="tests.unit.domain.preprocessing.test_flexible.TestFlexibleEEGPreprocessor" name="test_preprocessing_pipeline_order" time="3.196" /><testcase classname="tests.unit.domain.abnormal.test_preprocessor.TestEEGPreprocessor" name="test_preprocessing_performance" time="4.472" /><testcase classname="tests.unit.presentation.test_pdf_report.TestPDFReportGeneration" name="test_pdf_file_size_reasonable" time="1.479" /><testcase classname="tests.unit.presentation.test_pdf_report.TestPDFReportGeneration" name="test_pdf_generation_performance" time="1.415" /><testcase classname="tests.unit.domain.preprocessing.test_flexible.TestFlexibleEEGPreprocessor" name="test_error_handling" time="0.003" /><testcase classname="tests.unit.presentation.test_pdf_report.TestPDFReportGeneration" name="test_pdf_report_includes_summary_stats" time="2.174" /><testcase classname="tests.unit.infra.ml_models.test_contract_fuzzer.TestEEGPTContractFuzzing" name="test_wrong_shapes_always_raise" time="0.051" /><testcase classname="tests.unit.domain.test_ports_cache_contract" name="test_cache_port_contract_requires_methods" time="0.001" /><testcase classname="tests.unit.domain.abnormal.test_preprocessor.TestEEGPreprocessor" name="test_notch_filter_frequencies[50]" time="0.039" /><testcase classname="tests.unit.domain.abnormal.test_preprocessor.TestEEGPreprocessor" name="test_notch_filter_frequencies[60]" time="0.060" /><testcase classname="tests.unit.domain.abnormal.test_preprocessor.TestBioSerenityE1Compliance" name="test_exact_filter_specifications" time="0.014" /><testcase classname="tests.unit.domain.abnormal.test_preprocessor.TestBioSerenityE1Compliance" name="test_window_size_for_128hz" time="0.084" /><testcase classname="tests.unit.presentation.test_pdf_report.TestPDFReportGeneration" name="test_pdf_banner_color_by_flag[URGENT-red]" time="0.005" /><testcase classname="tests.unit.presentation.test_pdf_report.TestPDFReportGeneration" name="test_pdf_banner_color_by_flag[EXPEDITE-orange]" time="0.001" /><testcase classname="tests.unit.presentation.test_pdf_report.TestPDFReportGeneration" name="test_pdf_banner_color_by_flag[ROUTINE-yellow]" time="0.001" /><testcase classname="tests.unit.presentation.test_pdf_report.TestPDFReportGeneration" name="test_pdf_banner_color_by_flag[NORMAL-green]" time="0.001" /><testcase classname="tests.unit.presentation.test_pdf_report.TestPDFReportGeneration" name="test_error_handling_missing_data" time="1.957" /><testcase classname="tests.unit.presentation.test_pdf_report.TestPDFReportGeneration" name="test_artifact_visualization_empty_list" time="0.001" /><testcase classname="tests.unit.presentation.test_pdf_report.TestPDFReportIntegration" name="test_pdf_download_endpoint" time="0.249" /><testcase classname="tests.unit.presentation.test_pdf_report.TestPDFVisualizationHelpers" name="test_coordinate_normalization" time="0.001" /><testcase classname="tests.unit.presentation.test_pdf_report.TestPDFVisualizationHelpers" name="test_severity_to_color_mapping" time="0.001" /><testcase classname="tests.unit.domain.test_channels.TestChannelConstants" name="test_tuev_has_20_channels" time="0.001"><failure message="AssertionError: assert 'FZ' in ['Fp1', 'Fp2', 'F7', 'F3', 'Fz', 'F4', ...]">tests/unit/domain/test_channels.py:31: in test_tuev_has_20_channels
    assert "FZ" in CHANNELS_TUEV_20
E   AssertionError: assert 'FZ' in ['Fp1', 'Fp2', 'F7', 'F3', 'Fz', 'F4', ...]</failure></testcase><testcase classname="tests.unit.domain.test_channels.TestChannelConstants" name="test_channel_order_preserved" time="0.034"><failure message="AssertionError: assert 'Fp1' == 'FP1'&#10;  &#10;  - FP1&#10;  + Fp1">tests/unit/domain/test_channels.py:40: in test_channel_order_preserved
    assert CHANNELS_TUAB_19[0] == "FP1"
E   AssertionError: assert 'Fp1' == 'FP1'
E     
E     - FP1
E     + Fp1</failure></testcase><testcase classname="tests.unit.domain.test_channels.TestChannelConstants" name="test_no_duplicate_channels" time="0.001" /><testcase classname="tests.unit.domain.test_channels.TestChannelConstants" name="test_channel_aliases_map_old_to_new" time="0.000" /><testcase classname="tests.unit.domain.test_channels.TestValidateChannels" name="test_validate_exact_match" time="0.000" /><testcase classname="tests.unit.domain.test_channels.TestValidateChannels" name="test_validate_with_aliasing" time="0.001"><failure message="ValueError: TUAB channel mismatch. Missing: ['Cz', 'Fp1', 'Fp2', 'Oz', 'Pz']. Extra: ['CZ', 'FP1', 'FP2', 'OZ', 'PZ'].">tests/unit/domain/test_channels.py:94: in test_validate_with_aliasing
    validate_channels(channels, CHANNELS_TUAB_19, "TUAB")
src/brain_go_brrr/infra/data/channels.py:127: in validate_channels
    raise ValueError(msg)
E   ValueError: TUAB channel mismatch. Missing: ['Cz', 'Fp1', 'Fp2', 'Oz', 'Pz']. Extra: ['CZ', 'FP1', 'FP2', 'OZ', 'PZ'].</failure></testcase><testcase classname="tests.unit.domain.test_channels.TestValidateChannels" name="test_validate_wrong_count_raises" time="0.007" /><testcase classname="tests.unit.domain.test_channels.TestValidateChannels" name="test_validate_missing_channel_raises" time="0.004" /><testcase classname="tests.unit.domain.test_channels.TestValidateChannels" name="test_validate_extra_channel_raises" time="0.001" /><testcase classname="tests.unit.domain.test_channels.TestValidateChannels" name="test_validate_both_missing_and_extra" time="0.001" /><testcase classname="tests.unit.domain.test_channels.TestValidateChannels" name="test_validate_case_sensitive" time="0.001" /><testcase classname="tests.unit.domain.test_channels.TestValidateChannels" name="test_validate_eeg_prefix_aliasing" time="0.001" /><testcase classname="tests.unit.domain.test_channels.TestMapChannelsToIndices" name="test_map_identical_channels" time="0.001" /><testcase classname="tests.unit.domain.test_channels.TestMapChannelsToIndices" name="test_map_reordered_channels" time="0.001" /><testcase classname="tests.unit.domain.test_channels.TestMapChannelsToIndices" name="test_map_with_aliasing" time="0.001" /><testcase classname="tests.unit.domain.test_channels.TestMapChannelsToIndices" name="test_map_missing_channel_raises" time="0.001" /><testcase classname="tests.unit.domain.test_channels.TestMapChannelsToIndices" name="test_map_subset_of_source" time="0.001"><failure message="ValueError: Required channel FP1 not found in source">tests/unit/domain/test_channels.py:191: in test_map_subset_of_source
    mapping = map_channels_to_indices(source, target)
              ^^^^^^^^^^^^^^^^^^^^^^^^^^^^^^^^^^^^^^^
src/brain_go_brrr/infra/data/channels.py:154: in map_channels_to_indices
    raise ValueError(f"Required channel {target_ch} not found in source")
E   ValueError: Required channel FP1 not found in source</failure></testcase><testcase classname="tests.unit.domain.test_channels.TestMapChannelsToIndices" name="test_map_preserves_duplicates_in_source" time="0.001" /><testcase classname="tests.unit.domain.test_channels.TestMapChannelsToIndices" name="test_map_empty_channels" time="0.000" /><testcase classname="tests.unit.domain.test_channels.TestMapChannelsToIndices" name="test_map_tuab_to_tuev" time="0.001"><failure message="AssertionError: Regex pattern did not match.&#10; Regex: 'Required channel FZ not found'&#10; Input: 'Required channel Fz not found in source'">tests/unit/domain/test_channels.py:223: in test_map_tuab_to_tuev
    map_channels_to_indices(source, target)
src/brain_go_brrr/infra/data/channels.py:154: in map_channels_to_indices
    raise ValueError(f"Required channel {target_ch} not found in source")
E   ValueError: Required channel Fz not found in source

During handling of the above exception, another exception occurred:
tests/unit/domain/test_channels.py:222: in test_map_tuab_to_tuev
    with pytest.raises(ValueError, match="Required channel FZ not found"):
         ^^^^^^^^^^^^^^^^^^^^^^^^^^^^^^^^^^^^^^^^^^^^^^^^^^^^^^^^^^^^^^^^
E   AssertionError: Regex pattern did not match.
E    Regex: 'Required channel FZ not found'
E    Input: 'Required channel Fz not found in source'</failure></testcase><testcase classname="tests.unit.domain.test_channels.TestChannelCompatibility" name="test_tuab_tuev_difference" time="0.001"><failure message="AssertionError: assert 'FZ' in {'C3', 'C4', 'Cz', 'F3', 'F4', 'F7', ...}">tests/unit/domain/test_channels.py:235: in test_tuab_tuev_difference
    assert "FZ" in tuev_set
E   AssertionError: assert 'FZ' in {'C3', 'C4', 'Cz', 'F3', 'F4', 'F7', ...}</failure></testcase><testcase classname="tests.unit.domain.test_channels.TestChannelCompatibility" name="test_all_channels_uppercase" time="0.001"><failure message="AssertionError: assert 'Fp1' == 'FP1'&#10;  &#10;  - FP1&#10;  + Fp1">tests/unit/domain/test_channels.py:245: in test_all_channels_uppercase
    assert ch == ch.upper()
E   AssertionError: assert 'Fp1' == 'FP1'
E     
E     - FP1
E     + Fp1</failure></testcase><testcase classname="tests.unit.domain.test_channels.TestChannelCompatibility" name="test_realistic_tuab_validation" time="0.002"><failure message="ValueError: TUAB channel mismatch. Missing: ['Cz', 'Fp1', 'Fp2', 'Oz', 'Pz']. Extra: ['CZ', 'FP1', 'FP2', 'OZ', 'PZ'].">tests/unit/domain/test_channels.py:279: in test_realistic_tuab_validation
    validate_channels(cleaned, CHANNELS_TUAB_19, "TUAB")
src/brain_go_brrr/infra/data/channels.py:127: in validate_channels
    raise ValueError(msg)
E   ValueError: TUAB channel mismatch. Missing: ['Cz', 'Fp1', 'Fp2', 'Oz', 'Pz']. Extra: ['CZ', 'FP1', 'FP2', 'OZ', 'PZ'].</failure></testcase><testcase classname="tests.smoke.test_end_to_end_wiring" name="test_api_endpoint_wiring" time="0.793" /><testcase classname="tests.unit.infra.external.test_yasa_compliance.TestYASACompliance" name="test_no_filtering_before_yasa" time="0.005" /><testcase classname="tests.unit.infra.ml_models.test_summary_tokens.TestLinearProbeIntegration" name="test_linear_probe_architecture" time="0.007" /><testcase classname="tests.smoke.test_e2e_pipeline_synthetic" name="test_hierarchical_pipeline_import" time="0.001" /><testcase classname="tests.unit.domain.abnormal.test_accuracy.TestModelBenchmarks" name="test_compare_to_baseline_models" time="0.000" /><testcase classname="tests.unit.infra.ml_models.test_encoder_output" name="test_encoder_raw_output" time="0.518" /><testcase classname="pytest" name="internal" time="0.000"><error message="internal error">Traceback (most recent call last):
  File "/mnt/c/Users/JJ/Desktop/Clarity-Digital-Twin/brain-go-brrr/.venv/lib/python3.12/site-packages/_pytest/main.py", line 289, in wrap_session
    session.exitstatus = doit(config, session) or 0
                         ^^^^^^^^^^^^^^^^^^^^^
  File "/mnt/c/Users/JJ/Desktop/Clarity-Digital-Twin/brain-go-brrr/.venv/lib/python3.12/site-packages/_pytest/main.py", line 343, in _main
    config.hook.pytest_runtestloop(session=session)
  File "/mnt/c/Users/JJ/Desktop/Clarity-Digital-Twin/brain-go-brrr/.venv/lib/python3.12/site-packages/pluggy/_hooks.py", line 512, in __call__
    return self._hookexec(self.name, self._hookimpls.copy(), kwargs, firstresult)
           ^^^^^^^^^^^^^^^^^^^^^^^^^^^^^^^^^^^^^^^^^^^^^^^^^^^^^^^^^^^^^^^^^^^^^^
  File "/mnt/c/Users/JJ/Desktop/Clarity-Digital-Twin/brain-go-brrr/.venv/lib/python3.12/site-packages/pluggy/_manager.py", line 120, in _hookexec
    return self._inner_hookexec(hook_name, methods, kwargs, firstresult)
           ^^^^^^^^^^^^^^^^^^^^^^^^^^^^^^^^^^^^^^^^^^^^^^^^^^^^^^^^^^^^^
  File "/mnt/c/Users/JJ/Desktop/Clarity-Digital-Twin/brain-go-brrr/.venv/lib/python3.12/site-packages/pluggy/_callers.py", line 167, in _multicall
    raise exception
  File "/mnt/c/Users/JJ/Desktop/Clarity-Digital-Twin/brain-go-brrr/.venv/lib/python3.12/site-packages/pluggy/_callers.py", line 139, in _multicall
    teardown.throw(exception)
  File "/mnt/c/Users/JJ/Desktop/Clarity-Digital-Twin/brain-go-brrr/.venv/lib/python3.12/site-packages/_pytest/logging.py", line 801, in pytest_runtestloop
    return (yield)  # Run all the tests.
            ^^^^^
  File "/mnt/c/Users/JJ/Desktop/Clarity-Digital-Twin/brain-go-brrr/.venv/lib/python3.12/site-packages/pluggy/_callers.py", line 139, in _multicall
    teardown.throw(exception)
  File "/mnt/c/Users/JJ/Desktop/Clarity-Digital-Twin/brain-go-brrr/.venv/lib/python3.12/site-packages/_pytest/terminal.py", line 688, in pytest_runtestloop
    result = yield
             ^^^^^
  File "/mnt/c/Users/JJ/Desktop/Clarity-Digital-Twin/brain-go-brrr/.venv/lib/python3.12/site-packages/pluggy/_callers.py", line 152, in _multicall
    teardown.send(result)
  File "/mnt/c/Users/JJ/Desktop/Clarity-Digital-Twin/brain-go-brrr/.venv/lib/python3.12/site-packages/pytest_cov/plugin.py", line 346, in pytest_runtestloop
    self.cov_controller.finish()
  File "/mnt/c/Users/JJ/Desktop/Clarity-Digital-Twin/brain-go-brrr/.venv/lib/python3.12/site-packages/pytest_cov/engine.py", line 57, in ensure_topdir_wrapper
    return meth(self, *args, **kwargs)
           ^^^^^^^^^^^^^^^^^^^^^^^^^^^
  File "/mnt/c/Users/JJ/Desktop/Clarity-Digital-Twin/brain-go-brrr/.venv/lib/python3.12/site-packages/pytest_cov/engine.py", line 421, in finish
    self.cov.combine()
  File "/mnt/c/Users/JJ/Desktop/Clarity-Digital-Twin/brain-go-brrr/.venv/lib/python3.12/site-packages/coverage/control.py", line 864, in combine
    combine_parallel_data(
  File "/mnt/c/Users/JJ/Desktop/Clarity-Digital-Twin/brain-go-brrr/.venv/lib/python3.12/site-packages/coverage/data.py", line 186, in combine_parallel_data
    data.update(new_data, map_path=map_path)
  File "/mnt/c/Users/JJ/Desktop/Clarity-Digital-Twin/brain-go-brrr/.venv/lib/python3.12/site-packages/coverage/sqldata.py", line 668, in update
    raise DataError("Can't combine statement coverage data with branch data")
coverage.exceptions.DataError: Can't combine statement coverage data with branch data</error></testcase></testsuite></testsuites>